

 NAS Parallel Benchmarks 2.3 OpenMP C version - BT Benchmark

 No input file inputbt.data. Using compiled defaults
 Size: 102x102x102
 Iterations: 200   dt:   0.000300
 Time step    1
 Time step   20
 Time step   40
 Time step   60
 Time step   80
 Time step  100
 Time step  120
 Time step  140
 Time step  160
 Time step  180
 Time step  200
 Verification being performed for cclass B
 accuracy setting for epsilon =  1.0000000000000e-08
 Comparison of RMS-norms of residual
 FAILURE:  0 0.0000000000000e+00 1.4233597229287e+03 1.0000000000000e+00
 FAILURE:  1 0.0000000000000e+00 9.9330522590150e+01 1.0000000000000e+00
 FAILURE:  2 0.0000000000000e+00 3.5646025644535e+02 1.0000000000000e+00
 FAILURE:  3 0.0000000000000e+00 3.2485447959084e+02 1.0000000000000e+00
 FAILURE:  4 0.0000000000000e+00 3.2707541254659e+03 1.0000000000000e+00
 Comparison of RMS-norms of solution error
 FAILURE:  0 6.5015685354051e+00 5.2969847140937e+01 8.7725906555655e-01
 FAILURE:  1 2.5827937071844e+00 4.4632896115671e+00 4.2132509158922e-01
 FAILURE:  2 4.1654286732081e+00 1.3122573342210e+01 6.8257531776869e-01
 FAILURE:  3 4.0272460565874e+00 1.2006925323559e+01 6.6458973067106e-01
 FAILURE:  4 9.0840364070050e+00 1.2459576151036e+02 9.2709193076163e-01
 Verification failed


 BT Benchmark Completed
 Class           =                        B
 Size            =              102x102x102
 Iterations      =                      200
 Threads         =                        1
 Time in seconds =                  3032.66
 Mop/s total     =                   231.54
 Operation type  =           floating point
 Verification    =             UNSUCCESSFUL
 Version         =                      2.3
 Compile date    =              23 Feb 2012

 Compile options:
    CC           = gcc
    CLINK        = gcc
    C_LIB        = -lm
    C_INC        = -I../common
    CFLAGS       = -O3 
    CLINKFLAGS   = (none)
    RAND         = (none)
/***********************/ 
/* Input Configuration */ 
/***********************/ 
====> GPU Block Size: 1024 
/**********************/ 
/* Used Optimizations */ 
/**********************/ 
====> MallocPitch Opt is used.
====> MatrixTranspose Opt is used.
====> ParallelLoopSwap Opt is used.
====> LoopCollapse Opt is used.
====> Unrolling-on-reduction Opt is used.
====> Allocate GPU variables as global ones.
====> Optimize globally allocated GPU variables .
====> CPU-GPU Mem Transfer Opt Level: 4
====> Cuda Malloc Opt Level: 1
====> Assume that all loops have non-zero iterations.
====> Cache shared scalar variables onto GPU registers.
====> Cache shared array elements onto GPU registers.
====> Cache private array variables onto GPU shared memory.
====> Cache R/O shared scalar variables onto GPU constant memory.
====> local array reduction variable configuration = 1


 NAS Parallel Benchmarks 2.3 OpenMP C version - BT Benchmark

 No input file inputbt.data. Using compiled defaults
 Size: 102x102x102
 Iterations: 200   dt:   0.000300
 Time step    1
 Time step   20
 Time step   40
 Time step   60
 Time step   80
 Time step  100
 Time step  120
 Time step  140
 Time step  160
 Time step  180
 Time step  200
 Verification being performed for cclass B
 accuracy setting for epsilon =  1.0000000000000e-08
 Comparison of RMS-norms of residual
 FAILURE:  0 0.0000000000000e+00 1.4233597229287e+03 1.0000000000000e+00
 FAILURE:  1 0.0000000000000e+00 9.9330522590150e+01 1.0000000000000e+00
 FAILURE:  2 0.0000000000000e+00 3.5646025644535e+02 1.0000000000000e+00
 FAILURE:  3 0.0000000000000e+00 3.2485447959084e+02 1.0000000000000e+00
 FAILURE:  4 0.0000000000000e+00 3.2707541254659e+03 1.0000000000000e+00
 Comparison of RMS-norms of solution error
 FAILURE:  0 6.5015685667842e+00 5.2969847140937e+01 8.7725906496416e-01
 FAILURE:  1 2.5827937342171e+00 4.4632896115671e+00 4.2132508553253e-01
 FAILURE:  2 4.1654286974224e+00 1.3122573342210e+01 6.8257531592346e-01
 FAILURE:  3 4.0272460837642e+00 1.2006925323559e+01 6.6458972840764e-01
 FAILURE:  4 9.0840364353670e+00 1.2459576151036e+02 9.2709193053400e-01
 Verification failed


 BT Benchmark Completed
 Class           =                        B
 Size            =              102x102x102
 Iterations      =                      200
 Threads         =                        1
 Time in seconds =                  3032.68
 Mop/s total     =                   231.54
 Operation type  =           floating point
 Verification    =             UNSUCCESSFUL
 Version         =                      2.3
 Compile date    =              23 Feb 2012

 Compile options:
    CC           = gcc
    CLINK        = gcc
    C_LIB        = -lm
    C_INC        = -I../common
    CFLAGS       = -O3 
    CLINKFLAGS   = (none)
    RAND         = (none)
/***********************/ 
/* Input Configuration */ 
/***********************/ 
====> GPU Block Size: 1024 
/**********************/ 
/* Used Optimizations */ 
/**********************/ 
====> MallocPitch Opt is used.
====> MatrixTranspose Opt is used.
====> ParallelLoopSwap Opt is used.
====> LoopCollapse Opt is used.
====> Unrolling-on-reduction Opt is used.
====> Allocate GPU variables as global ones.
====> Optimize globally allocated GPU variables .
====> CPU-GPU Mem Transfer Opt Level: 4
====> Cuda Malloc Opt Level: 1
====> Assume that all loops have non-zero iterations.
====> Cache shared scalar variables onto GPU registers.
====> Cache shared array elements onto GPU registers.
====> Cache private array variables onto GPU shared memory.
====> Cache R/O shared scalar variables onto GPU constant memory.
====> local array reduction variable configuration = 1


 NAS Parallel Benchmarks 2.3 OpenMP C version - BT Benchmark

 No input file inputbt.data. Using compiled defaults
 Size: 102x102x102
 Iterations: 200   dt:   0.000300
 Time step    1
 Time step   20
 Time step   40
 Time step   60
 Time step   80
 Time step  100
 Time step  120
 Time step  140
 Time step  160
 Time step  180
 Time step  200
 Verification being performed for cclass B
 accuracy setting for epsilon =  1.0000000000000e-08
 Comparison of RMS-norms of residual
 FAILURE:  0 0.0000000000000e+00 1.4233597229287e+03 1.0000000000000e+00
 FAILURE:  1 0.0000000000000e+00 9.9330522590150e+01 1.0000000000000e+00
 FAILURE:  2 0.0000000000000e+00 3.5646025644535e+02 1.0000000000000e+00
 FAILURE:  3 0.0000000000000e+00 3.2485447959084e+02 1.0000000000000e+00
 FAILURE:  4 0.0000000000000e+00 3.2707541254659e+03 1.0000000000000e+00
 Comparison of RMS-norms of solution error
 FAILURE:  0 6.5015685667842e+00 5.2969847140937e+01 8.7725906496416e-01
 FAILURE:  1 2.5827937342171e+00 4.4632896115671e+00 4.2132508553253e-01
 FAILURE:  2 4.1654286974224e+00 1.3122573342210e+01 6.8257531592346e-01
 FAILURE:  3 4.0272460837642e+00 1.2006925323559e+01 6.6458972840764e-01
 FAILURE:  4 9.0840364353670e+00 1.2459576151036e+02 9.2709193053400e-01
 Verification failed


 BT Benchmark Completed
 Class           =                        B
 Size            =              102x102x102
 Iterations      =                      200
 Threads         =                        1
 Time in seconds =                  3032.67
 Mop/s total     =                   231.54
 Operation type  =           floating point
 Verification    =             UNSUCCESSFUL
 Version         =                      2.3
 Compile date    =              23 Feb 2012

 Compile options:
    CC           = gcc
    CLINK        = gcc
    C_LIB        = -lm
    C_INC        = -I../common
    CFLAGS       = -O3 
    CLINKFLAGS   = (none)
    RAND         = (none)
/***********************/ 
/* Input Configuration */ 
/***********************/ 
====> GPU Block Size: 1024 
/**********************/ 
/* Used Optimizations */ 
/**********************/ 
====> MallocPitch Opt is used.
====> MatrixTranspose Opt is used.
====> ParallelLoopSwap Opt is used.
====> LoopCollapse Opt is used.
====> Unrolling-on-reduction Opt is used.
====> Allocate GPU variables as global ones.
====> Optimize globally allocated GPU variables .
====> CPU-GPU Mem Transfer Opt Level: 4
====> Cuda Malloc Opt Level: 1
====> Assume that all loops have non-zero iterations.
====> Cache shared scalar variables onto GPU registers.
====> Cache shared array elements onto GPU registers.
====> Cache private array variables onto GPU shared memory.
====> Cache R/O shared scalar variables onto GPU constant memory.
====> local array reduction variable configuration = 1


 NAS Parallel Benchmarks 2.3 OpenMP C version - BT Benchmark

 No input file inputbt.data. Using compiled defaults
 Size: 102x102x102
 Iterations: 200   dt:   0.000300
 Time step    1
 Time step   20
 Time step   40
 Time step   60
 Time step   80
 Time step  100
 Time step  120
 Time step  140
 Time step  160
 Time step  180
 Time step  200
 Verification being performed for cclass B
 accuracy setting for epsilon =  1.0000000000000e-08
 Comparison of RMS-norms of residual
 FAILURE:  0 0.0000000000000e+00 1.4233597229287e+03 1.0000000000000e+00
 FAILURE:  1 0.0000000000000e+00 9.9330522590150e+01 1.0000000000000e+00
 FAILURE:  2 0.0000000000000e+00 3.5646025644535e+02 1.0000000000000e+00
 FAILURE:  3 0.0000000000000e+00 3.2485447959084e+02 1.0000000000000e+00
 FAILURE:  4 0.0000000000000e+00 3.2707541254659e+03 1.0000000000000e+00
 Comparison of RMS-norms of solution error
 FAILURE:  0 6.5015685667842e+00 5.2969847140937e+01 8.7725906496416e-01
 FAILURE:  1 2.5827937342171e+00 4.4632896115671e+00 4.2132508553253e-01
 FAILURE:  2 4.1654286974224e+00 1.3122573342210e+01 6.8257531592346e-01
 FAILURE:  3 4.0272460837642e+00 1.2006925323559e+01 6.6458972840764e-01
 FAILURE:  4 9.0840364353670e+00 1.2459576151036e+02 9.2709193053400e-01
 Verification failed


 BT Benchmark Completed
 Class           =                        B
 Size            =              102x102x102
 Iterations      =                      200
 Threads         =                        1
 Time in seconds =                  3032.69
 Mop/s total     =                   231.54
 Operation type  =           floating point
 Verification    =             UNSUCCESSFUL
 Version         =                      2.3
 Compile date    =              23 Feb 2012

 Compile options:
    CC           = gcc
    CLINK        = gcc
    C_LIB        = -lm
    C_INC        = -I../common
    CFLAGS       = -O3 
    CLINKFLAGS   = (none)
    RAND         = (none)
/***********************/ 
/* Input Configuration */ 
/***********************/ 
====> GPU Block Size: 1024 
/**********************/ 
/* Used Optimizations */ 
/**********************/ 
====> MallocPitch Opt is used.
====> MatrixTranspose Opt is used.
====> ParallelLoopSwap Opt is used.
====> LoopCollapse Opt is used.
====> Unrolling-on-reduction Opt is used.
====> Allocate GPU variables as global ones.
====> Optimize globally allocated GPU variables .
====> CPU-GPU Mem Transfer Opt Level: 4
====> Cuda Malloc Opt Level: 1
====> Assume that all loops have non-zero iterations.
====> Cache shared scalar variables onto GPU registers.
====> Cache shared array elements onto GPU registers.
====> Cache private array variables onto GPU shared memory.
====> Cache R/O shared scalar variables onto GPU constant memory.
====> local array reduction variable configuration = 1


 NAS Parallel Benchmarks 2.3 OpenMP C version - BT Benchmark

 No input file inputbt.data. Using compiled defaults
 Size: 102x102x102
 Iterations: 200   dt:   0.000300
 Time step    1
 Time step   20
 Time step   40
 Time step   60
 Time step   80
 Time step  100
 Time step  120
 Time step  140
 Time step  160
 Time step  180
 Time step  200
 Verification being performed for cclass B
 accuracy setting for epsilon =  1.0000000000000e-08
 Comparison of RMS-norms of residual
 FAILURE:  0 0.0000000000000e+00 1.4233597229287e+03 1.0000000000000e+00
 FAILURE:  1 0.0000000000000e+00 9.9330522590150e+01 1.0000000000000e+00
 FAILURE:  2 0.0000000000000e+00 3.5646025644535e+02 1.0000000000000e+00
 FAILURE:  3 0.0000000000000e+00 3.2485447959084e+02 1.0000000000000e+00
 FAILURE:  4 0.0000000000000e+00 3.2707541254659e+03 1.0000000000000e+00
 Comparison of RMS-norms of solution error
 FAILURE:  0 6.5015685667842e+00 5.2969847140937e+01 8.7725906496416e-01
 FAILURE:  1 2.5827937342171e+00 4.4632896115671e+00 4.2132508553253e-01
 FAILURE:  2 4.1654286974224e+00 1.3122573342210e+01 6.8257531592346e-01
 FAILURE:  3 4.0272460837642e+00 1.2006925323559e+01 6.6458972840764e-01
 FAILURE:  4 9.0840364353670e+00 1.2459576151036e+02 9.2709193053400e-01
 Verification failed


 BT Benchmark Completed
 Class           =                        B
 Size            =              102x102x102
 Iterations      =                      200
 Threads         =                        1
 Time in seconds =                  3032.65
 Mop/s total     =                   231.54
 Operation type  =           floating point
 Verification    =             UNSUCCESSFUL
 Version         =                      2.3
 Compile date    =              23 Feb 2012

 Compile options:
    CC           = gcc
    CLINK        = gcc
    C_LIB        = -lm
    C_INC        = -I../common
    CFLAGS       = -O3 
    CLINKFLAGS   = (none)
    RAND         = (none)
/***********************/ 
/* Input Configuration */ 
/***********************/ 
====> GPU Block Size: 1024 
/**********************/ 
/* Used Optimizations */ 
/**********************/ 
====> MallocPitch Opt is used.
====> MatrixTranspose Opt is used.
====> ParallelLoopSwap Opt is used.
====> LoopCollapse Opt is used.
====> Unrolling-on-reduction Opt is used.
====> Allocate GPU variables as global ones.
====> Optimize globally allocated GPU variables .
====> CPU-GPU Mem Transfer Opt Level: 4
====> Cuda Malloc Opt Level: 1
====> Assume that all loops have non-zero iterations.
====> Cache shared scalar variables onto GPU registers.
====> Cache shared array elements onto GPU registers.
====> Cache private array variables onto GPU shared memory.
====> Cache R/O shared scalar variables onto GPU constant memory.
====> local array reduction variable configuration = 1


 NAS Parallel Benchmarks 2.3 OpenMP C version - BT Benchmark

 No input file inputbt.data. Using compiled defaults
 Size: 102x102x102
 Iterations: 200   dt:   0.000300
 Time step    1
 Time step   20
 Time step   40
 Time step   60
 Time step   80
 Time step  100
 Time step  120
 Time step  140
 Time step  160
 Time step  180
 Time step  200
 Verification being performed for cclass B
 accuracy setting for epsilon =  1.0000000000000e-08
 Comparison of RMS-norms of residual
 FAILURE:  0 0.0000000000000e+00 1.4233597229287e+03 1.0000000000000e+00
 FAILURE:  1 0.0000000000000e+00 9.9330522590150e+01 1.0000000000000e+00
 FAILURE:  2 0.0000000000000e+00 3.5646025644535e+02 1.0000000000000e+00
 FAILURE:  3 0.0000000000000e+00 3.2485447959084e+02 1.0000000000000e+00
 FAILURE:  4 0.0000000000000e+00 3.2707541254659e+03 1.0000000000000e+00
 Comparison of RMS-norms of solution error
 FAILURE:  0 6.5015685667842e+00 5.2969847140937e+01 8.7725906496416e-01
 FAILURE:  1 2.5827937342171e+00 4.4632896115671e+00 4.2132508553253e-01
 FAILURE:  2 4.1654286974224e+00 1.3122573342210e+01 6.8257531592346e-01
 FAILURE:  3 4.0272460837642e+00 1.2006925323559e+01 6.6458972840764e-01
 FAILURE:  4 9.0840364353670e+00 1.2459576151036e+02 9.2709193053400e-01
 Verification failed


 BT Benchmark Completed
 Class           =                        B
 Size            =              102x102x102
 Iterations      =                      200
 Threads         =                        1
 Time in seconds =                  3032.67
 Mop/s total     =                   231.54
 Operation type  =           floating point
 Verification    =             UNSUCCESSFUL
 Version         =                      2.3
 Compile date    =              23 Feb 2012

 Compile options:
    CC           = gcc
    CLINK        = gcc
    C_LIB        = -lm
    C_INC        = -I../common
    CFLAGS       = -O3 
    CLINKFLAGS   = (none)
    RAND         = (none)
/***********************/ 
/* Input Configuration */ 
/***********************/ 
====> GPU Block Size: 1024 
/**********************/ 
/* Used Optimizations */ 
/**********************/ 
====> MallocPitch Opt is used.
====> MatrixTranspose Opt is used.
====> ParallelLoopSwap Opt is used.
====> LoopCollapse Opt is used.
====> Unrolling-on-reduction Opt is used.
====> Allocate GPU variables as global ones.
====> Optimize globally allocated GPU variables .
====> CPU-GPU Mem Transfer Opt Level: 4
====> Cuda Malloc Opt Level: 1
====> Assume that all loops have non-zero iterations.
====> Cache shared scalar variables onto GPU registers.
====> Cache shared array elements onto GPU registers.
====> Cache private array variables onto GPU shared memory.
====> Cache R/O shared scalar variables onto GPU constant memory.
====> local array reduction variable configuration = 1


 NAS Parallel Benchmarks 2.3 OpenMP C version - BT Benchmark

 No input file inputbt.data. Using compiled defaults
 Size: 102x102x102
 Iterations: 200   dt:   0.000300
 Time step    1
 Time step   20
 Time step   40
 Time step   60
 Time step   80
 Time step  100
 Time step  120
 Time step  140
 Time step  160
 Time step  180
 Time step  200
 Verification being performed for cclass B
 accuracy setting for epsilon =  1.0000000000000e-08
 Comparison of RMS-norms of residual
 FAILURE:  0 0.0000000000000e+00 1.4233597229287e+03 1.0000000000000e+00
 FAILURE:  1 0.0000000000000e+00 9.9330522590150e+01 1.0000000000000e+00
 FAILURE:  2 0.0000000000000e+00 3.5646025644535e+02 1.0000000000000e+00
 FAILURE:  3 0.0000000000000e+00 3.2485447959084e+02 1.0000000000000e+00
 FAILURE:  4 0.0000000000000e+00 3.2707541254659e+03 1.0000000000000e+00
 Comparison of RMS-norms of solution error
 FAILURE:  0 6.5015685667842e+00 5.2969847140937e+01 8.7725906496416e-01
 FAILURE:  1 2.5827937342171e+00 4.4632896115671e+00 4.2132508553253e-01
 FAILURE:  2 4.1654286974224e+00 1.3122573342210e+01 6.8257531592346e-01
 FAILURE:  3 4.0272460837642e+00 1.2006925323559e+01 6.6458972840764e-01
 FAILURE:  4 9.0840364353670e+00 1.2459576151036e+02 9.2709193053400e-01
 Verification failed


 BT Benchmark Completed
 Class           =                        B
 Size            =              102x102x102
 Iterations      =                      200
 Threads         =                        1
 Time in seconds =                  3032.67
 Mop/s total     =                   231.54
 Operation type  =           floating point
 Verification    =             UNSUCCESSFUL
 Version         =                      2.3
 Compile date    =              23 Feb 2012

 Compile options:
    CC           = gcc
    CLINK        = gcc
    C_LIB        = -lm
    C_INC        = -I../common
    CFLAGS       = -O3 
    CLINKFLAGS   = (none)
    RAND         = (none)
/***********************/ 
/* Input Configuration */ 
/***********************/ 
====> GPU Block Size: 1024 
/**********************/ 
/* Used Optimizations */ 
/**********************/ 
====> MallocPitch Opt is used.
====> MatrixTranspose Opt is used.
====> ParallelLoopSwap Opt is used.
====> LoopCollapse Opt is used.
====> Unrolling-on-reduction Opt is used.
====> Allocate GPU variables as global ones.
====> Optimize globally allocated GPU variables .
====> CPU-GPU Mem Transfer Opt Level: 4
====> Cuda Malloc Opt Level: 1
====> Assume that all loops have non-zero iterations.
====> Cache shared scalar variables onto GPU registers.
====> Cache shared array elements onto GPU registers.
====> Cache private array variables onto GPU shared memory.
====> Cache R/O shared scalar variables onto GPU constant memory.
====> local array reduction variable configuration = 1


 NAS Parallel Benchmarks 2.3 OpenMP C version - BT Benchmark

 No input file inputbt.data. Using compiled defaults
 Size: 102x102x102
 Iterations: 200   dt:   0.000300
 Time step    1
 Time step   20
 Time step   40
 Time step   60
 Time step   80
 Time step  100
 Time step  120
 Time step  140
 Time step  160
 Time step  180
 Time step  200
 Verification being performed for cclass B
 accuracy setting for epsilon =  1.0000000000000e-08
 Comparison of RMS-norms of residual
 FAILURE:  0 0.0000000000000e+00 1.4233597229287e+03 1.0000000000000e+00
 FAILURE:  1 0.0000000000000e+00 9.9330522590150e+01 1.0000000000000e+00
 FAILURE:  2 0.0000000000000e+00 3.5646025644535e+02 1.0000000000000e+00
 FAILURE:  3 0.0000000000000e+00 3.2485447959084e+02 1.0000000000000e+00
 FAILURE:  4 0.0000000000000e+00 3.2707541254659e+03 1.0000000000000e+00
 Comparison of RMS-norms of solution error
 FAILURE:  0 6.5015685667842e+00 5.2969847140937e+01 8.7725906496416e-01
 FAILURE:  1 2.5827937342171e+00 4.4632896115671e+00 4.2132508553253e-01
 FAILURE:  2 4.1654286974224e+00 1.3122573342210e+01 6.8257531592346e-01
 FAILURE:  3 4.0272460837642e+00 1.2006925323559e+01 6.6458972840764e-01
 FAILURE:  4 9.0840364353670e+00 1.2459576151036e+02 9.2709193053400e-01
 Verification failed


 BT Benchmark Completed
 Class           =                        B
 Size            =              102x102x102
 Iterations      =                      200
 Threads         =                        1
 Time in seconds =                  3032.66
 Mop/s total     =                   231.54
 Operation type  =           floating point
 Verification    =             UNSUCCESSFUL
 Version         =                      2.3
 Compile date    =              23 Feb 2012

 Compile options:
    CC           = gcc
    CLINK        = gcc
    C_LIB        = -lm
    C_INC        = -I../common
    CFLAGS       = -O3 
    CLINKFLAGS   = (none)
    RAND         = (none)
/***********************/ 
/* Input Configuration */ 
/***********************/ 
====> GPU Block Size: 1024 
/**********************/ 
/* Used Optimizations */ 
/**********************/ 
====> MallocPitch Opt is used.
====> MatrixTranspose Opt is used.
====> ParallelLoopSwap Opt is used.
====> LoopCollapse Opt is used.
====> Unrolling-on-reduction Opt is used.
====> Allocate GPU variables as global ones.
====> Optimize globally allocated GPU variables .
====> CPU-GPU Mem Transfer Opt Level: 4
====> Cuda Malloc Opt Level: 1
====> Assume that all loops have non-zero iterations.
====> Cache shared scalar variables onto GPU registers.
====> Cache shared array elements onto GPU registers.
====> Cache private array variables onto GPU shared memory.
====> Cache R/O shared scalar variables onto GPU constant memory.
====> local array reduction variable configuration = 1


 NAS Parallel Benchmarks 2.3 OpenMP C version - BT Benchmark

 No input file inputbt.data. Using compiled defaults
 Size: 102x102x102
 Iterations: 200   dt:   0.000300
 Time step    1
 Time step   20
 Time step   40
 Time step   60
 Time step   80
 Time step  100
 Time step  120
 Time step  140
 Time step  160
 Time step  180
 Time step  200
 Verification being performed for cclass B
 accuracy setting for epsilon =  1.0000000000000e-08
 Comparison of RMS-norms of residual
 FAILURE:  0 0.0000000000000e+00 1.4233597229287e+03 1.0000000000000e+00
 FAILURE:  1 0.0000000000000e+00 9.9330522590150e+01 1.0000000000000e+00
 FAILURE:  2 0.0000000000000e+00 3.5646025644535e+02 1.0000000000000e+00
 FAILURE:  3 0.0000000000000e+00 3.2485447959084e+02 1.0000000000000e+00
 FAILURE:  4 0.0000000000000e+00 3.2707541254659e+03 1.0000000000000e+00
 Comparison of RMS-norms of solution error
 FAILURE:  0 6.5015685667842e+00 5.2969847140937e+01 8.7725906496416e-01
 FAILURE:  1 2.5827937342171e+00 4.4632896115671e+00 4.2132508553253e-01
 FAILURE:  2 4.1654286974224e+00 1.3122573342210e+01 6.8257531592346e-01
 FAILURE:  3 4.0272460837642e+00 1.2006925323559e+01 6.6458972840764e-01
 FAILURE:  4 9.0840364353670e+00 1.2459576151036e+02 9.2709193053400e-01
 Verification failed


 BT Benchmark Completed
 Class           =                        B
 Size            =              102x102x102
 Iterations      =                      200
 Threads         =                        1
 Time in seconds =                  3032.68
 Mop/s total     =                   231.54
 Operation type  =           floating point
 Verification    =             UNSUCCESSFUL
 Version         =                      2.3
 Compile date    =              23 Feb 2012

 Compile options:
    CC           = gcc
    CLINK        = gcc
    C_LIB        = -lm
    C_INC        = -I../common
    CFLAGS       = -O3 
    CLINKFLAGS   = (none)
    RAND         = (none)
/***********************/ 
/* Input Configuration */ 
/***********************/ 
====> GPU Block Size: 1024 
/**********************/ 
/* Used Optimizations */ 
/**********************/ 
====> MallocPitch Opt is used.
====> MatrixTranspose Opt is used.
====> ParallelLoopSwap Opt is used.
====> LoopCollapse Opt is used.
====> Unrolling-on-reduction Opt is used.
====> Allocate GPU variables as global ones.
====> Optimize globally allocated GPU variables .
====> CPU-GPU Mem Transfer Opt Level: 4
====> Cuda Malloc Opt Level: 1
====> Assume that all loops have non-zero iterations.
====> Cache shared scalar variables onto GPU registers.
====> Cache shared array elements onto GPU registers.
====> Cache private array variables onto GPU shared memory.
====> Cache R/O shared scalar variables onto GPU constant memory.
====> local array reduction variable configuration = 1


 NAS Parallel Benchmarks 2.3 OpenMP C version - BT Benchmark

 No input file inputbt.data. Using compiled defaults
 Size: 102x102x102
 Iterations: 200   dt:   0.000300
 Time step    1
 Time step   20
 Time step   40
 Time step   60
 Time step   80
 Time step  100
 Time step  120
 Time step  140
 Time step  160
 Time step  180
 Time step  200
 Verification being performed for cclass B
 accuracy setting for epsilon =  1.0000000000000e-08
 Comparison of RMS-norms of residual
 FAILURE:  0 0.0000000000000e+00 1.4233597229287e+03 1.0000000000000e+00
 FAILURE:  1 0.0000000000000e+00 9.9330522590150e+01 1.0000000000000e+00
 FAILURE:  2 0.0000000000000e+00 3.5646025644535e+02 1.0000000000000e+00
 FAILURE:  3 0.0000000000000e+00 3.2485447959084e+02 1.0000000000000e+00
 FAILURE:  4 0.0000000000000e+00 3.2707541254659e+03 1.0000000000000e+00
 Comparison of RMS-norms of solution error
 FAILURE:  0 6.5015685667842e+00 5.2969847140937e+01 8.7725906496416e-01
 FAILURE:  1 2.5827937342171e+00 4.4632896115671e+00 4.2132508553253e-01
 FAILURE:  2 4.1654286974224e+00 1.3122573342210e+01 6.8257531592346e-01
 FAILURE:  3 4.0272460837642e+00 1.2006925323559e+01 6.6458972840764e-01
 FAILURE:  4 9.0840364353670e+00 1.2459576151036e+02 9.2709193053400e-01
 Verification failed


 BT Benchmark Completed
 Class           =                        B
 Size            =              102x102x102
 Iterations      =                      200
 Threads         =                        1
 Time in seconds =                  3032.68
 Mop/s total     =                   231.54
 Operation type  =           floating point
 Verification    =             UNSUCCESSFUL
 Version         =                      2.3
 Compile date    =              23 Feb 2012

 Compile options:
    CC           = gcc
    CLINK        = gcc
    C_LIB        = -lm
    C_INC        = -I../common
    CFLAGS       = -O3 
    CLINKFLAGS   = (none)
    RAND         = (none)
/***********************/ 
/* Input Configuration */ 
/***********************/ 
====> GPU Block Size: 1024 
/**********************/ 
/* Used Optimizations */ 
/**********************/ 
====> MallocPitch Opt is used.
====> MatrixTranspose Opt is used.
====> ParallelLoopSwap Opt is used.
====> LoopCollapse Opt is used.
====> Unrolling-on-reduction Opt is used.
====> Allocate GPU variables as global ones.
====> Optimize globally allocated GPU variables .
====> CPU-GPU Mem Transfer Opt Level: 4
====> Cuda Malloc Opt Level: 1
====> Assume that all loops have non-zero iterations.
====> Cache shared scalar variables onto GPU registers.
====> Cache shared array elements onto GPU registers.
====> Cache private array variables onto GPU shared memory.
====> Cache R/O shared scalar variables onto GPU constant memory.
====> local array reduction variable configuration = 1
