

 NAS Parallel Benchmarks 2.3 OpenMP C version - CG Benchmark
 Size:      75000
 Iterations:    75
NZ=15825000
   iteration           ||r||                 zeta
        1       1.74350796714175e-13 5.9999475157875e+01
        2       6.41202847952736e-16 2.1762784614254e+01
        3       6.48649663301914e-16 2.2287661704322e+01
        4       6.39730255613897e-16 2.2523073818835e+01
        5       6.44374525782481e-16 2.2627539065389e+01
        6       6.53040979461586e-16 2.2674025918954e+01
        7       6.54890081004713e-16 2.2694905682625e+01
        8       6.51053783453457e-16 2.2704402316687e+01
        9       6.57953921617289e-16 2.2708783434562e+01
       10       6.61580556546111e-16 2.2710835139717e+01
       11       6.50149247987836e-16 2.2711810712134e+01
       12       6.52137404535073e-16 2.2712281624097e+01
       13       6.51682459629974e-16 2.2712512266325e+01
       14       6.49880079417214e-16 2.2712626800760e+01
       15       6.54545488011024e-16 2.2712684416182e+01
       16       6.53871485417778e-16 2.2712713746176e+01
       17       6.54080995352611e-16 2.2712728840200e+01
       18       6.58609115617774e-16 2.2712736684830e+01
       19       6.48720424841421e-16 2.2712740798122e+01
       20       6.49359553155779e-16 2.2712742972136e+01
       21       6.56854490967013e-16 2.2712744129403e+01
       22       6.45628730097000e-16 2.2712744749390e+01
       23       6.53990115168237e-16 2.2712745083453e+01
       24       6.57880265851643e-16 2.2712745264388e+01
       25       6.51621162478046e-16 2.2712745362846e+01
       26       6.54056259094522e-16 2.2712745416651e+01
       27       6.45283660732036e-16 2.2712745446169e+01
       28       6.47718104050715e-16 2.2712745462420e+01
       29       6.46129661587739e-16 2.2712745471397e+01
       30       6.57093557860242e-16 2.2712745476370e+01
       31       6.54579095621827e-16 2.2712745479134e+01
       32       6.52901473930128e-16 2.2712745480673e+01
       33       6.48798402132173e-16 2.2712745481532e+01
       34       6.40476654228650e-16 2.2712745482014e+01
       35       6.51853247134015e-16 2.2712745482283e+01
       36       6.49179430575374e-16 2.2712745482435e+01
       37       6.47829215625979e-16 2.2712745482521e+01
       38       6.51772347257887e-16 2.2712745482569e+01
       39       6.56852869716428e-16 2.2712745482596e+01
       40       6.46904601953724e-16 2.2712745482611e+01
       41       6.45175246846562e-16 2.2712745482620e+01
       42       6.54026944934467e-16 2.2712745482625e+01
       43       6.58042682388621e-16 2.2712745482628e+01
       44       6.50220666074476e-16 2.2712745482630e+01
       45       6.50561688768640e-16 2.2712745482630e+01
       46       6.46495648216170e-16 2.2712745482631e+01
       47       6.46515242464651e-16 2.2712745482631e+01
       48       6.41879368940240e-16 2.2712745482631e+01
       49       6.46736790874720e-16 2.2712745482632e+01
       50       6.50841762155442e-16 2.2712745482632e+01
       51       6.36724068729057e-16 2.2712745482632e+01
       52       6.47574614978466e-16 2.2712745482632e+01
       53       6.43690626642254e-16 2.2712745482632e+01
       54       6.46830189447207e-16 2.2712745482632e+01
       55       6.54733055739430e-16 2.2712745482632e+01
       56       6.43874606152996e-16 2.2712745482632e+01
       57       6.41142570250650e-16 2.2712745482632e+01
       58       6.45710881550785e-16 2.2712745482632e+01
       59       6.38670173206150e-16 2.2712745482632e+01
       60       6.41960249209093e-16 2.2712745482632e+01
       61       6.44622647740807e-16 2.2712745482632e+01
       62       6.47056888758417e-16 2.2712745482632e+01
       63       6.43606137488051e-16 2.2712745482632e+01
       64       6.44093716205142e-16 2.2712745482632e+01
       65       6.46962226638343e-16 2.2712745482632e+01
       66       6.36000933278869e-16 2.2712745482632e+01
       67       6.44900595412097e-16 2.2712745482632e+01
       68       6.37975502745690e-16 2.2712745482632e+01
       69       6.42116764698743e-16 2.2712745482632e+01
       70       6.40010805523933e-16 2.2712745482632e+01
       71       6.41142189812411e-16 2.2712745482632e+01
       72       6.49465672426747e-16 2.2712745482632e+01
       73       6.46531090160711e-16 2.2712745482632e+01
       74       6.50113877288182e-16 2.2712745482632e+01
       75       6.47557916951982e-16 2.2712745482632e+01
 Benchmark completed
 VERIFICATION SUCCESSFUL
 Zeta is      2.271274548263e+01
 Error is     6.536993168993e-13


 CG Benchmark Completed
 Class           =                        B
 Size            =                    75000
 Iterations      =                       75
 Threads         =                        1
 Time in seconds =                    46.29
 Mop/s total     =                  1181.95
 Operation type  =           floating point
 Verification    =               SUCCESSFUL
 Version         =                      2.3
 Compile date    =              15 Feb 2012

 Compile options:
    CC           = gcc
    CLINK        = gcc
    C_LIB        = -lm
    C_INC        = -I../common
    CFLAGS       = -O3 
    CLINKFLAGS   = (none)
    RAND         = randdp
/***********************/ 
/* Input Configuration */ 
/***********************/ 
====> GPU Block Size: 512 
/**********************/ 
/* Used Optimizations */ 
/**********************/ 
====> MallocPitch Opt is used.
====> MatrixTranspose Opt is used.
====> ParallelLoopSwap Opt is used.
====> Unrolling-on-reduction Opt is used.
====> Allocate GPU variables as global ones.
====> CPU-GPU Mem Transfer Opt Level: 4
====> Cuda Malloc Opt Level: 1
====> Assume that all loops have non-zero iterations.
====> Cache shared scalar variables onto GPU registers.
====> Cache shared array elements onto GPU registers.
====> local array reduction variable configuration = 1


 NAS Parallel Benchmarks 2.3 OpenMP C version - CG Benchmark
 Size:      75000
 Iterations:    75
NZ=15825000
   iteration           ||r||                 zeta
        1       1.74350796714175e-13 5.9999475157875e+01
        2       6.41202847952736e-16 2.1762784614254e+01
        3       6.48649663301914e-16 2.2287661704322e+01
        4       6.39730255613897e-16 2.2523073818835e+01
        5       6.44374525782481e-16 2.2627539065389e+01
        6       6.53040979461586e-16 2.2674025918954e+01
        7       6.54890081004713e-16 2.2694905682625e+01
        8       6.51053783453457e-16 2.2704402316687e+01
        9       6.57953921617289e-16 2.2708783434562e+01
       10       6.61580556546111e-16 2.2710835139717e+01
       11       6.50149247987836e-16 2.2711810712134e+01
       12       6.52137404535073e-16 2.2712281624097e+01
       13       6.51682459629974e-16 2.2712512266325e+01
       14       6.49880079417214e-16 2.2712626800760e+01
       15       6.54545488011024e-16 2.2712684416182e+01
       16       6.53871485417778e-16 2.2712713746176e+01
       17       6.54080995352611e-16 2.2712728840200e+01
       18       6.58609115617774e-16 2.2712736684830e+01
       19       6.48720424841421e-16 2.2712740798122e+01
       20       6.49359553155779e-16 2.2712742972136e+01
       21       6.56854490967013e-16 2.2712744129403e+01
       22       6.45628730097000e-16 2.2712744749390e+01
       23       6.53990115168237e-16 2.2712745083453e+01
       24       6.57880265851643e-16 2.2712745264388e+01
       25       6.51621162478046e-16 2.2712745362846e+01
       26       6.54056259094522e-16 2.2712745416651e+01
       27       6.45283660732036e-16 2.2712745446169e+01
       28       6.47718104050715e-16 2.2712745462420e+01
       29       6.46129661587739e-16 2.2712745471397e+01
       30       6.57093557860242e-16 2.2712745476370e+01
       31       6.54579095621827e-16 2.2712745479134e+01
       32       6.52901473930128e-16 2.2712745480673e+01
       33       6.48798402132173e-16 2.2712745481532e+01
       34       6.40476654228650e-16 2.2712745482014e+01
       35       6.51853247134015e-16 2.2712745482283e+01
       36       6.49179430575374e-16 2.2712745482435e+01
       37       6.47829215625979e-16 2.2712745482521e+01
       38       6.51772347257887e-16 2.2712745482569e+01
       39       6.56852869716428e-16 2.2712745482596e+01
       40       6.46904601953724e-16 2.2712745482611e+01
       41       6.45175246846562e-16 2.2712745482620e+01
       42       6.54026944934467e-16 2.2712745482625e+01
       43       6.58042682388621e-16 2.2712745482628e+01
       44       6.50220666074476e-16 2.2712745482630e+01
       45       6.50561688768640e-16 2.2712745482630e+01
       46       6.46495648216170e-16 2.2712745482631e+01
       47       6.46515242464651e-16 2.2712745482631e+01
       48       6.41879368940240e-16 2.2712745482631e+01
       49       6.46736790874720e-16 2.2712745482632e+01
       50       6.50841762155442e-16 2.2712745482632e+01
       51       6.36724068729057e-16 2.2712745482632e+01
       52       6.47574614978466e-16 2.2712745482632e+01
       53       6.43690626642254e-16 2.2712745482632e+01
       54       6.46830189447207e-16 2.2712745482632e+01
       55       6.54733055739430e-16 2.2712745482632e+01
       56       6.43874606152996e-16 2.2712745482632e+01
       57       6.41142570250650e-16 2.2712745482632e+01
       58       6.45710881550785e-16 2.2712745482632e+01
       59       6.38670173206150e-16 2.2712745482632e+01
       60       6.41960249209093e-16 2.2712745482632e+01
       61       6.44622647740807e-16 2.2712745482632e+01
       62       6.47056888758417e-16 2.2712745482632e+01
       63       6.43606137488051e-16 2.2712745482632e+01
       64       6.44093716205142e-16 2.2712745482632e+01
       65       6.46962226638343e-16 2.2712745482632e+01
       66       6.36000933278869e-16 2.2712745482632e+01
       67       6.44900595412097e-16 2.2712745482632e+01
       68       6.37975502745690e-16 2.2712745482632e+01
       69       6.42116764698743e-16 2.2712745482632e+01
       70       6.40010805523933e-16 2.2712745482632e+01
       71       6.41142189812411e-16 2.2712745482632e+01
       72       6.49465672426747e-16 2.2712745482632e+01
       73       6.46531090160711e-16 2.2712745482632e+01
       74       6.50113877288182e-16 2.2712745482632e+01
       75       6.47557916951982e-16 2.2712745482632e+01
 Benchmark completed
 VERIFICATION SUCCESSFUL
 Zeta is      2.271274548263e+01
 Error is     6.536993168993e-13


 CG Benchmark Completed
 Class           =                        B
 Size            =                    75000
 Iterations      =                       75
 Threads         =                        1
 Time in seconds =                    46.28
 Mop/s total     =                  1182.04
 Operation type  =           floating point
 Verification    =               SUCCESSFUL
 Version         =                      2.3
 Compile date    =              15 Feb 2012

 Compile options:
    CC           = gcc
    CLINK        = gcc
    C_LIB        = -lm
    C_INC        = -I../common
    CFLAGS       = -O3 
    CLINKFLAGS   = (none)
    RAND         = randdp
/***********************/ 
/* Input Configuration */ 
/***********************/ 
====> GPU Block Size: 512 
/**********************/ 
/* Used Optimizations */ 
/**********************/ 
====> MallocPitch Opt is used.
====> MatrixTranspose Opt is used.
====> ParallelLoopSwap Opt is used.
====> Unrolling-on-reduction Opt is used.
====> Allocate GPU variables as global ones.
====> CPU-GPU Mem Transfer Opt Level: 4
====> Cuda Malloc Opt Level: 1
====> Assume that all loops have non-zero iterations.
====> Cache shared scalar variables onto GPU registers.
====> Cache shared array elements onto GPU registers.
====> local array reduction variable configuration = 1


 NAS Parallel Benchmarks 2.3 OpenMP C version - CG Benchmark
 Size:      75000
 Iterations:    75
NZ=15825000
   iteration           ||r||                 zeta
        1       1.74350796714175e-13 5.9999475157875e+01
        2       6.41202847952736e-16 2.1762784614254e+01
        3       6.48649663301914e-16 2.2287661704322e+01
        4       6.39730255613897e-16 2.2523073818835e+01
        5       6.44374525782481e-16 2.2627539065389e+01
        6       6.53040979461586e-16 2.2674025918954e+01
        7       6.54890081004713e-16 2.2694905682625e+01
        8       6.51053783453457e-16 2.2704402316687e+01
        9       6.57953921617289e-16 2.2708783434562e+01
       10       6.61580556546111e-16 2.2710835139717e+01
       11       6.50149247987836e-16 2.2711810712134e+01
       12       6.52137404535073e-16 2.2712281624097e+01
       13       6.51682459629974e-16 2.2712512266325e+01
       14       6.49880079417214e-16 2.2712626800760e+01
       15       6.54545488011024e-16 2.2712684416182e+01
       16       6.53871485417778e-16 2.2712713746176e+01
       17       6.54080995352611e-16 2.2712728840200e+01
       18       6.58609115617774e-16 2.2712736684830e+01
       19       6.48720424841421e-16 2.2712740798122e+01
       20       6.49359553155779e-16 2.2712742972136e+01
       21       6.56854490967013e-16 2.2712744129403e+01
       22       6.45628730097000e-16 2.2712744749390e+01
       23       6.53990115168237e-16 2.2712745083453e+01
       24       6.57880265851643e-16 2.2712745264388e+01
       25       6.51621162478046e-16 2.2712745362846e+01
       26       6.54056259094522e-16 2.2712745416651e+01
       27       6.45283660732036e-16 2.2712745446169e+01
       28       6.47718104050715e-16 2.2712745462420e+01
       29       6.46129661587739e-16 2.2712745471397e+01
       30       6.57093557860242e-16 2.2712745476370e+01
       31       6.54579095621827e-16 2.2712745479134e+01
       32       6.52901473930128e-16 2.2712745480673e+01
       33       6.48798402132173e-16 2.2712745481532e+01
       34       6.40476654228650e-16 2.2712745482014e+01
       35       6.51853247134015e-16 2.2712745482283e+01
       36       6.49179430575374e-16 2.2712745482435e+01
       37       6.47829215625979e-16 2.2712745482521e+01
       38       6.51772347257887e-16 2.2712745482569e+01
       39       6.56852869716428e-16 2.2712745482596e+01
       40       6.46904601953724e-16 2.2712745482611e+01
       41       6.45175246846562e-16 2.2712745482620e+01
       42       6.54026944934467e-16 2.2712745482625e+01
       43       6.58042682388621e-16 2.2712745482628e+01
       44       6.50220666074476e-16 2.2712745482630e+01
       45       6.50561688768640e-16 2.2712745482630e+01
       46       6.46495648216170e-16 2.2712745482631e+01
       47       6.46515242464651e-16 2.2712745482631e+01
       48       6.41879368940240e-16 2.2712745482631e+01
       49       6.46736790874720e-16 2.2712745482632e+01
       50       6.50841762155442e-16 2.2712745482632e+01
       51       6.36724068729057e-16 2.2712745482632e+01
       52       6.47574614978466e-16 2.2712745482632e+01
       53       6.43690626642254e-16 2.2712745482632e+01
       54       6.46830189447207e-16 2.2712745482632e+01
       55       6.54733055739430e-16 2.2712745482632e+01
       56       6.43874606152996e-16 2.2712745482632e+01
       57       6.41142570250650e-16 2.2712745482632e+01
       58       6.45710881550785e-16 2.2712745482632e+01
       59       6.38670173206150e-16 2.2712745482632e+01
       60       6.41960249209093e-16 2.2712745482632e+01
       61       6.44622647740807e-16 2.2712745482632e+01
       62       6.47056888758417e-16 2.2712745482632e+01
       63       6.43606137488051e-16 2.2712745482632e+01
       64       6.44093716205142e-16 2.2712745482632e+01
       65       6.46962226638343e-16 2.2712745482632e+01
       66       6.36000933278869e-16 2.2712745482632e+01
       67       6.44900595412097e-16 2.2712745482632e+01
       68       6.37975502745690e-16 2.2712745482632e+01
       69       6.42116764698743e-16 2.2712745482632e+01
       70       6.40010805523933e-16 2.2712745482632e+01
       71       6.41142189812411e-16 2.2712745482632e+01
       72       6.49465672426747e-16 2.2712745482632e+01
       73       6.46531090160711e-16 2.2712745482632e+01
       74       6.50113877288182e-16 2.2712745482632e+01
       75       6.47557916951982e-16 2.2712745482632e+01
 Benchmark completed
 VERIFICATION SUCCESSFUL
 Zeta is      2.271274548263e+01
 Error is     6.536993168993e-13


 CG Benchmark Completed
 Class           =                        B
 Size            =                    75000
 Iterations      =                       75
 Threads         =                        1
 Time in seconds =                    46.27
 Mop/s total     =                  1182.41
 Operation type  =           floating point
 Verification    =               SUCCESSFUL
 Version         =                      2.3
 Compile date    =              15 Feb 2012

 Compile options:
    CC           = gcc
    CLINK        = gcc
    C_LIB        = -lm
    C_INC        = -I../common
    CFLAGS       = -O3 
    CLINKFLAGS   = (none)
    RAND         = randdp
/***********************/ 
/* Input Configuration */ 
/***********************/ 
====> GPU Block Size: 512 
/**********************/ 
/* Used Optimizations */ 
/**********************/ 
====> MallocPitch Opt is used.
====> MatrixTranspose Opt is used.
====> ParallelLoopSwap Opt is used.
====> Unrolling-on-reduction Opt is used.
====> Allocate GPU variables as global ones.
====> CPU-GPU Mem Transfer Opt Level: 4
====> Cuda Malloc Opt Level: 1
====> Assume that all loops have non-zero iterations.
====> Cache shared scalar variables onto GPU registers.
====> Cache shared array elements onto GPU registers.
====> local array reduction variable configuration = 1


 NAS Parallel Benchmarks 2.3 OpenMP C version - CG Benchmark
 Size:      75000
 Iterations:    75
NZ=15825000
   iteration           ||r||                 zeta
        1       1.74350796714175e-13 5.9999475157875e+01
        2       6.41202847952736e-16 2.1762784614254e+01
        3       6.48649663301914e-16 2.2287661704322e+01
        4       6.39730255613897e-16 2.2523073818835e+01
        5       6.44374525782481e-16 2.2627539065389e+01
        6       6.53040979461586e-16 2.2674025918954e+01
        7       6.54890081004713e-16 2.2694905682625e+01
        8       6.51053783453457e-16 2.2704402316687e+01
        9       6.57953921617289e-16 2.2708783434562e+01
       10       6.61580556546111e-16 2.2710835139717e+01
       11       6.50149247987836e-16 2.2711810712134e+01
       12       6.52137404535073e-16 2.2712281624097e+01
       13       6.51682459629974e-16 2.2712512266325e+01
       14       6.49880079417214e-16 2.2712626800760e+01
       15       6.54545488011024e-16 2.2712684416182e+01
       16       6.53871485417778e-16 2.2712713746176e+01
       17       6.54080995352611e-16 2.2712728840200e+01
       18       6.58609115617774e-16 2.2712736684830e+01
       19       6.48720424841421e-16 2.2712740798122e+01
       20       6.49359553155779e-16 2.2712742972136e+01
       21       6.56854490967013e-16 2.2712744129403e+01
       22       6.45628730097000e-16 2.2712744749390e+01
       23       6.53990115168237e-16 2.2712745083453e+01
       24       6.57880265851643e-16 2.2712745264388e+01
       25       6.51621162478046e-16 2.2712745362846e+01
       26       6.54056259094522e-16 2.2712745416651e+01
       27       6.45283660732036e-16 2.2712745446169e+01
       28       6.47718104050715e-16 2.2712745462420e+01
       29       6.46129661587739e-16 2.2712745471397e+01
       30       6.57093557860242e-16 2.2712745476370e+01
       31       6.54579095621827e-16 2.2712745479134e+01
       32       6.52901473930128e-16 2.2712745480673e+01
       33       6.48798402132173e-16 2.2712745481532e+01
       34       6.40476654228650e-16 2.2712745482014e+01
       35       6.51853247134015e-16 2.2712745482283e+01
       36       6.49179430575374e-16 2.2712745482435e+01
       37       6.47829215625979e-16 2.2712745482521e+01
       38       6.51772347257887e-16 2.2712745482569e+01
       39       6.56852869716428e-16 2.2712745482596e+01
       40       6.46904601953724e-16 2.2712745482611e+01
       41       6.45175246846562e-16 2.2712745482620e+01
       42       6.54026944934467e-16 2.2712745482625e+01
       43       6.58042682388621e-16 2.2712745482628e+01
       44       6.50220666074476e-16 2.2712745482630e+01
       45       6.50561688768640e-16 2.2712745482630e+01
       46       6.46495648216170e-16 2.2712745482631e+01
       47       6.46515242464651e-16 2.2712745482631e+01
       48       6.41879368940240e-16 2.2712745482631e+01
       49       6.46736790874720e-16 2.2712745482632e+01
       50       6.50841762155442e-16 2.2712745482632e+01
       51       6.36724068729057e-16 2.2712745482632e+01
       52       6.47574614978466e-16 2.2712745482632e+01
       53       6.43690626642254e-16 2.2712745482632e+01
       54       6.46830189447207e-16 2.2712745482632e+01
       55       6.54733055739430e-16 2.2712745482632e+01
       56       6.43874606152996e-16 2.2712745482632e+01
       57       6.41142570250650e-16 2.2712745482632e+01
       58       6.45710881550785e-16 2.2712745482632e+01
       59       6.38670173206150e-16 2.2712745482632e+01
       60       6.41960249209093e-16 2.2712745482632e+01
       61       6.44622647740807e-16 2.2712745482632e+01
       62       6.47056888758417e-16 2.2712745482632e+01
       63       6.43606137488051e-16 2.2712745482632e+01
       64       6.44093716205142e-16 2.2712745482632e+01
       65       6.46962226638343e-16 2.2712745482632e+01
       66       6.36000933278869e-16 2.2712745482632e+01
       67       6.44900595412097e-16 2.2712745482632e+01
       68       6.37975502745690e-16 2.2712745482632e+01
       69       6.42116764698743e-16 2.2712745482632e+01
       70       6.40010805523933e-16 2.2712745482632e+01
       71       6.41142189812411e-16 2.2712745482632e+01
       72       6.49465672426747e-16 2.2712745482632e+01
       73       6.46531090160711e-16 2.2712745482632e+01
       74       6.50113877288182e-16 2.2712745482632e+01
       75       6.47557916951982e-16 2.2712745482632e+01
 Benchmark completed
 VERIFICATION SUCCESSFUL
 Zeta is      2.271274548263e+01
 Error is     6.536993168993e-13


 CG Benchmark Completed
 Class           =                        B
 Size            =                    75000
 Iterations      =                       75
 Threads         =                        1
 Time in seconds =                    46.27
 Mop/s total     =                  1182.44
 Operation type  =           floating point
 Verification    =               SUCCESSFUL
 Version         =                      2.3
 Compile date    =              15 Feb 2012

 Compile options:
    CC           = gcc
    CLINK        = gcc
    C_LIB        = -lm
    C_INC        = -I../common
    CFLAGS       = -O3 
    CLINKFLAGS   = (none)
    RAND         = randdp
/***********************/ 
/* Input Configuration */ 
/***********************/ 
====> GPU Block Size: 512 
/**********************/ 
/* Used Optimizations */ 
/**********************/ 
====> MallocPitch Opt is used.
====> MatrixTranspose Opt is used.
====> ParallelLoopSwap Opt is used.
====> Unrolling-on-reduction Opt is used.
====> Allocate GPU variables as global ones.
====> CPU-GPU Mem Transfer Opt Level: 4
====> Cuda Malloc Opt Level: 1
====> Assume that all loops have non-zero iterations.
====> Cache shared scalar variables onto GPU registers.
====> Cache shared array elements onto GPU registers.
====> local array reduction variable configuration = 1


 NAS Parallel Benchmarks 2.3 OpenMP C version - CG Benchmark
 Size:      75000
 Iterations:    75
NZ=15825000
   iteration           ||r||                 zeta
        1       1.74350796714175e-13 5.9999475157875e+01
        2       6.41202847952736e-16 2.1762784614254e+01
        3       6.48649663301914e-16 2.2287661704322e+01
        4       6.39730255613897e-16 2.2523073818835e+01
        5       6.44374525782481e-16 2.2627539065389e+01
        6       6.53040979461586e-16 2.2674025918954e+01
        7       6.54890081004713e-16 2.2694905682625e+01
        8       6.51053783453457e-16 2.2704402316687e+01
        9       6.57953921617289e-16 2.2708783434562e+01
       10       6.61580556546111e-16 2.2710835139717e+01
       11       6.50149247987836e-16 2.2711810712134e+01
       12       6.52137404535073e-16 2.2712281624097e+01
       13       6.51682459629974e-16 2.2712512266325e+01
       14       6.49880079417214e-16 2.2712626800760e+01
       15       6.54545488011024e-16 2.2712684416182e+01
       16       6.53871485417778e-16 2.2712713746176e+01
       17       6.54080995352611e-16 2.2712728840200e+01
       18       6.58609115617774e-16 2.2712736684830e+01
       19       6.48720424841421e-16 2.2712740798122e+01
       20       6.49359553155779e-16 2.2712742972136e+01
       21       6.56854490967013e-16 2.2712744129403e+01
       22       6.45628730097000e-16 2.2712744749390e+01
       23       6.53990115168237e-16 2.2712745083453e+01
       24       6.57880265851643e-16 2.2712745264388e+01
       25       6.51621162478046e-16 2.2712745362846e+01
       26       6.54056259094522e-16 2.2712745416651e+01
       27       6.45283660732036e-16 2.2712745446169e+01
       28       6.47718104050715e-16 2.2712745462420e+01
       29       6.46129661587739e-16 2.2712745471397e+01
       30       6.57093557860242e-16 2.2712745476370e+01
       31       6.54579095621827e-16 2.2712745479134e+01
       32       6.52901473930128e-16 2.2712745480673e+01
       33       6.48798402132173e-16 2.2712745481532e+01
       34       6.40476654228650e-16 2.2712745482014e+01
       35       6.51853247134015e-16 2.2712745482283e+01
       36       6.49179430575374e-16 2.2712745482435e+01
       37       6.47829215625979e-16 2.2712745482521e+01
       38       6.51772347257887e-16 2.2712745482569e+01
       39       6.56852869716428e-16 2.2712745482596e+01
       40       6.46904601953724e-16 2.2712745482611e+01
       41       6.45175246846562e-16 2.2712745482620e+01
       42       6.54026944934467e-16 2.2712745482625e+01
       43       6.58042682388621e-16 2.2712745482628e+01
       44       6.50220666074476e-16 2.2712745482630e+01
       45       6.50561688768640e-16 2.2712745482630e+01
       46       6.46495648216170e-16 2.2712745482631e+01
       47       6.46515242464651e-16 2.2712745482631e+01
       48       6.41879368940240e-16 2.2712745482631e+01
       49       6.46736790874720e-16 2.2712745482632e+01
       50       6.50841762155442e-16 2.2712745482632e+01
       51       6.36724068729057e-16 2.2712745482632e+01
       52       6.47574614978466e-16 2.2712745482632e+01
       53       6.43690626642254e-16 2.2712745482632e+01
       54       6.46830189447207e-16 2.2712745482632e+01
       55       6.54733055739430e-16 2.2712745482632e+01
       56       6.43874606152996e-16 2.2712745482632e+01
       57       6.41142570250650e-16 2.2712745482632e+01
       58       6.45710881550785e-16 2.2712745482632e+01
       59       6.38670173206150e-16 2.2712745482632e+01
       60       6.41960249209093e-16 2.2712745482632e+01
       61       6.44622647740807e-16 2.2712745482632e+01
       62       6.47056888758417e-16 2.2712745482632e+01
       63       6.43606137488051e-16 2.2712745482632e+01
       64       6.44093716205142e-16 2.2712745482632e+01
       65       6.46962226638343e-16 2.2712745482632e+01
       66       6.36000933278869e-16 2.2712745482632e+01
       67       6.44900595412097e-16 2.2712745482632e+01
       68       6.37975502745690e-16 2.2712745482632e+01
       69       6.42116764698743e-16 2.2712745482632e+01
       70       6.40010805523933e-16 2.2712745482632e+01
       71       6.41142189812411e-16 2.2712745482632e+01
       72       6.49465672426747e-16 2.2712745482632e+01
       73       6.46531090160711e-16 2.2712745482632e+01
       74       6.50113877288182e-16 2.2712745482632e+01
       75       6.47557916951982e-16 2.2712745482632e+01
 Benchmark completed
 VERIFICATION SUCCESSFUL
 Zeta is      2.271274548263e+01
 Error is     6.536993168993e-13


 CG Benchmark Completed
 Class           =                        B
 Size            =                    75000
 Iterations      =                       75
 Threads         =                        1
 Time in seconds =                    46.21
 Mop/s total     =                  1183.80
 Operation type  =           floating point
 Verification    =               SUCCESSFUL
 Version         =                      2.3
 Compile date    =              15 Feb 2012

 Compile options:
    CC           = gcc
    CLINK        = gcc
    C_LIB        = -lm
    C_INC        = -I../common
    CFLAGS       = -O3 
    CLINKFLAGS   = (none)
    RAND         = randdp
/***********************/ 
/* Input Configuration */ 
/***********************/ 
====> GPU Block Size: 512 
/**********************/ 
/* Used Optimizations */ 
/**********************/ 
====> MallocPitch Opt is used.
====> MatrixTranspose Opt is used.
====> ParallelLoopSwap Opt is used.
====> Unrolling-on-reduction Opt is used.
====> Allocate GPU variables as global ones.
====> CPU-GPU Mem Transfer Opt Level: 4
====> Cuda Malloc Opt Level: 1
====> Assume that all loops have non-zero iterations.
====> Cache shared scalar variables onto GPU registers.
====> Cache shared array elements onto GPU registers.
====> local array reduction variable configuration = 1


 NAS Parallel Benchmarks 2.3 OpenMP C version - CG Benchmark
 Size:      75000
 Iterations:    75
NZ=15825000
   iteration           ||r||                 zeta
        1       1.74350796714175e-13 5.9999475157875e+01
        2       6.41202847952736e-16 2.1762784614254e+01
        3       6.48649663301914e-16 2.2287661704322e+01
        4       6.39730255613897e-16 2.2523073818835e+01
        5       6.44374525782481e-16 2.2627539065389e+01
        6       6.53040979461586e-16 2.2674025918954e+01
        7       6.54890081004713e-16 2.2694905682625e+01
        8       6.51053783453457e-16 2.2704402316687e+01
        9       6.57953921617289e-16 2.2708783434562e+01
       10       6.61580556546111e-16 2.2710835139717e+01
       11       6.50149247987836e-16 2.2711810712134e+01
       12       6.52137404535073e-16 2.2712281624097e+01
       13       6.51682459629974e-16 2.2712512266325e+01
       14       6.49880079417214e-16 2.2712626800760e+01
       15       6.54545488011024e-16 2.2712684416182e+01
       16       6.53871485417778e-16 2.2712713746176e+01
       17       6.54080995352611e-16 2.2712728840200e+01
       18       6.58609115617774e-16 2.2712736684830e+01
       19       6.48720424841421e-16 2.2712740798122e+01
       20       6.49359553155779e-16 2.2712742972136e+01
       21       6.56854490967013e-16 2.2712744129403e+01
       22       6.45628730097000e-16 2.2712744749390e+01
       23       6.53990115168237e-16 2.2712745083453e+01
       24       6.57880265851643e-16 2.2712745264388e+01
       25       6.51621162478046e-16 2.2712745362846e+01
       26       6.54056259094522e-16 2.2712745416651e+01
       27       6.45283660732036e-16 2.2712745446169e+01
       28       6.47718104050715e-16 2.2712745462420e+01
       29       6.46129661587739e-16 2.2712745471397e+01
       30       6.57093557860242e-16 2.2712745476370e+01
       31       6.54579095621827e-16 2.2712745479134e+01
       32       6.52901473930128e-16 2.2712745480673e+01
       33       6.48798402132173e-16 2.2712745481532e+01
       34       6.40476654228650e-16 2.2712745482014e+01
       35       6.51853247134015e-16 2.2712745482283e+01
       36       6.49179430575374e-16 2.2712745482435e+01
       37       6.47829215625979e-16 2.2712745482521e+01
       38       6.51772347257887e-16 2.2712745482569e+01
       39       6.56852869716428e-16 2.2712745482596e+01
       40       6.46904601953724e-16 2.2712745482611e+01
       41       6.45175246846562e-16 2.2712745482620e+01
       42       6.54026944934467e-16 2.2712745482625e+01
       43       6.58042682388621e-16 2.2712745482628e+01
       44       6.50220666074476e-16 2.2712745482630e+01
       45       6.50561688768640e-16 2.2712745482630e+01
       46       6.46495648216170e-16 2.2712745482631e+01
       47       6.46515242464651e-16 2.2712745482631e+01
       48       6.41879368940240e-16 2.2712745482631e+01
       49       6.46736790874720e-16 2.2712745482632e+01
       50       6.50841762155442e-16 2.2712745482632e+01
       51       6.36724068729057e-16 2.2712745482632e+01
       52       6.47574614978466e-16 2.2712745482632e+01
       53       6.43690626642254e-16 2.2712745482632e+01
       54       6.46830189447207e-16 2.2712745482632e+01
       55       6.54733055739430e-16 2.2712745482632e+01
       56       6.43874606152996e-16 2.2712745482632e+01
       57       6.41142570250650e-16 2.2712745482632e+01
       58       6.45710881550785e-16 2.2712745482632e+01
       59       6.38670173206150e-16 2.2712745482632e+01
       60       6.41960249209093e-16 2.2712745482632e+01
       61       6.44622647740807e-16 2.2712745482632e+01
       62       6.47056888758417e-16 2.2712745482632e+01
       63       6.43606137488051e-16 2.2712745482632e+01
       64       6.44093716205142e-16 2.2712745482632e+01
       65       6.46962226638343e-16 2.2712745482632e+01
       66       6.36000933278869e-16 2.2712745482632e+01
       67       6.44900595412097e-16 2.2712745482632e+01
       68       6.37975502745690e-16 2.2712745482632e+01
       69       6.42116764698743e-16 2.2712745482632e+01
       70       6.40010805523933e-16 2.2712745482632e+01
       71       6.41142189812411e-16 2.2712745482632e+01
       72       6.49465672426747e-16 2.2712745482632e+01
       73       6.46531090160711e-16 2.2712745482632e+01
       74       6.50113877288182e-16 2.2712745482632e+01
       75       6.47557916951982e-16 2.2712745482632e+01
 Benchmark completed
 VERIFICATION SUCCESSFUL
 Zeta is      2.271274548263e+01
 Error is     6.536993168993e-13


 CG Benchmark Completed
 Class           =                        B
 Size            =                    75000
 Iterations      =                       75
 Threads         =                        1
 Time in seconds =                    46.21
 Mop/s total     =                  1183.86
 Operation type  =           floating point
 Verification    =               SUCCESSFUL
 Version         =                      2.3
 Compile date    =              15 Feb 2012

 Compile options:
    CC           = gcc
    CLINK        = gcc
    C_LIB        = -lm
    C_INC        = -I../common
    CFLAGS       = -O3 
    CLINKFLAGS   = (none)
    RAND         = randdp
/***********************/ 
/* Input Configuration */ 
/***********************/ 
====> GPU Block Size: 512 
/**********************/ 
/* Used Optimizations */ 
/**********************/ 
====> MallocPitch Opt is used.
====> MatrixTranspose Opt is used.
====> ParallelLoopSwap Opt is used.
====> Unrolling-on-reduction Opt is used.
====> Allocate GPU variables as global ones.
====> CPU-GPU Mem Transfer Opt Level: 4
====> Cuda Malloc Opt Level: 1
====> Assume that all loops have non-zero iterations.
====> Cache shared scalar variables onto GPU registers.
====> Cache shared array elements onto GPU registers.
====> local array reduction variable configuration = 1


 NAS Parallel Benchmarks 2.3 OpenMP C version - CG Benchmark
 Size:      75000
 Iterations:    75
NZ=15825000
   iteration           ||r||                 zeta
        1       1.74350796714175e-13 5.9999475157875e+01
        2       6.41202847952736e-16 2.1762784614254e+01
        3       6.48649663301914e-16 2.2287661704322e+01
        4       6.39730255613897e-16 2.2523073818835e+01
        5       6.44374525782481e-16 2.2627539065389e+01
        6       6.53040979461586e-16 2.2674025918954e+01
        7       6.54890081004713e-16 2.2694905682625e+01
        8       6.51053783453457e-16 2.2704402316687e+01
        9       6.57953921617289e-16 2.2708783434562e+01
       10       6.61580556546111e-16 2.2710835139717e+01
       11       6.50149247987836e-16 2.2711810712134e+01
       12       6.52137404535073e-16 2.2712281624097e+01
       13       6.51682459629974e-16 2.2712512266325e+01
       14       6.49880079417214e-16 2.2712626800760e+01
       15       6.54545488011024e-16 2.2712684416182e+01
       16       6.53871485417778e-16 2.2712713746176e+01
       17       6.54080995352611e-16 2.2712728840200e+01
       18       6.58609115617774e-16 2.2712736684830e+01
       19       6.48720424841421e-16 2.2712740798122e+01
       20       6.49359553155779e-16 2.2712742972136e+01
       21       6.56854490967013e-16 2.2712744129403e+01
       22       6.45628730097000e-16 2.2712744749390e+01
       23       6.53990115168237e-16 2.2712745083453e+01
       24       6.57880265851643e-16 2.2712745264388e+01
       25       6.51621162478046e-16 2.2712745362846e+01
       26       6.54056259094522e-16 2.2712745416651e+01
       27       6.45283660732036e-16 2.2712745446169e+01
       28       6.47718104050715e-16 2.2712745462420e+01
       29       6.46129661587739e-16 2.2712745471397e+01
       30       6.57093557860242e-16 2.2712745476370e+01
       31       6.54579095621827e-16 2.2712745479134e+01
       32       6.52901473930128e-16 2.2712745480673e+01
       33       6.48798402132173e-16 2.2712745481532e+01
       34       6.40476654228650e-16 2.2712745482014e+01
       35       6.51853247134015e-16 2.2712745482283e+01
       36       6.49179430575374e-16 2.2712745482435e+01
       37       6.47829215625979e-16 2.2712745482521e+01
       38       6.51772347257887e-16 2.2712745482569e+01
       39       6.56852869716428e-16 2.2712745482596e+01
       40       6.46904601953724e-16 2.2712745482611e+01
       41       6.45175246846562e-16 2.2712745482620e+01
       42       6.54026944934467e-16 2.2712745482625e+01
       43       6.58042682388621e-16 2.2712745482628e+01
       44       6.50220666074476e-16 2.2712745482630e+01
       45       6.50561688768640e-16 2.2712745482630e+01
       46       6.46495648216170e-16 2.2712745482631e+01
       47       6.46515242464651e-16 2.2712745482631e+01
       48       6.41879368940240e-16 2.2712745482631e+01
       49       6.46736790874720e-16 2.2712745482632e+01
       50       6.50841762155442e-16 2.2712745482632e+01
       51       6.36724068729057e-16 2.2712745482632e+01
       52       6.47574614978466e-16 2.2712745482632e+01
       53       6.43690626642254e-16 2.2712745482632e+01
       54       6.46830189447207e-16 2.2712745482632e+01
       55       6.54733055739430e-16 2.2712745482632e+01
       56       6.43874606152996e-16 2.2712745482632e+01
       57       6.41142570250650e-16 2.2712745482632e+01
       58       6.45710881550785e-16 2.2712745482632e+01
       59       6.38670173206150e-16 2.2712745482632e+01
       60       6.41960249209093e-16 2.2712745482632e+01
       61       6.44622647740807e-16 2.2712745482632e+01
       62       6.47056888758417e-16 2.2712745482632e+01
       63       6.43606137488051e-16 2.2712745482632e+01
       64       6.44093716205142e-16 2.2712745482632e+01
       65       6.46962226638343e-16 2.2712745482632e+01
       66       6.36000933278869e-16 2.2712745482632e+01
       67       6.44900595412097e-16 2.2712745482632e+01
       68       6.37975502745690e-16 2.2712745482632e+01
       69       6.42116764698743e-16 2.2712745482632e+01
       70       6.40010805523933e-16 2.2712745482632e+01
       71       6.41142189812411e-16 2.2712745482632e+01
       72       6.49465672426747e-16 2.2712745482632e+01
       73       6.46531090160711e-16 2.2712745482632e+01
       74       6.50113877288182e-16 2.2712745482632e+01
       75       6.47557916951982e-16 2.2712745482632e+01
 Benchmark completed
 VERIFICATION SUCCESSFUL
 Zeta is      2.271274548263e+01
 Error is     6.536993168993e-13


 CG Benchmark Completed
 Class           =                        B
 Size            =                    75000
 Iterations      =                       75
 Threads         =                        1
 Time in seconds =                    46.31
 Mop/s total     =                  1181.46
 Operation type  =           floating point
 Verification    =               SUCCESSFUL
 Version         =                      2.3
 Compile date    =              15 Feb 2012

 Compile options:
    CC           = gcc
    CLINK        = gcc
    C_LIB        = -lm
    C_INC        = -I../common
    CFLAGS       = -O3 
    CLINKFLAGS   = (none)
    RAND         = randdp
/***********************/ 
/* Input Configuration */ 
/***********************/ 
====> GPU Block Size: 512 
/**********************/ 
/* Used Optimizations */ 
/**********************/ 
====> MallocPitch Opt is used.
====> MatrixTranspose Opt is used.
====> ParallelLoopSwap Opt is used.
====> Unrolling-on-reduction Opt is used.
====> Allocate GPU variables as global ones.
====> CPU-GPU Mem Transfer Opt Level: 4
====> Cuda Malloc Opt Level: 1
====> Assume that all loops have non-zero iterations.
====> Cache shared scalar variables onto GPU registers.
====> Cache shared array elements onto GPU registers.
====> local array reduction variable configuration = 1


 NAS Parallel Benchmarks 2.3 OpenMP C version - CG Benchmark
 Size:      75000
 Iterations:    75
NZ=15825000
   iteration           ||r||                 zeta
        1       1.74350796714175e-13 5.9999475157875e+01
        2       6.41202847952736e-16 2.1762784614254e+01
        3       6.48649663301914e-16 2.2287661704322e+01
        4       6.39730255613897e-16 2.2523073818835e+01
        5       6.44374525782481e-16 2.2627539065389e+01
        6       6.53040979461586e-16 2.2674025918954e+01
        7       6.54890081004713e-16 2.2694905682625e+01
        8       6.51053783453457e-16 2.2704402316687e+01
        9       6.57953921617289e-16 2.2708783434562e+01
       10       6.61580556546111e-16 2.2710835139717e+01
       11       6.50149247987836e-16 2.2711810712134e+01
       12       6.52137404535073e-16 2.2712281624097e+01
       13       6.51682459629974e-16 2.2712512266325e+01
       14       6.49880079417214e-16 2.2712626800760e+01
       15       6.54545488011024e-16 2.2712684416182e+01
       16       6.53871485417778e-16 2.2712713746176e+01
       17       6.54080995352611e-16 2.2712728840200e+01
       18       6.58609115617774e-16 2.2712736684830e+01
       19       6.48720424841421e-16 2.2712740798122e+01
       20       6.49359553155779e-16 2.2712742972136e+01
       21       6.56854490967013e-16 2.2712744129403e+01
       22       6.45628730097000e-16 2.2712744749390e+01
       23       6.53990115168237e-16 2.2712745083453e+01
       24       6.57880265851643e-16 2.2712745264388e+01
       25       6.51621162478046e-16 2.2712745362846e+01
       26       6.54056259094522e-16 2.2712745416651e+01
       27       6.45283660732036e-16 2.2712745446169e+01
       28       6.47718104050715e-16 2.2712745462420e+01
       29       6.46129661587739e-16 2.2712745471397e+01
       30       6.57093557860242e-16 2.2712745476370e+01
       31       6.54579095621827e-16 2.2712745479134e+01
       32       6.52901473930128e-16 2.2712745480673e+01
       33       6.48798402132173e-16 2.2712745481532e+01
       34       6.40476654228650e-16 2.2712745482014e+01
       35       6.51853247134015e-16 2.2712745482283e+01
       36       6.49179430575374e-16 2.2712745482435e+01
       37       6.47829215625979e-16 2.2712745482521e+01
       38       6.51772347257887e-16 2.2712745482569e+01
       39       6.56852869716428e-16 2.2712745482596e+01
       40       6.46904601953724e-16 2.2712745482611e+01
       41       6.45175246846562e-16 2.2712745482620e+01
       42       6.54026944934467e-16 2.2712745482625e+01
       43       6.58042682388621e-16 2.2712745482628e+01
       44       6.50220666074476e-16 2.2712745482630e+01
       45       6.50561688768640e-16 2.2712745482630e+01
       46       6.46495648216170e-16 2.2712745482631e+01
       47       6.46515242464651e-16 2.2712745482631e+01
       48       6.41879368940240e-16 2.2712745482631e+01
       49       6.46736790874720e-16 2.2712745482632e+01
       50       6.50841762155442e-16 2.2712745482632e+01
       51       6.36724068729057e-16 2.2712745482632e+01
       52       6.47574614978466e-16 2.2712745482632e+01
       53       6.43690626642254e-16 2.2712745482632e+01
       54       6.46830189447207e-16 2.2712745482632e+01
       55       6.54733055739430e-16 2.2712745482632e+01
       56       6.43874606152996e-16 2.2712745482632e+01
       57       6.41142570250650e-16 2.2712745482632e+01
       58       6.45710881550785e-16 2.2712745482632e+01
       59       6.38670173206150e-16 2.2712745482632e+01
       60       6.41960249209093e-16 2.2712745482632e+01
       61       6.44622647740807e-16 2.2712745482632e+01
       62       6.47056888758417e-16 2.2712745482632e+01
       63       6.43606137488051e-16 2.2712745482632e+01
       64       6.44093716205142e-16 2.2712745482632e+01
       65       6.46962226638343e-16 2.2712745482632e+01
       66       6.36000933278869e-16 2.2712745482632e+01
       67       6.44900595412097e-16 2.2712745482632e+01
       68       6.37975502745690e-16 2.2712745482632e+01
       69       6.42116764698743e-16 2.2712745482632e+01
       70       6.40010805523933e-16 2.2712745482632e+01
       71       6.41142189812411e-16 2.2712745482632e+01
       72       6.49465672426747e-16 2.2712745482632e+01
       73       6.46531090160711e-16 2.2712745482632e+01
       74       6.50113877288182e-16 2.2712745482632e+01
       75       6.47557916951982e-16 2.2712745482632e+01
 Benchmark completed
 VERIFICATION SUCCESSFUL
 Zeta is      2.271274548263e+01
 Error is     6.536993168993e-13


 CG Benchmark Completed
 Class           =                        B
 Size            =                    75000
 Iterations      =                       75
 Threads         =                        1
 Time in seconds =                    46.26
 Mop/s total     =                  1182.68
 Operation type  =           floating point
 Verification    =               SUCCESSFUL
 Version         =                      2.3
 Compile date    =              15 Feb 2012

 Compile options:
    CC           = gcc
    CLINK        = gcc
    C_LIB        = -lm
    C_INC        = -I../common
    CFLAGS       = -O3 
    CLINKFLAGS   = (none)
    RAND         = randdp
/***********************/ 
/* Input Configuration */ 
/***********************/ 
====> GPU Block Size: 512 
/**********************/ 
/* Used Optimizations */ 
/**********************/ 
====> MallocPitch Opt is used.
====> MatrixTranspose Opt is used.
====> ParallelLoopSwap Opt is used.
====> Unrolling-on-reduction Opt is used.
====> Allocate GPU variables as global ones.
====> CPU-GPU Mem Transfer Opt Level: 4
====> Cuda Malloc Opt Level: 1
====> Assume that all loops have non-zero iterations.
====> Cache shared scalar variables onto GPU registers.
====> Cache shared array elements onto GPU registers.
====> local array reduction variable configuration = 1


 NAS Parallel Benchmarks 2.3 OpenMP C version - CG Benchmark
 Size:      75000
 Iterations:    75
NZ=15825000
   iteration           ||r||                 zeta
        1       1.74350796714175e-13 5.9999475157875e+01
        2       6.41202847952736e-16 2.1762784614254e+01
        3       6.48649663301914e-16 2.2287661704322e+01
        4       6.39730255613897e-16 2.2523073818835e+01
        5       6.44374525782481e-16 2.2627539065389e+01
        6       6.53040979461586e-16 2.2674025918954e+01
        7       6.54890081004713e-16 2.2694905682625e+01
        8       6.51053783453457e-16 2.2704402316687e+01
        9       6.57953921617289e-16 2.2708783434562e+01
       10       6.61580556546111e-16 2.2710835139717e+01
       11       6.50149247987836e-16 2.2711810712134e+01
       12       6.52137404535073e-16 2.2712281624097e+01
       13       6.51682459629974e-16 2.2712512266325e+01
       14       6.49880079417214e-16 2.2712626800760e+01
       15       6.54545488011024e-16 2.2712684416182e+01
       16       6.53871485417778e-16 2.2712713746176e+01
       17       6.54080995352611e-16 2.2712728840200e+01
       18       6.58609115617774e-16 2.2712736684830e+01
       19       6.48720424841421e-16 2.2712740798122e+01
       20       6.49359553155779e-16 2.2712742972136e+01
       21       6.56854490967013e-16 2.2712744129403e+01
       22       6.45628730097000e-16 2.2712744749390e+01
       23       6.53990115168237e-16 2.2712745083453e+01
       24       6.57880265851643e-16 2.2712745264388e+01
       25       6.51621162478046e-16 2.2712745362846e+01
       26       6.54056259094522e-16 2.2712745416651e+01
       27       6.45283660732036e-16 2.2712745446169e+01
       28       6.47718104050715e-16 2.2712745462420e+01
       29       6.46129661587739e-16 2.2712745471397e+01
       30       6.57093557860242e-16 2.2712745476370e+01
       31       6.54579095621827e-16 2.2712745479134e+01
       32       6.52901473930128e-16 2.2712745480673e+01
       33       6.48798402132173e-16 2.2712745481532e+01
       34       6.40476654228650e-16 2.2712745482014e+01
       35       6.51853247134015e-16 2.2712745482283e+01
       36       6.49179430575374e-16 2.2712745482435e+01
       37       6.47829215625979e-16 2.2712745482521e+01
       38       6.51772347257887e-16 2.2712745482569e+01
       39       6.56852869716428e-16 2.2712745482596e+01
       40       6.46904601953724e-16 2.2712745482611e+01
       41       6.45175246846562e-16 2.2712745482620e+01
       42       6.54026944934467e-16 2.2712745482625e+01
       43       6.58042682388621e-16 2.2712745482628e+01
       44       6.50220666074476e-16 2.2712745482630e+01
       45       6.50561688768640e-16 2.2712745482630e+01
       46       6.46495648216170e-16 2.2712745482631e+01
       47       6.46515242464651e-16 2.2712745482631e+01
       48       6.41879368940240e-16 2.2712745482631e+01
       49       6.46736790874720e-16 2.2712745482632e+01
       50       6.50841762155442e-16 2.2712745482632e+01
       51       6.36724068729057e-16 2.2712745482632e+01
       52       6.47574614978466e-16 2.2712745482632e+01
       53       6.43690626642254e-16 2.2712745482632e+01
       54       6.46830189447207e-16 2.2712745482632e+01
       55       6.54733055739430e-16 2.2712745482632e+01
       56       6.43874606152996e-16 2.2712745482632e+01
       57       6.41142570250650e-16 2.2712745482632e+01
       58       6.45710881550785e-16 2.2712745482632e+01
       59       6.38670173206150e-16 2.2712745482632e+01
       60       6.41960249209093e-16 2.2712745482632e+01
       61       6.44622647740807e-16 2.2712745482632e+01
       62       6.47056888758417e-16 2.2712745482632e+01
       63       6.43606137488051e-16 2.2712745482632e+01
       64       6.44093716205142e-16 2.2712745482632e+01
       65       6.46962226638343e-16 2.2712745482632e+01
       66       6.36000933278869e-16 2.2712745482632e+01
       67       6.44900595412097e-16 2.2712745482632e+01
       68       6.37975502745690e-16 2.2712745482632e+01
       69       6.42116764698743e-16 2.2712745482632e+01
       70       6.40010805523933e-16 2.2712745482632e+01
       71       6.41142189812411e-16 2.2712745482632e+01
       72       6.49465672426747e-16 2.2712745482632e+01
       73       6.46531090160711e-16 2.2712745482632e+01
       74       6.50113877288182e-16 2.2712745482632e+01
       75       6.47557916951982e-16 2.2712745482632e+01
 Benchmark completed
 VERIFICATION SUCCESSFUL
 Zeta is      2.271274548263e+01
 Error is     6.536993168993e-13


 CG Benchmark Completed
 Class           =                        B
 Size            =                    75000
 Iterations      =                       75
 Threads         =                        1
 Time in seconds =                    46.29
 Mop/s total     =                  1181.89
 Operation type  =           floating point
 Verification    =               SUCCESSFUL
 Version         =                      2.3
 Compile date    =              15 Feb 2012

 Compile options:
    CC           = gcc
    CLINK        = gcc
    C_LIB        = -lm
    C_INC        = -I../common
    CFLAGS       = -O3 
    CLINKFLAGS   = (none)
    RAND         = randdp
/***********************/ 
/* Input Configuration */ 
/***********************/ 
====> GPU Block Size: 512 
/**********************/ 
/* Used Optimizations */ 
/**********************/ 
====> MallocPitch Opt is used.
====> MatrixTranspose Opt is used.
====> ParallelLoopSwap Opt is used.
====> Unrolling-on-reduction Opt is used.
====> Allocate GPU variables as global ones.
====> CPU-GPU Mem Transfer Opt Level: 4
====> Cuda Malloc Opt Level: 1
====> Assume that all loops have non-zero iterations.
====> Cache shared scalar variables onto GPU registers.
====> Cache shared array elements onto GPU registers.
====> local array reduction variable configuration = 1


 NAS Parallel Benchmarks 2.3 OpenMP C version - CG Benchmark
 Size:      75000
 Iterations:    75
NZ=15825000
   iteration           ||r||                 zeta
        1       1.74350796714175e-13 5.9999475157875e+01
        2       6.41202847952736e-16 2.1762784614254e+01
        3       6.48649663301914e-16 2.2287661704322e+01
        4       6.39730255613897e-16 2.2523073818835e+01
        5       6.44374525782481e-16 2.2627539065389e+01
        6       6.53040979461586e-16 2.2674025918954e+01
        7       6.54890081004713e-16 2.2694905682625e+01
        8       6.51053783453457e-16 2.2704402316687e+01
        9       6.57953921617289e-16 2.2708783434562e+01
       10       6.61580556546111e-16 2.2710835139717e+01
       11       6.50149247987836e-16 2.2711810712134e+01
       12       6.52137404535073e-16 2.2712281624097e+01
       13       6.51682459629974e-16 2.2712512266325e+01
       14       6.49880079417214e-16 2.2712626800760e+01
       15       6.54545488011024e-16 2.2712684416182e+01
       16       6.53871485417778e-16 2.2712713746176e+01
       17       6.54080995352611e-16 2.2712728840200e+01
       18       6.58609115617774e-16 2.2712736684830e+01
       19       6.48720424841421e-16 2.2712740798122e+01
       20       6.49359553155779e-16 2.2712742972136e+01
       21       6.56854490967013e-16 2.2712744129403e+01
       22       6.45628730097000e-16 2.2712744749390e+01
       23       6.53990115168237e-16 2.2712745083453e+01
       24       6.57880265851643e-16 2.2712745264388e+01
       25       6.51621162478046e-16 2.2712745362846e+01
       26       6.54056259094522e-16 2.2712745416651e+01
       27       6.45283660732036e-16 2.2712745446169e+01
       28       6.47718104050715e-16 2.2712745462420e+01
       29       6.46129661587739e-16 2.2712745471397e+01
       30       6.57093557860242e-16 2.2712745476370e+01
       31       6.54579095621827e-16 2.2712745479134e+01
       32       6.52901473930128e-16 2.2712745480673e+01
       33       6.48798402132173e-16 2.2712745481532e+01
       34       6.40476654228650e-16 2.2712745482014e+01
       35       6.51853247134015e-16 2.2712745482283e+01
       36       6.49179430575374e-16 2.2712745482435e+01
       37       6.47829215625979e-16 2.2712745482521e+01
       38       6.51772347257887e-16 2.2712745482569e+01
       39       6.56852869716428e-16 2.2712745482596e+01
       40       6.46904601953724e-16 2.2712745482611e+01
       41       6.45175246846562e-16 2.2712745482620e+01
       42       6.54026944934467e-16 2.2712745482625e+01
       43       6.58042682388621e-16 2.2712745482628e+01
       44       6.50220666074476e-16 2.2712745482630e+01
       45       6.50561688768640e-16 2.2712745482630e+01
       46       6.46495648216170e-16 2.2712745482631e+01
       47       6.46515242464651e-16 2.2712745482631e+01
       48       6.41879368940240e-16 2.2712745482631e+01
       49       6.46736790874720e-16 2.2712745482632e+01
       50       6.50841762155442e-16 2.2712745482632e+01
       51       6.36724068729057e-16 2.2712745482632e+01
       52       6.47574614978466e-16 2.2712745482632e+01
       53       6.43690626642254e-16 2.2712745482632e+01
       54       6.46830189447207e-16 2.2712745482632e+01
       55       6.54733055739430e-16 2.2712745482632e+01
       56       6.43874606152996e-16 2.2712745482632e+01
       57       6.41142570250650e-16 2.2712745482632e+01
       58       6.45710881550785e-16 2.2712745482632e+01
       59       6.38670173206150e-16 2.2712745482632e+01
       60       6.41960249209093e-16 2.2712745482632e+01
       61       6.44622647740807e-16 2.2712745482632e+01
       62       6.47056888758417e-16 2.2712745482632e+01
       63       6.43606137488051e-16 2.2712745482632e+01
       64       6.44093716205142e-16 2.2712745482632e+01
       65       6.46962226638343e-16 2.2712745482632e+01
       66       6.36000933278869e-16 2.2712745482632e+01
       67       6.44900595412097e-16 2.2712745482632e+01
       68       6.37975502745690e-16 2.2712745482632e+01
       69       6.42116764698743e-16 2.2712745482632e+01
       70       6.40010805523933e-16 2.2712745482632e+01
       71       6.41142189812411e-16 2.2712745482632e+01
       72       6.49465672426747e-16 2.2712745482632e+01
       73       6.46531090160711e-16 2.2712745482632e+01
       74       6.50113877288182e-16 2.2712745482632e+01
       75       6.47557916951982e-16 2.2712745482632e+01
 Benchmark completed
 VERIFICATION SUCCESSFUL
 Zeta is      2.271274548263e+01
 Error is     6.536993168993e-13


 CG Benchmark Completed
 Class           =                        B
 Size            =                    75000
 Iterations      =                       75
 Threads         =                        1
 Time in seconds =                    46.20
 Mop/s total     =                  1184.22
 Operation type  =           floating point
 Verification    =               SUCCESSFUL
 Version         =                      2.3
 Compile date    =              15 Feb 2012

 Compile options:
    CC           = gcc
    CLINK        = gcc
    C_LIB        = -lm
    C_INC        = -I../common
    CFLAGS       = -O3 
    CLINKFLAGS   = (none)
    RAND         = randdp
/***********************/ 
/* Input Configuration */ 
/***********************/ 
====> GPU Block Size: 512 
/**********************/ 
/* Used Optimizations */ 
/**********************/ 
====> MallocPitch Opt is used.
====> MatrixTranspose Opt is used.
====> ParallelLoopSwap Opt is used.
====> Unrolling-on-reduction Opt is used.
====> Allocate GPU variables as global ones.
====> CPU-GPU Mem Transfer Opt Level: 4
====> Cuda Malloc Opt Level: 1
====> Assume that all loops have non-zero iterations.
====> Cache shared scalar variables onto GPU registers.
====> Cache shared array elements onto GPU registers.
====> local array reduction variable configuration = 1
