

 NAS Parallel Benchmarks 2.3 OpenMP C version - CG Benchmark
 Size:     150000
 Iterations:    75
   iteration           ||r||                 zeta
        1       2.77344200249494e-13                 inf
        2       6.20518371012807e-16 2.7392043714652e+01
        3       6.50480319358142e-16 2.8033976184027e+01
        4       6.68450867039505e-16 2.8419150755129e+01
        5       6.81305648909842e-16 2.8647167003890e+01
        6       6.86718549974946e-16 2.8781296941841e+01
        7       6.85710124685252e-16 2.8860045853735e+01
        8       6.88888034220731e-16 2.8906314557269e+01
        9       6.89520755967424e-16 2.8933564921462e+01
       10       6.92452034728319e-16 2.8949669544900e+01
       11       6.97134229981154e-16 2.8959226335375e+01
       12       6.87142211470794e-16 2.8964923348489e+01
       13       6.94208923525716e-16 2.8968335924893e+01
       14       6.96904243881027e-16 2.8970390396000e+01
       15       6.90445226270855e-16 2.8971633622837e+01
       16       6.95655395294109e-16 2.8972389860085e+01
       17       6.93957763756757e-16 2.8972852269223e+01
       18       7.01943753506559e-16 2.8973136479778e+01
       19       6.94218280456055e-16 2.8973312056929e+01
       20       6.89832890501504e-16 2.8973421066375e+01
       21       6.96047839784454e-16 2.8973489076055e+01
       22       6.99176269323951e-16 2.8973531706487e+01
       23       6.89187270963133e-16 2.8973558549726e+01
       24       6.94439509215774e-16 2.8973575525665e+01
       25       6.96149096788367e-16 2.8973586305938e+01
       26       6.91430023998168e-16 2.8973593178737e+01
       27       6.94225491074630e-16 2.8973597576737e+01
       28       6.93589601963151e-16 2.8973600400999e+01
       29       6.88225230932532e-16 2.8973602220677e+01
       30       6.94209556920275e-16 2.8973603396763e+01
       31       6.93466235110804e-16 2.8973604159115e+01
       32       6.92734827092943e-16 2.8973604654641e+01
       33       6.93601897084883e-16 2.8973604977562e+01
       34       6.94020149369524e-16 2.8973605188510e+01
       35       6.91244948512035e-16 2.8973605326625e+01
       36       6.90069482398065e-16 2.8973605417245e+01
       37       6.88298983045701e-16 2.8973605476823e+01
       38       6.96679734615724e-16 2.8973605516064e+01
       39       6.91251855885854e-16 2.8973605541957e+01
       40       6.90142635561915e-16 2.8973605559070e+01
       41       6.95653914635685e-16 2.8973605570398e+01
       42       6.98018939867665e-16 2.8973605577908e+01
       43       6.89505202696897e-16 2.8973605582893e+01
       44       6.86548882262809e-16 2.8973605586207e+01
       45       6.86247868234412e-16 2.8973605588413e+01
       46       6.90783344116173e-16 2.8973605589882e+01
       47       6.92997464261918e-16 2.8973605590863e+01
       48       6.91875609896187e-16 2.8973605591518e+01
       49       6.91533158736369e-16 2.8973605591955e+01
       50       6.95891256051449e-16 2.8973605592249e+01
       51       6.91827916354203e-16 2.8973605592445e+01
       52       6.88758296146874e-16 2.8973605592576e+01
       53       6.87529487199172e-16 2.8973605592664e+01
       54       6.94946564683078e-16 2.8973605592724e+01
       55       6.97789271156746e-16 2.8973605592763e+01
       56       6.95671886679954e-16 2.8973605592790e+01
       57       6.92838104276607e-16 2.8973605592808e+01
       58       6.86358513502261e-16 2.8973605592820e+01
       59       6.90009839603226e-16 2.8973605592829e+01
       60       6.94678367021360e-16 2.8973605592834e+01
       61       6.92129766564101e-16 2.8973605592838e+01
       62       6.93445700264040e-16 2.8973605592840e+01
       63       6.87790117069317e-16 2.8973605592842e+01
       64       6.88676991745978e-16 2.8973605592843e+01
       65       6.90460895628764e-16 2.8973605592844e+01
       66       6.91429002348639e-16 2.8973605592844e+01
       67       6.94755995508981e-16 2.8973605592845e+01
       68       6.94871709099356e-16 2.8973605592845e+01
       69       6.98443837371882e-16 2.8973605592845e+01
       70       6.93294016501522e-16 2.8973605592845e+01
       71       6.89129222402669e-16 2.8973605592845e+01
       72       6.88001669721439e-16 2.8973605592845e+01
       73       6.93499347031900e-16 2.8973605592846e+01
       74       6.87692503549944e-16 2.8973605592845e+01
       75       6.92445147814685e-16 2.8973605592846e+01
 Benchmark completed
 VERIFICATION SUCCESSFUL
 Zeta is      2.897360559285e+01
 Error is     5.293543381413e-13


 CG Benchmark Completed
 Class           =                        C
 Size            =                   150000
 Iterations      =                       75
 Threads         =                        1
 Time in seconds =                   214.07
 Mop/s total     =                   669.63
 Operation type  =           floating point
 Verification    =               SUCCESSFUL
 Version         =                      2.3
 Compile date    =              29 Feb 2012

 Compile options:
    CC           = gcc
    CLINK        = gcc
    C_LIB        = -lm
    C_INC        = -I../common
    CFLAGS       = -O3 
    CLINKFLAGS   = (none)
    RAND         = randdp
/***********************/ 
/* Input Configuration */ 
/***********************/ 
====> GPU Block Size: 512 
/**********************/ 
/* Used Optimizations */ 
/**********************/ 
====> MallocPitch Opt is used.
====> MatrixTranspose Opt is used.
====> ParallelLoopSwap Opt is used.
====> LoopCollapse Opt is used.
====> Unrolling-on-reduction Opt is used.
====> Allocate GPU variables as global ones.
====> Optimize globally allocated GPU variables .
====> CPU-GPU Mem Transfer Opt Level: 3
====> Cuda Malloc Opt Level: 1
====> Assume that all loops have non-zero iterations.
====> Cache shared scalar variables onto GPU registers.
====> Cache shared array elements onto GPU registers.
====> Cache private array variables onto GPU shared memory.
====> local array reduction variable configuration = 1


 NAS Parallel Benchmarks 2.3 OpenMP C version - CG Benchmark
 Size:     150000
 Iterations:    75
   iteration           ||r||                 zeta
        1       2.77344200249494e-13                 inf
        2       6.20518371012807e-16 2.7392043714652e+01
        3       6.50480319358142e-16 2.8033976184027e+01
        4       6.68450867039505e-16 2.8419150755129e+01
        5       6.81305648909842e-16 2.8647167003890e+01
        6       6.86718549974946e-16 2.8781296941841e+01
        7       6.85710124685252e-16 2.8860045853735e+01
        8       6.88888034220731e-16 2.8906314557269e+01
        9       6.89520755967424e-16 2.8933564921462e+01
       10       6.92452034728319e-16 2.8949669544900e+01
       11       6.97134229981154e-16 2.8959226335375e+01
       12       6.87142211470794e-16 2.8964923348489e+01
       13       6.94208923525716e-16 2.8968335924893e+01
       14       6.96904243881027e-16 2.8970390396000e+01
       15       6.90445226270855e-16 2.8971633622837e+01
       16       6.95655395294109e-16 2.8972389860085e+01
       17       6.93957763756757e-16 2.8972852269223e+01
       18       7.01943753506559e-16 2.8973136479778e+01
       19       6.94218280456055e-16 2.8973312056929e+01
       20       6.89832890501504e-16 2.8973421066375e+01
       21       6.96047839784454e-16 2.8973489076055e+01
       22       6.99176269323951e-16 2.8973531706487e+01
       23       6.89187270963133e-16 2.8973558549726e+01
       24       6.94439509215774e-16 2.8973575525665e+01
       25       6.96149096788367e-16 2.8973586305938e+01
       26       6.91430023998168e-16 2.8973593178737e+01
       27       6.94225491074630e-16 2.8973597576737e+01
       28       6.93589601963151e-16 2.8973600400999e+01
       29       6.88225230932532e-16 2.8973602220677e+01
       30       6.94209556920275e-16 2.8973603396763e+01
       31       6.93466235110804e-16 2.8973604159115e+01
       32       6.92734827092943e-16 2.8973604654641e+01
       33       6.93601897084883e-16 2.8973604977562e+01
       34       6.94020149369524e-16 2.8973605188510e+01
       35       6.91244948512035e-16 2.8973605326625e+01
       36       6.90069482398065e-16 2.8973605417245e+01
       37       6.88298983045701e-16 2.8973605476823e+01
       38       6.96679734615724e-16 2.8973605516064e+01
       39       6.91251855885854e-16 2.8973605541957e+01
       40       6.90142635561915e-16 2.8973605559070e+01
       41       6.95653914635685e-16 2.8973605570398e+01
       42       6.98018939867665e-16 2.8973605577908e+01
       43       6.89505202696897e-16 2.8973605582893e+01
       44       6.86548882262809e-16 2.8973605586207e+01
       45       6.86247868234412e-16 2.8973605588413e+01
       46       6.90783344116173e-16 2.8973605589882e+01
       47       6.92997464261918e-16 2.8973605590863e+01
       48       6.91875609896187e-16 2.8973605591518e+01
       49       6.91533158736369e-16 2.8973605591955e+01
       50       6.95891256051449e-16 2.8973605592249e+01
       51       6.91827916354203e-16 2.8973605592445e+01
       52       6.88758296146874e-16 2.8973605592576e+01
       53       6.87529487199172e-16 2.8973605592664e+01
       54       6.94946564683078e-16 2.8973605592724e+01
       55       6.97789271156746e-16 2.8973605592763e+01
       56       6.95671886679954e-16 2.8973605592790e+01
       57       6.92838104276607e-16 2.8973605592808e+01
       58       6.86358513502261e-16 2.8973605592820e+01
       59       6.90009839603226e-16 2.8973605592829e+01
       60       6.94678367021360e-16 2.8973605592834e+01
       61       6.92129766564101e-16 2.8973605592838e+01
       62       6.93445700264040e-16 2.8973605592840e+01
       63       6.87790117069317e-16 2.8973605592842e+01
       64       6.88676991745978e-16 2.8973605592843e+01
       65       6.90460895628764e-16 2.8973605592844e+01
       66       6.91429002348639e-16 2.8973605592844e+01
       67       6.94755995508981e-16 2.8973605592845e+01
       68       6.94871709099356e-16 2.8973605592845e+01
       69       6.98443837371882e-16 2.8973605592845e+01
       70       6.93294016501522e-16 2.8973605592845e+01
       71       6.89129222402669e-16 2.8973605592845e+01
       72       6.88001669721439e-16 2.8973605592845e+01
       73       6.93499347031900e-16 2.8973605592846e+01
       74       6.87692503549944e-16 2.8973605592845e+01
       75       6.92445147814685e-16 2.8973605592846e+01
 Benchmark completed
 VERIFICATION SUCCESSFUL
 Zeta is      2.897360559285e+01
 Error is     5.293543381413e-13


 CG Benchmark Completed
 Class           =                        C
 Size            =                   150000
 Iterations      =                       75
 Threads         =                        1
 Time in seconds =                   206.53
 Mop/s total     =                   694.08
 Operation type  =           floating point
 Verification    =               SUCCESSFUL
 Version         =                      2.3
 Compile date    =              29 Feb 2012

 Compile options:
    CC           = gcc
    CLINK        = gcc
    C_LIB        = -lm
    C_INC        = -I../common
    CFLAGS       = -O3 
    CLINKFLAGS   = (none)
    RAND         = randdp
/***********************/ 
/* Input Configuration */ 
/***********************/ 
====> GPU Block Size: 512 
/**********************/ 
/* Used Optimizations */ 
/**********************/ 
====> MallocPitch Opt is used.
====> MatrixTranspose Opt is used.
====> ParallelLoopSwap Opt is used.
====> LoopCollapse Opt is used.
====> Unrolling-on-reduction Opt is used.
====> Allocate GPU variables as global ones.
====> Optimize globally allocated GPU variables .
====> CPU-GPU Mem Transfer Opt Level: 3
====> Cuda Malloc Opt Level: 1
====> Assume that all loops have non-zero iterations.
====> Cache shared scalar variables onto GPU registers.
====> Cache shared array elements onto GPU registers.
====> Cache private array variables onto GPU shared memory.
====> local array reduction variable configuration = 1


 NAS Parallel Benchmarks 2.3 OpenMP C version - CG Benchmark
 Size:     150000
 Iterations:    75
   iteration           ||r||                 zeta
        1       2.77344200249494e-13                 inf
        2       6.20518371012807e-16 2.7392043714652e+01
        3       6.50480319358142e-16 2.8033976184027e+01
        4       6.68450867039505e-16 2.8419150755129e+01
        5       6.81305648909842e-16 2.8647167003890e+01
        6       6.86718549974946e-16 2.8781296941841e+01
        7       6.85710124685252e-16 2.8860045853735e+01
        8       6.88888034220731e-16 2.8906314557269e+01
        9       6.89520755967424e-16 2.8933564921462e+01
       10       6.92452034728319e-16 2.8949669544900e+01
       11       6.97134229981154e-16 2.8959226335375e+01
       12       6.87142211470794e-16 2.8964923348489e+01
       13       6.94208923525716e-16 2.8968335924893e+01
       14       6.96904243881027e-16 2.8970390396000e+01
       15       6.90445226270855e-16 2.8971633622837e+01
       16       6.95655395294109e-16 2.8972389860085e+01
       17       6.93957763756757e-16 2.8972852269223e+01
       18       7.01943753506559e-16 2.8973136479778e+01
       19       6.94218280456055e-16 2.8973312056929e+01
       20       6.89832890501504e-16 2.8973421066375e+01
       21       6.96047839784454e-16 2.8973489076055e+01
       22       6.99176269323951e-16 2.8973531706487e+01
       23       6.89187270963133e-16 2.8973558549726e+01
       24       6.94439509215774e-16 2.8973575525665e+01
       25       6.96149096788367e-16 2.8973586305938e+01
       26       6.91430023998168e-16 2.8973593178737e+01
       27       6.94225491074630e-16 2.8973597576737e+01
       28       6.93589601963151e-16 2.8973600400999e+01
       29       6.88225230932532e-16 2.8973602220677e+01
       30       6.94209556920275e-16 2.8973603396763e+01
       31       6.93466235110804e-16 2.8973604159115e+01
       32       6.92734827092943e-16 2.8973604654641e+01
       33       6.93601897084883e-16 2.8973604977562e+01
       34       6.94020149369524e-16 2.8973605188510e+01
       35       6.91244948512035e-16 2.8973605326625e+01
       36       6.90069482398065e-16 2.8973605417245e+01
       37       6.88298983045701e-16 2.8973605476823e+01
       38       6.96679734615724e-16 2.8973605516064e+01
       39       6.91251855885854e-16 2.8973605541957e+01
       40       6.90142635561915e-16 2.8973605559070e+01
       41       6.95653914635685e-16 2.8973605570398e+01
       42       6.98018939867665e-16 2.8973605577908e+01
       43       6.89505202696897e-16 2.8973605582893e+01
       44       6.86548882262809e-16 2.8973605586207e+01
       45       6.86247868234412e-16 2.8973605588413e+01
       46       6.90783344116173e-16 2.8973605589882e+01
       47       6.92997464261918e-16 2.8973605590863e+01
       48       6.91875609896187e-16 2.8973605591518e+01
       49       6.91533158736369e-16 2.8973605591955e+01
       50       6.95891256051449e-16 2.8973605592249e+01
       51       6.91827916354203e-16 2.8973605592445e+01
       52       6.88758296146874e-16 2.8973605592576e+01
       53       6.87529487199172e-16 2.8973605592664e+01
       54       6.94946564683078e-16 2.8973605592724e+01
       55       6.97789271156746e-16 2.8973605592763e+01
       56       6.95671886679954e-16 2.8973605592790e+01
       57       6.92838104276607e-16 2.8973605592808e+01
       58       6.86358513502261e-16 2.8973605592820e+01
       59       6.90009839603226e-16 2.8973605592829e+01
       60       6.94678367021360e-16 2.8973605592834e+01
       61       6.92129766564101e-16 2.8973605592838e+01
       62       6.93445700264040e-16 2.8973605592840e+01
       63       6.87790117069317e-16 2.8973605592842e+01
       64       6.88676991745978e-16 2.8973605592843e+01
       65       6.90460895628764e-16 2.8973605592844e+01
       66       6.91429002348639e-16 2.8973605592844e+01
       67       6.94755995508981e-16 2.8973605592845e+01
       68       6.94871709099356e-16 2.8973605592845e+01
       69       6.98443837371882e-16 2.8973605592845e+01
       70       6.93294016501522e-16 2.8973605592845e+01
       71       6.89129222402669e-16 2.8973605592845e+01
       72       6.88001669721439e-16 2.8973605592845e+01
       73       6.93499347031900e-16 2.8973605592846e+01
       74       6.87692503549944e-16 2.8973605592845e+01
       75       6.92445147814685e-16 2.8973605592846e+01
 Benchmark completed
 VERIFICATION SUCCESSFUL
 Zeta is      2.897360559285e+01
 Error is     5.293543381413e-13


 CG Benchmark Completed
 Class           =                        C
 Size            =                   150000
 Iterations      =                       75
 Threads         =                        1
 Time in seconds =                   212.60
 Mop/s total     =                   674.26
 Operation type  =           floating point
 Verification    =               SUCCESSFUL
 Version         =                      2.3
 Compile date    =              29 Feb 2012

 Compile options:
    CC           = gcc
    CLINK        = gcc
    C_LIB        = -lm
    C_INC        = -I../common
    CFLAGS       = -O3 
    CLINKFLAGS   = (none)
    RAND         = randdp
/***********************/ 
/* Input Configuration */ 
/***********************/ 
====> GPU Block Size: 512 
/**********************/ 
/* Used Optimizations */ 
/**********************/ 
====> MallocPitch Opt is used.
====> MatrixTranspose Opt is used.
====> ParallelLoopSwap Opt is used.
====> LoopCollapse Opt is used.
====> Unrolling-on-reduction Opt is used.
====> Allocate GPU variables as global ones.
====> Optimize globally allocated GPU variables .
====> CPU-GPU Mem Transfer Opt Level: 3
====> Cuda Malloc Opt Level: 1
====> Assume that all loops have non-zero iterations.
====> Cache shared scalar variables onto GPU registers.
====> Cache shared array elements onto GPU registers.
====> Cache private array variables onto GPU shared memory.
====> local array reduction variable configuration = 1


 NAS Parallel Benchmarks 2.3 OpenMP C version - CG Benchmark
 Size:     150000
 Iterations:    75
   iteration           ||r||                 zeta
        1       2.77344200249494e-13                 inf
        2       6.20518371012807e-16 2.7392043714652e+01
        3       6.50480319358142e-16 2.8033976184027e+01
        4       6.68450867039505e-16 2.8419150755129e+01
        5       6.81305648909842e-16 2.8647167003890e+01
        6       6.86718549974946e-16 2.8781296941841e+01
        7       6.85710124685252e-16 2.8860045853735e+01
        8       6.88888034220731e-16 2.8906314557269e+01
        9       6.89520755967424e-16 2.8933564921462e+01
       10       6.92452034728319e-16 2.8949669544900e+01
       11       6.97134229981154e-16 2.8959226335375e+01
       12       6.87142211470794e-16 2.8964923348489e+01
       13       6.94208923525716e-16 2.8968335924893e+01
       14       6.96904243881027e-16 2.8970390396000e+01
       15       6.90445226270855e-16 2.8971633622837e+01
       16       6.95655395294109e-16 2.8972389860085e+01
       17       6.93957763756757e-16 2.8972852269223e+01
       18       7.01943753506559e-16 2.8973136479778e+01
       19       6.94218280456055e-16 2.8973312056929e+01
       20       6.89832890501504e-16 2.8973421066375e+01
       21       6.96047839784454e-16 2.8973489076055e+01
       22       6.99176269323951e-16 2.8973531706487e+01
       23       6.89187270963133e-16 2.8973558549726e+01
       24       6.94439509215774e-16 2.8973575525665e+01
       25       6.96149096788367e-16 2.8973586305938e+01
       26       6.91430023998168e-16 2.8973593178737e+01
       27       6.94225491074630e-16 2.8973597576737e+01
       28       6.93589601963151e-16 2.8973600400999e+01
       29       6.88225230932532e-16 2.8973602220677e+01
       30       6.94209556920275e-16 2.8973603396763e+01
       31       6.93466235110804e-16 2.8973604159115e+01
       32       6.92734827092943e-16 2.8973604654641e+01
       33       6.93601897084883e-16 2.8973604977562e+01
       34       6.94020149369524e-16 2.8973605188510e+01
       35       6.91244948512035e-16 2.8973605326625e+01
       36       6.90069482398065e-16 2.8973605417245e+01
       37       6.88298983045701e-16 2.8973605476823e+01
       38       6.96679734615724e-16 2.8973605516064e+01
       39       6.91251855885854e-16 2.8973605541957e+01
       40       6.90142635561915e-16 2.8973605559070e+01
       41       6.95653914635685e-16 2.8973605570398e+01
       42       6.98018939867665e-16 2.8973605577908e+01
       43       6.89505202696897e-16 2.8973605582893e+01
       44       6.86548882262809e-16 2.8973605586207e+01
       45       6.86247868234412e-16 2.8973605588413e+01
       46       6.90783344116173e-16 2.8973605589882e+01
       47       6.92997464261918e-16 2.8973605590863e+01
       48       6.91875609896187e-16 2.8973605591518e+01
       49       6.91533158736369e-16 2.8973605591955e+01
       50       6.95891256051449e-16 2.8973605592249e+01
       51       6.91827916354203e-16 2.8973605592445e+01
       52       6.88758296146874e-16 2.8973605592576e+01
       53       6.87529487199172e-16 2.8973605592664e+01
       54       6.94946564683078e-16 2.8973605592724e+01
       55       6.97789271156746e-16 2.8973605592763e+01
       56       6.95671886679954e-16 2.8973605592790e+01
       57       6.92838104276607e-16 2.8973605592808e+01
       58       6.86358513502261e-16 2.8973605592820e+01
       59       6.90009839603226e-16 2.8973605592829e+01
       60       6.94678367021360e-16 2.8973605592834e+01
       61       6.92129766564101e-16 2.8973605592838e+01
       62       6.93445700264040e-16 2.8973605592840e+01
       63       6.87790117069317e-16 2.8973605592842e+01
       64       6.88676991745978e-16 2.8973605592843e+01
       65       6.90460895628764e-16 2.8973605592844e+01
       66       6.91429002348639e-16 2.8973605592844e+01
       67       6.94755995508981e-16 2.8973605592845e+01
       68       6.94871709099356e-16 2.8973605592845e+01
       69       6.98443837371882e-16 2.8973605592845e+01
       70       6.93294016501522e-16 2.8973605592845e+01
       71       6.89129222402669e-16 2.8973605592845e+01
       72       6.88001669721439e-16 2.8973605592845e+01
       73       6.93499347031900e-16 2.8973605592846e+01
       74       6.87692503549944e-16 2.8973605592845e+01
       75       6.92445147814685e-16 2.8973605592846e+01
 Benchmark completed
 VERIFICATION SUCCESSFUL
 Zeta is      2.897360559285e+01
 Error is     5.293543381413e-13


 CG Benchmark Completed
 Class           =                        C
 Size            =                   150000
 Iterations      =                       75
 Threads         =                        1
 Time in seconds =                   212.60
 Mop/s total     =                   674.26
 Operation type  =           floating point
 Verification    =               SUCCESSFUL
 Version         =                      2.3
 Compile date    =              29 Feb 2012

 Compile options:
    CC           = gcc
    CLINK        = gcc
    C_LIB        = -lm
    C_INC        = -I../common
    CFLAGS       = -O3 
    CLINKFLAGS   = (none)
    RAND         = randdp
/***********************/ 
/* Input Configuration */ 
/***********************/ 
====> GPU Block Size: 512 
/**********************/ 
/* Used Optimizations */ 
/**********************/ 
====> MallocPitch Opt is used.
====> MatrixTranspose Opt is used.
====> ParallelLoopSwap Opt is used.
====> LoopCollapse Opt is used.
====> Unrolling-on-reduction Opt is used.
====> Allocate GPU variables as global ones.
====> Optimize globally allocated GPU variables .
====> CPU-GPU Mem Transfer Opt Level: 3
====> Cuda Malloc Opt Level: 1
====> Assume that all loops have non-zero iterations.
====> Cache shared scalar variables onto GPU registers.
====> Cache shared array elements onto GPU registers.
====> Cache private array variables onto GPU shared memory.
====> local array reduction variable configuration = 1


 NAS Parallel Benchmarks 2.3 OpenMP C version - CG Benchmark
 Size:     150000
 Iterations:    75
   iteration           ||r||                 zeta
        1       2.77344200249494e-13                 inf
        2       6.20518371012807e-16 2.7392043714652e+01
        3       6.50480319358142e-16 2.8033976184027e+01
        4       6.68450867039505e-16 2.8419150755129e+01
        5       6.81305648909842e-16 2.8647167003890e+01
        6       6.86718549974946e-16 2.8781296941841e+01
        7       6.85710124685252e-16 2.8860045853735e+01
        8       6.88888034220731e-16 2.8906314557269e+01
        9       6.89520755967424e-16 2.8933564921462e+01
       10       6.92452034728319e-16 2.8949669544900e+01
       11       6.97134229981154e-16 2.8959226335375e+01
       12       6.87142211470794e-16 2.8964923348489e+01
       13       6.94208923525716e-16 2.8968335924893e+01
       14       6.96904243881027e-16 2.8970390396000e+01
       15       6.90445226270855e-16 2.8971633622837e+01
       16       6.95655395294109e-16 2.8972389860085e+01
       17       6.93957763756757e-16 2.8972852269223e+01
       18       7.01943753506559e-16 2.8973136479778e+01
       19       6.94218280456055e-16 2.8973312056929e+01
       20       6.89832890501504e-16 2.8973421066375e+01
       21       6.96047839784454e-16 2.8973489076055e+01
       22       6.99176269323951e-16 2.8973531706487e+01
       23       6.89187270963133e-16 2.8973558549726e+01
       24       6.94439509215774e-16 2.8973575525665e+01
       25       6.96149096788367e-16 2.8973586305938e+01
       26       6.91430023998168e-16 2.8973593178737e+01
       27       6.94225491074630e-16 2.8973597576737e+01
       28       6.93589601963151e-16 2.8973600400999e+01
       29       6.88225230932532e-16 2.8973602220677e+01
       30       6.94209556920275e-16 2.8973603396763e+01
       31       6.93466235110804e-16 2.8973604159115e+01
       32       6.92734827092943e-16 2.8973604654641e+01
       33       6.93601897084883e-16 2.8973604977562e+01
       34       6.94020149369524e-16 2.8973605188510e+01
       35       6.91244948512035e-16 2.8973605326625e+01
       36       6.90069482398065e-16 2.8973605417245e+01
       37       6.88298983045701e-16 2.8973605476823e+01
       38       6.96679734615724e-16 2.8973605516064e+01
       39       6.91251855885854e-16 2.8973605541957e+01
       40       6.90142635561915e-16 2.8973605559070e+01
       41       6.95653914635685e-16 2.8973605570398e+01
       42       6.98018939867665e-16 2.8973605577908e+01
       43       6.89505202696897e-16 2.8973605582893e+01
       44       6.86548882262809e-16 2.8973605586207e+01
       45       6.86247868234412e-16 2.8973605588413e+01
       46       6.90783344116173e-16 2.8973605589882e+01
       47       6.92997464261918e-16 2.8973605590863e+01
       48       6.91875609896187e-16 2.8973605591518e+01
       49       6.91533158736369e-16 2.8973605591955e+01
       50       6.95891256051449e-16 2.8973605592249e+01
       51       6.91827916354203e-16 2.8973605592445e+01
       52       6.88758296146874e-16 2.8973605592576e+01
       53       6.87529487199172e-16 2.8973605592664e+01
       54       6.94946564683078e-16 2.8973605592724e+01
       55       6.97789271156746e-16 2.8973605592763e+01
       56       6.95671886679954e-16 2.8973605592790e+01
       57       6.92838104276607e-16 2.8973605592808e+01
       58       6.86358513502261e-16 2.8973605592820e+01
       59       6.90009839603226e-16 2.8973605592829e+01
       60       6.94678367021360e-16 2.8973605592834e+01
       61       6.92129766564101e-16 2.8973605592838e+01
       62       6.93445700264040e-16 2.8973605592840e+01
       63       6.87790117069317e-16 2.8973605592842e+01
       64       6.88676991745978e-16 2.8973605592843e+01
       65       6.90460895628764e-16 2.8973605592844e+01
       66       6.91429002348639e-16 2.8973605592844e+01
       67       6.94755995508981e-16 2.8973605592845e+01
       68       6.94871709099356e-16 2.8973605592845e+01
       69       6.98443837371882e-16 2.8973605592845e+01
       70       6.93294016501522e-16 2.8973605592845e+01
       71       6.89129222402669e-16 2.8973605592845e+01
       72       6.88001669721439e-16 2.8973605592845e+01
       73       6.93499347031900e-16 2.8973605592846e+01
       74       6.87692503549944e-16 2.8973605592845e+01
       75       6.92445147814685e-16 2.8973605592846e+01
 Benchmark completed
 VERIFICATION SUCCESSFUL
 Zeta is      2.897360559285e+01
 Error is     5.293543381413e-13


 CG Benchmark Completed
 Class           =                        C
 Size            =                   150000
 Iterations      =                       75
 Threads         =                        1
 Time in seconds =                   212.93
 Mop/s total     =                   673.22
 Operation type  =           floating point
 Verification    =               SUCCESSFUL
 Version         =                      2.3
 Compile date    =              29 Feb 2012

 Compile options:
    CC           = gcc
    CLINK        = gcc
    C_LIB        = -lm
    C_INC        = -I../common
    CFLAGS       = -O3 
    CLINKFLAGS   = (none)
    RAND         = randdp
/***********************/ 
/* Input Configuration */ 
/***********************/ 
====> GPU Block Size: 512 
/**********************/ 
/* Used Optimizations */ 
/**********************/ 
====> MallocPitch Opt is used.
====> MatrixTranspose Opt is used.
====> ParallelLoopSwap Opt is used.
====> LoopCollapse Opt is used.
====> Unrolling-on-reduction Opt is used.
====> Allocate GPU variables as global ones.
====> Optimize globally allocated GPU variables .
====> CPU-GPU Mem Transfer Opt Level: 3
====> Cuda Malloc Opt Level: 1
====> Assume that all loops have non-zero iterations.
====> Cache shared scalar variables onto GPU registers.
====> Cache shared array elements onto GPU registers.
====> Cache private array variables onto GPU shared memory.
====> local array reduction variable configuration = 1


 NAS Parallel Benchmarks 2.3 OpenMP C version - CG Benchmark
 Size:     150000
 Iterations:    75
   iteration           ||r||                 zeta
        1       2.77344200249494e-13                 inf
        2       6.20518371012807e-16 2.7392043714652e+01
        3       6.50480319358142e-16 2.8033976184027e+01
        4       6.68450867039505e-16 2.8419150755129e+01
        5       6.81305648909842e-16 2.8647167003890e+01
        6       6.86718549974946e-16 2.8781296941841e+01
        7       6.85710124685252e-16 2.8860045853735e+01
        8       6.88888034220731e-16 2.8906314557269e+01
        9       6.89520755967424e-16 2.8933564921462e+01
       10       6.92452034728319e-16 2.8949669544900e+01
       11       6.97134229981154e-16 2.8959226335375e+01
       12       6.87142211470794e-16 2.8964923348489e+01
       13       6.94208923525716e-16 2.8968335924893e+01
       14       6.96904243881027e-16 2.8970390396000e+01
       15       6.90445226270855e-16 2.8971633622837e+01
       16       6.95655395294109e-16 2.8972389860085e+01
       17       6.93957763756757e-16 2.8972852269223e+01
       18       7.01943753506559e-16 2.8973136479778e+01
       19       6.94218280456055e-16 2.8973312056929e+01
       20       6.89832890501504e-16 2.8973421066375e+01
       21       6.96047839784454e-16 2.8973489076055e+01
       22       6.99176269323951e-16 2.8973531706487e+01
       23       6.89187270963133e-16 2.8973558549726e+01
       24       6.94439509215774e-16 2.8973575525665e+01
       25       6.96149096788367e-16 2.8973586305938e+01
       26       6.91430023998168e-16 2.8973593178737e+01
       27       6.94225491074630e-16 2.8973597576737e+01
       28       6.93589601963151e-16 2.8973600400999e+01
       29       6.88225230932532e-16 2.8973602220677e+01
       30       6.94209556920275e-16 2.8973603396763e+01
       31       6.93466235110804e-16 2.8973604159115e+01
       32       6.92734827092943e-16 2.8973604654641e+01
       33       6.93601897084883e-16 2.8973604977562e+01
       34       6.94020149369524e-16 2.8973605188510e+01
       35       6.91244948512035e-16 2.8973605326625e+01
       36       6.90069482398065e-16 2.8973605417245e+01
       37       6.88298983045701e-16 2.8973605476823e+01
       38       6.96679734615724e-16 2.8973605516064e+01
       39       6.91251855885854e-16 2.8973605541957e+01
       40       6.90142635561915e-16 2.8973605559070e+01
       41       6.95653914635685e-16 2.8973605570398e+01
       42       6.98018939867665e-16 2.8973605577908e+01
       43       6.89505202696897e-16 2.8973605582893e+01
       44       6.86548882262809e-16 2.8973605586207e+01
       45       6.86247868234412e-16 2.8973605588413e+01
       46       6.90783344116173e-16 2.8973605589882e+01
       47       6.92997464261918e-16 2.8973605590863e+01
       48       6.91875609896187e-16 2.8973605591518e+01
       49       6.91533158736369e-16 2.8973605591955e+01
       50       6.95891256051449e-16 2.8973605592249e+01
       51       6.91827916354203e-16 2.8973605592445e+01
       52       6.88758296146874e-16 2.8973605592576e+01
       53       6.87529487199172e-16 2.8973605592664e+01
       54       6.94946564683078e-16 2.8973605592724e+01
       55       6.97789271156746e-16 2.8973605592763e+01
       56       6.95671886679954e-16 2.8973605592790e+01
       57       6.92838104276607e-16 2.8973605592808e+01
       58       6.86358513502261e-16 2.8973605592820e+01
       59       6.90009839603226e-16 2.8973605592829e+01
       60       6.94678367021360e-16 2.8973605592834e+01
       61       6.92129766564101e-16 2.8973605592838e+01
       62       6.93445700264040e-16 2.8973605592840e+01
       63       6.87790117069317e-16 2.8973605592842e+01
       64       6.88676991745978e-16 2.8973605592843e+01
       65       6.90460895628764e-16 2.8973605592844e+01
       66       6.91429002348639e-16 2.8973605592844e+01
       67       6.94755995508981e-16 2.8973605592845e+01
       68       6.94871709099356e-16 2.8973605592845e+01
       69       6.98443837371882e-16 2.8973605592845e+01
       70       6.93294016501522e-16 2.8973605592845e+01
       71       6.89129222402669e-16 2.8973605592845e+01
       72       6.88001669721439e-16 2.8973605592845e+01
       73       6.93499347031900e-16 2.8973605592846e+01
       74       6.87692503549944e-16 2.8973605592845e+01
       75       6.92445147814685e-16 2.8973605592846e+01
 Benchmark completed
 VERIFICATION SUCCESSFUL
 Zeta is      2.897360559285e+01
 Error is     5.293543381413e-13


 CG Benchmark Completed
 Class           =                        C
 Size            =                   150000
 Iterations      =                       75
 Threads         =                        1
 Time in seconds =                   212.49
 Mop/s total     =                   674.61
 Operation type  =           floating point
 Verification    =               SUCCESSFUL
 Version         =                      2.3
 Compile date    =              29 Feb 2012

 Compile options:
    CC           = gcc
    CLINK        = gcc
    C_LIB        = -lm
    C_INC        = -I../common
    CFLAGS       = -O3 
    CLINKFLAGS   = (none)
    RAND         = randdp
/***********************/ 
/* Input Configuration */ 
/***********************/ 
====> GPU Block Size: 512 
/**********************/ 
/* Used Optimizations */ 
/**********************/ 
====> MallocPitch Opt is used.
====> MatrixTranspose Opt is used.
====> ParallelLoopSwap Opt is used.
====> LoopCollapse Opt is used.
====> Unrolling-on-reduction Opt is used.
====> Allocate GPU variables as global ones.
====> Optimize globally allocated GPU variables .
====> CPU-GPU Mem Transfer Opt Level: 3
====> Cuda Malloc Opt Level: 1
====> Assume that all loops have non-zero iterations.
====> Cache shared scalar variables onto GPU registers.
====> Cache shared array elements onto GPU registers.
====> Cache private array variables onto GPU shared memory.
====> local array reduction variable configuration = 1


 NAS Parallel Benchmarks 2.3 OpenMP C version - CG Benchmark
 Size:     150000
 Iterations:    75
   iteration           ||r||                 zeta
        1       2.77344200249494e-13                 inf
        2       6.20518371012807e-16 2.7392043714652e+01
        3       6.50480319358142e-16 2.8033976184027e+01
        4       6.68450867039505e-16 2.8419150755129e+01
        5       6.81305648909842e-16 2.8647167003890e+01
        6       6.86718549974946e-16 2.8781296941841e+01
        7       6.85710124685252e-16 2.8860045853735e+01
        8       6.88888034220731e-16 2.8906314557269e+01
        9       6.89520755967424e-16 2.8933564921462e+01
       10       6.92452034728319e-16 2.8949669544900e+01
       11       6.97134229981154e-16 2.8959226335375e+01
       12       6.87142211470794e-16 2.8964923348489e+01
       13       6.94208923525716e-16 2.8968335924893e+01
       14       6.96904243881027e-16 2.8970390396000e+01
       15       6.90445226270855e-16 2.8971633622837e+01
       16       6.95655395294109e-16 2.8972389860085e+01
       17       6.93957763756757e-16 2.8972852269223e+01
       18       7.01943753506559e-16 2.8973136479778e+01
       19       6.94218280456055e-16 2.8973312056929e+01
       20       6.89832890501504e-16 2.8973421066375e+01
       21       6.96047839784454e-16 2.8973489076055e+01
       22       6.99176269323951e-16 2.8973531706487e+01
       23       6.89187270963133e-16 2.8973558549726e+01
       24       6.94439509215774e-16 2.8973575525665e+01
       25       6.96149096788367e-16 2.8973586305938e+01
       26       6.91430023998168e-16 2.8973593178737e+01
       27       6.94225491074630e-16 2.8973597576737e+01
       28       6.93589601963151e-16 2.8973600400999e+01
       29       6.88225230932532e-16 2.8973602220677e+01
       30       6.94209556920275e-16 2.8973603396763e+01
       31       6.93466235110804e-16 2.8973604159115e+01
       32       6.92734827092943e-16 2.8973604654641e+01
       33       6.93601897084883e-16 2.8973604977562e+01
       34       6.94020149369524e-16 2.8973605188510e+01
       35       6.91244948512035e-16 2.8973605326625e+01
       36       6.90069482398065e-16 2.8973605417245e+01
       37       6.88298983045701e-16 2.8973605476823e+01
       38       6.96679734615724e-16 2.8973605516064e+01
       39       6.91251855885854e-16 2.8973605541957e+01
       40       6.90142635561915e-16 2.8973605559070e+01
       41       6.95653914635685e-16 2.8973605570398e+01
       42       6.98018939867665e-16 2.8973605577908e+01
       43       6.89505202696897e-16 2.8973605582893e+01
       44       6.86548882262809e-16 2.8973605586207e+01
       45       6.86247868234412e-16 2.8973605588413e+01
       46       6.90783344116173e-16 2.8973605589882e+01
       47       6.92997464261918e-16 2.8973605590863e+01
       48       6.91875609896187e-16 2.8973605591518e+01
       49       6.91533158736369e-16 2.8973605591955e+01
       50       6.95891256051449e-16 2.8973605592249e+01
       51       6.91827916354203e-16 2.8973605592445e+01
       52       6.88758296146874e-16 2.8973605592576e+01
       53       6.87529487199172e-16 2.8973605592664e+01
       54       6.94946564683078e-16 2.8973605592724e+01
       55       6.97789271156746e-16 2.8973605592763e+01
       56       6.95671886679954e-16 2.8973605592790e+01
       57       6.92838104276607e-16 2.8973605592808e+01
       58       6.86358513502261e-16 2.8973605592820e+01
       59       6.90009839603226e-16 2.8973605592829e+01
       60       6.94678367021360e-16 2.8973605592834e+01
       61       6.92129766564101e-16 2.8973605592838e+01
       62       6.93445700264040e-16 2.8973605592840e+01
       63       6.87790117069317e-16 2.8973605592842e+01
       64       6.88676991745978e-16 2.8973605592843e+01
       65       6.90460895628764e-16 2.8973605592844e+01
       66       6.91429002348639e-16 2.8973605592844e+01
       67       6.94755995508981e-16 2.8973605592845e+01
       68       6.94871709099356e-16 2.8973605592845e+01
       69       6.98443837371882e-16 2.8973605592845e+01
       70       6.93294016501522e-16 2.8973605592845e+01
       71       6.89129222402669e-16 2.8973605592845e+01
       72       6.88001669721439e-16 2.8973605592845e+01
       73       6.93499347031900e-16 2.8973605592846e+01
       74       6.87692503549944e-16 2.8973605592845e+01
       75       6.92445147814685e-16 2.8973605592846e+01
 Benchmark completed
 VERIFICATION SUCCESSFUL
 Zeta is      2.897360559285e+01
 Error is     5.293543381413e-13


 CG Benchmark Completed
 Class           =                        C
 Size            =                   150000
 Iterations      =                       75
 Threads         =                        1
 Time in seconds =                   212.61
 Mop/s total     =                   674.23
 Operation type  =           floating point
 Verification    =               SUCCESSFUL
 Version         =                      2.3
 Compile date    =              29 Feb 2012

 Compile options:
    CC           = gcc
    CLINK        = gcc
    C_LIB        = -lm
    C_INC        = -I../common
    CFLAGS       = -O3 
    CLINKFLAGS   = (none)
    RAND         = randdp
/***********************/ 
/* Input Configuration */ 
/***********************/ 
====> GPU Block Size: 512 
/**********************/ 
/* Used Optimizations */ 
/**********************/ 
====> MallocPitch Opt is used.
====> MatrixTranspose Opt is used.
====> ParallelLoopSwap Opt is used.
====> LoopCollapse Opt is used.
====> Unrolling-on-reduction Opt is used.
====> Allocate GPU variables as global ones.
====> Optimize globally allocated GPU variables .
====> CPU-GPU Mem Transfer Opt Level: 3
====> Cuda Malloc Opt Level: 1
====> Assume that all loops have non-zero iterations.
====> Cache shared scalar variables onto GPU registers.
====> Cache shared array elements onto GPU registers.
====> Cache private array variables onto GPU shared memory.
====> local array reduction variable configuration = 1


 NAS Parallel Benchmarks 2.3 OpenMP C version - CG Benchmark
 Size:     150000
 Iterations:    75
   iteration           ||r||                 zeta
        1       2.77344200249494e-13                 inf
        2       6.20518371012807e-16 2.7392043714652e+01
        3       6.50480319358142e-16 2.8033976184027e+01
        4       6.68450867039505e-16 2.8419150755129e+01
        5       6.81305648909842e-16 2.8647167003890e+01
        6       6.86718549974946e-16 2.8781296941841e+01
        7       6.85710124685252e-16 2.8860045853735e+01
        8       6.88888034220731e-16 2.8906314557269e+01
        9       6.89520755967424e-16 2.8933564921462e+01
       10       6.92452034728319e-16 2.8949669544900e+01
       11       6.97134229981154e-16 2.8959226335375e+01
       12       6.87142211470794e-16 2.8964923348489e+01
       13       6.94208923525716e-16 2.8968335924893e+01
       14       6.96904243881027e-16 2.8970390396000e+01
       15       6.90445226270855e-16 2.8971633622837e+01
       16       6.95655395294109e-16 2.8972389860085e+01
       17       6.93957763756757e-16 2.8972852269223e+01
       18       7.01943753506559e-16 2.8973136479778e+01
       19       6.94218280456055e-16 2.8973312056929e+01
       20       6.89832890501504e-16 2.8973421066375e+01
       21       6.96047839784454e-16 2.8973489076055e+01
       22       6.99176269323951e-16 2.8973531706487e+01
       23       6.89187270963133e-16 2.8973558549726e+01
       24       6.94439509215774e-16 2.8973575525665e+01
       25       6.96149096788367e-16 2.8973586305938e+01
       26       6.91430023998168e-16 2.8973593178737e+01
       27       6.94225491074630e-16 2.8973597576737e+01
       28       6.93589601963151e-16 2.8973600400999e+01
       29       6.88225230932532e-16 2.8973602220677e+01
       30       6.94209556920275e-16 2.8973603396763e+01
       31       6.93466235110804e-16 2.8973604159115e+01
       32       6.92734827092943e-16 2.8973604654641e+01
       33       6.93601897084883e-16 2.8973604977562e+01
       34       6.94020149369524e-16 2.8973605188510e+01
       35       6.91244948512035e-16 2.8973605326625e+01
       36       6.90069482398065e-16 2.8973605417245e+01
       37       6.88298983045701e-16 2.8973605476823e+01
       38       6.96679734615724e-16 2.8973605516064e+01
       39       6.91251855885854e-16 2.8973605541957e+01
       40       6.90142635561915e-16 2.8973605559070e+01
       41       6.95653914635685e-16 2.8973605570398e+01
       42       6.98018939867665e-16 2.8973605577908e+01
       43       6.89505202696897e-16 2.8973605582893e+01
       44       6.86548882262809e-16 2.8973605586207e+01
       45       6.86247868234412e-16 2.8973605588413e+01
       46       6.90783344116173e-16 2.8973605589882e+01
       47       6.92997464261918e-16 2.8973605590863e+01
       48       6.91875609896187e-16 2.8973605591518e+01
       49       6.91533158736369e-16 2.8973605591955e+01
       50       6.95891256051449e-16 2.8973605592249e+01
       51       6.91827916354203e-16 2.8973605592445e+01
       52       6.88758296146874e-16 2.8973605592576e+01
       53       6.87529487199172e-16 2.8973605592664e+01
       54       6.94946564683078e-16 2.8973605592724e+01
       55       6.97789271156746e-16 2.8973605592763e+01
       56       6.95671886679954e-16 2.8973605592790e+01
       57       6.92838104276607e-16 2.8973605592808e+01
       58       6.86358513502261e-16 2.8973605592820e+01
       59       6.90009839603226e-16 2.8973605592829e+01
       60       6.94678367021360e-16 2.8973605592834e+01
       61       6.92129766564101e-16 2.8973605592838e+01
       62       6.93445700264040e-16 2.8973605592840e+01
       63       6.87790117069317e-16 2.8973605592842e+01
       64       6.88676991745978e-16 2.8973605592843e+01
       65       6.90460895628764e-16 2.8973605592844e+01
       66       6.91429002348639e-16 2.8973605592844e+01
       67       6.94755995508981e-16 2.8973605592845e+01
       68       6.94871709099356e-16 2.8973605592845e+01
       69       6.98443837371882e-16 2.8973605592845e+01
       70       6.93294016501522e-16 2.8973605592845e+01
       71       6.89129222402669e-16 2.8973605592845e+01
       72       6.88001669721439e-16 2.8973605592845e+01
       73       6.93499347031900e-16 2.8973605592846e+01
       74       6.87692503549944e-16 2.8973605592845e+01
       75       6.92445147814685e-16 2.8973605592846e+01
 Benchmark completed
 VERIFICATION SUCCESSFUL
 Zeta is      2.897360559285e+01
 Error is     5.293543381413e-13


 CG Benchmark Completed
 Class           =                        C
 Size            =                   150000
 Iterations      =                       75
 Threads         =                        1
 Time in seconds =                   206.49
 Mop/s total     =                   694.21
 Operation type  =           floating point
 Verification    =               SUCCESSFUL
 Version         =                      2.3
 Compile date    =              29 Feb 2012

 Compile options:
    CC           = gcc
    CLINK        = gcc
    C_LIB        = -lm
    C_INC        = -I../common
    CFLAGS       = -O3 
    CLINKFLAGS   = (none)
    RAND         = randdp
/***********************/ 
/* Input Configuration */ 
/***********************/ 
====> GPU Block Size: 512 
/**********************/ 
/* Used Optimizations */ 
/**********************/ 
====> MallocPitch Opt is used.
====> MatrixTranspose Opt is used.
====> ParallelLoopSwap Opt is used.
====> LoopCollapse Opt is used.
====> Unrolling-on-reduction Opt is used.
====> Allocate GPU variables as global ones.
====> Optimize globally allocated GPU variables .
====> CPU-GPU Mem Transfer Opt Level: 3
====> Cuda Malloc Opt Level: 1
====> Assume that all loops have non-zero iterations.
====> Cache shared scalar variables onto GPU registers.
====> Cache shared array elements onto GPU registers.
====> Cache private array variables onto GPU shared memory.
====> local array reduction variable configuration = 1


 NAS Parallel Benchmarks 2.3 OpenMP C version - CG Benchmark
 Size:     150000
 Iterations:    75
   iteration           ||r||                 zeta
        1       2.77344200249494e-13                 inf
        2       6.20518371012807e-16 2.7392043714652e+01
        3       6.50480319358142e-16 2.8033976184027e+01
        4       6.68450867039505e-16 2.8419150755129e+01
        5       6.81305648909842e-16 2.8647167003890e+01
        6       6.86718549974946e-16 2.8781296941841e+01
        7       6.85710124685252e-16 2.8860045853735e+01
        8       6.88888034220731e-16 2.8906314557269e+01
        9       6.89520755967424e-16 2.8933564921462e+01
       10       6.92452034728319e-16 2.8949669544900e+01
       11       6.97134229981154e-16 2.8959226335375e+01
       12       6.87142211470794e-16 2.8964923348489e+01
       13       6.94208923525716e-16 2.8968335924893e+01
       14       6.96904243881027e-16 2.8970390396000e+01
       15       6.90445226270855e-16 2.8971633622837e+01
       16       6.95655395294109e-16 2.8972389860085e+01
       17       6.93957763756757e-16 2.8972852269223e+01
       18       7.01943753506559e-16 2.8973136479778e+01
       19       6.94218280456055e-16 2.8973312056929e+01
       20       6.89832890501504e-16 2.8973421066375e+01
       21       6.96047839784454e-16 2.8973489076055e+01
       22       6.99176269323951e-16 2.8973531706487e+01
       23       6.89187270963133e-16 2.8973558549726e+01
       24       6.94439509215774e-16 2.8973575525665e+01
       25       6.96149096788367e-16 2.8973586305938e+01
       26       6.91430023998168e-16 2.8973593178737e+01
       27       6.94225491074630e-16 2.8973597576737e+01
       28       6.93589601963151e-16 2.8973600400999e+01
       29       6.88225230932532e-16 2.8973602220677e+01
       30       6.94209556920275e-16 2.8973603396763e+01
       31       6.93466235110804e-16 2.8973604159115e+01
       32       6.92734827092943e-16 2.8973604654641e+01
       33       6.93601897084883e-16 2.8973604977562e+01
       34       6.94020149369524e-16 2.8973605188510e+01
       35       6.91244948512035e-16 2.8973605326625e+01
       36       6.90069482398065e-16 2.8973605417245e+01
       37       6.88298983045701e-16 2.8973605476823e+01
       38       6.96679734615724e-16 2.8973605516064e+01
       39       6.91251855885854e-16 2.8973605541957e+01
       40       6.90142635561915e-16 2.8973605559070e+01
       41       6.95653914635685e-16 2.8973605570398e+01
       42       6.98018939867665e-16 2.8973605577908e+01
       43       6.89505202696897e-16 2.8973605582893e+01
       44       6.86548882262809e-16 2.8973605586207e+01
       45       6.86247868234412e-16 2.8973605588413e+01
       46       6.90783344116173e-16 2.8973605589882e+01
       47       6.92997464261918e-16 2.8973605590863e+01
       48       6.91875609896187e-16 2.8973605591518e+01
       49       6.91533158736369e-16 2.8973605591955e+01
       50       6.95891256051449e-16 2.8973605592249e+01
       51       6.91827916354203e-16 2.8973605592445e+01
       52       6.88758296146874e-16 2.8973605592576e+01
       53       6.87529487199172e-16 2.8973605592664e+01
       54       6.94946564683078e-16 2.8973605592724e+01
       55       6.97789271156746e-16 2.8973605592763e+01
       56       6.95671886679954e-16 2.8973605592790e+01
       57       6.92838104276607e-16 2.8973605592808e+01
       58       6.86358513502261e-16 2.8973605592820e+01
       59       6.90009839603226e-16 2.8973605592829e+01
       60       6.94678367021360e-16 2.8973605592834e+01
       61       6.92129766564101e-16 2.8973605592838e+01
       62       6.93445700264040e-16 2.8973605592840e+01
       63       6.87790117069317e-16 2.8973605592842e+01
       64       6.88676991745978e-16 2.8973605592843e+01
       65       6.90460895628764e-16 2.8973605592844e+01
       66       6.91429002348639e-16 2.8973605592844e+01
       67       6.94755995508981e-16 2.8973605592845e+01
       68       6.94871709099356e-16 2.8973605592845e+01
       69       6.98443837371882e-16 2.8973605592845e+01
       70       6.93294016501522e-16 2.8973605592845e+01
       71       6.89129222402669e-16 2.8973605592845e+01
       72       6.88001669721439e-16 2.8973605592845e+01
       73       6.93499347031900e-16 2.8973605592846e+01
       74       6.87692503549944e-16 2.8973605592845e+01
       75       6.92445147814685e-16 2.8973605592846e+01
 Benchmark completed
 VERIFICATION SUCCESSFUL
 Zeta is      2.897360559285e+01
 Error is     5.293543381413e-13


 CG Benchmark Completed
 Class           =                        C
 Size            =                   150000
 Iterations      =                       75
 Threads         =                        1
 Time in seconds =                   214.58
 Mop/s total     =                   668.05
 Operation type  =           floating point
 Verification    =               SUCCESSFUL
 Version         =                      2.3
 Compile date    =              29 Feb 2012

 Compile options:
    CC           = gcc
    CLINK        = gcc
    C_LIB        = -lm
    C_INC        = -I../common
    CFLAGS       = -O3 
    CLINKFLAGS   = (none)
    RAND         = randdp
/***********************/ 
/* Input Configuration */ 
/***********************/ 
====> GPU Block Size: 512 
/**********************/ 
/* Used Optimizations */ 
/**********************/ 
====> MallocPitch Opt is used.
====> MatrixTranspose Opt is used.
====> ParallelLoopSwap Opt is used.
====> LoopCollapse Opt is used.
====> Unrolling-on-reduction Opt is used.
====> Allocate GPU variables as global ones.
====> Optimize globally allocated GPU variables .
====> CPU-GPU Mem Transfer Opt Level: 3
====> Cuda Malloc Opt Level: 1
====> Assume that all loops have non-zero iterations.
====> Cache shared scalar variables onto GPU registers.
====> Cache shared array elements onto GPU registers.
====> Cache private array variables onto GPU shared memory.
====> local array reduction variable configuration = 1


 NAS Parallel Benchmarks 2.3 OpenMP C version - CG Benchmark
 Size:     150000
 Iterations:    75
   iteration           ||r||                 zeta
        1       2.77344200249494e-13                 inf
        2       6.20518371012807e-16 2.7392043714652e+01
        3       6.50480319358142e-16 2.8033976184027e+01
        4       6.68450867039505e-16 2.8419150755129e+01
        5       6.81305648909842e-16 2.8647167003890e+01
        6       6.86718549974946e-16 2.8781296941841e+01
        7       6.85710124685252e-16 2.8860045853735e+01
        8       6.88888034220731e-16 2.8906314557269e+01
        9       6.89520755967424e-16 2.8933564921462e+01
       10       6.92452034728319e-16 2.8949669544900e+01
       11       6.97134229981154e-16 2.8959226335375e+01
       12       6.87142211470794e-16 2.8964923348489e+01
       13       6.94208923525716e-16 2.8968335924893e+01
       14       6.96904243881027e-16 2.8970390396000e+01
       15       6.90445226270855e-16 2.8971633622837e+01
       16       6.95655395294109e-16 2.8972389860085e+01
       17       6.93957763756757e-16 2.8972852269223e+01
       18       7.01943753506559e-16 2.8973136479778e+01
       19       6.94218280456055e-16 2.8973312056929e+01
       20       6.89832890501504e-16 2.8973421066375e+01
       21       6.96047839784454e-16 2.8973489076055e+01
       22       6.99176269323951e-16 2.8973531706487e+01
       23       6.89187270963133e-16 2.8973558549726e+01
       24       6.94439509215774e-16 2.8973575525665e+01
       25       6.96149096788367e-16 2.8973586305938e+01
       26       6.91430023998168e-16 2.8973593178737e+01
       27       6.94225491074630e-16 2.8973597576737e+01
       28       6.93589601963151e-16 2.8973600400999e+01
       29       6.88225230932532e-16 2.8973602220677e+01
       30       6.94209556920275e-16 2.8973603396763e+01
       31       6.93466235110804e-16 2.8973604159115e+01
       32       6.92734827092943e-16 2.8973604654641e+01
       33       6.93601897084883e-16 2.8973604977562e+01
       34       6.94020149369524e-16 2.8973605188510e+01
       35       6.91244948512035e-16 2.8973605326625e+01
       36       6.90069482398065e-16 2.8973605417245e+01
       37       6.88298983045701e-16 2.8973605476823e+01
       38       6.96679734615724e-16 2.8973605516064e+01
       39       6.91251855885854e-16 2.8973605541957e+01
       40       6.90142635561915e-16 2.8973605559070e+01
       41       6.95653914635685e-16 2.8973605570398e+01
       42       6.98018939867665e-16 2.8973605577908e+01
       43       6.89505202696897e-16 2.8973605582893e+01
       44       6.86548882262809e-16 2.8973605586207e+01
       45       6.86247868234412e-16 2.8973605588413e+01
       46       6.90783344116173e-16 2.8973605589882e+01
       47       6.92997464261918e-16 2.8973605590863e+01
       48       6.91875609896187e-16 2.8973605591518e+01
       49       6.91533158736369e-16 2.8973605591955e+01
       50       6.95891256051449e-16 2.8973605592249e+01
       51       6.91827916354203e-16 2.8973605592445e+01
       52       6.88758296146874e-16 2.8973605592576e+01
       53       6.87529487199172e-16 2.8973605592664e+01
       54       6.94946564683078e-16 2.8973605592724e+01
       55       6.97789271156746e-16 2.8973605592763e+01
       56       6.95671886679954e-16 2.8973605592790e+01
       57       6.92838104276607e-16 2.8973605592808e+01
       58       6.86358513502261e-16 2.8973605592820e+01
       59       6.90009839603226e-16 2.8973605592829e+01
       60       6.94678367021360e-16 2.8973605592834e+01
       61       6.92129766564101e-16 2.8973605592838e+01
       62       6.93445700264040e-16 2.8973605592840e+01
       63       6.87790117069317e-16 2.8973605592842e+01
       64       6.88676991745978e-16 2.8973605592843e+01
       65       6.90460895628764e-16 2.8973605592844e+01
       66       6.91429002348639e-16 2.8973605592844e+01
       67       6.94755995508981e-16 2.8973605592845e+01
       68       6.94871709099356e-16 2.8973605592845e+01
       69       6.98443837371882e-16 2.8973605592845e+01
       70       6.93294016501522e-16 2.8973605592845e+01
       71       6.89129222402669e-16 2.8973605592845e+01
       72       6.88001669721439e-16 2.8973605592845e+01
       73       6.93499347031900e-16 2.8973605592846e+01
       74       6.87692503549944e-16 2.8973605592845e+01
       75       6.92445147814685e-16 2.8973605592846e+01
 Benchmark completed
 VERIFICATION SUCCESSFUL
 Zeta is      2.897360559285e+01
 Error is     5.293543381413e-13


 CG Benchmark Completed
 Class           =                        C
 Size            =                   150000
 Iterations      =                       75
 Threads         =                        1
 Time in seconds =                   206.57
 Mop/s total     =                   693.93
 Operation type  =           floating point
 Verification    =               SUCCESSFUL
 Version         =                      2.3
 Compile date    =              29 Feb 2012

 Compile options:
    CC           = gcc
    CLINK        = gcc
    C_LIB        = -lm
    C_INC        = -I../common
    CFLAGS       = -O3 
    CLINKFLAGS   = (none)
    RAND         = randdp
/***********************/ 
/* Input Configuration */ 
/***********************/ 
====> GPU Block Size: 512 
/**********************/ 
/* Used Optimizations */ 
/**********************/ 
====> MallocPitch Opt is used.
====> MatrixTranspose Opt is used.
====> ParallelLoopSwap Opt is used.
====> LoopCollapse Opt is used.
====> Unrolling-on-reduction Opt is used.
====> Allocate GPU variables as global ones.
====> Optimize globally allocated GPU variables .
====> CPU-GPU Mem Transfer Opt Level: 3
====> Cuda Malloc Opt Level: 1
====> Assume that all loops have non-zero iterations.
====> Cache shared scalar variables onto GPU registers.
====> Cache shared array elements onto GPU registers.
====> Cache private array variables onto GPU shared memory.
====> local array reduction variable configuration = 1
