

 NAS Parallel Benchmarks 2.3 OpenMP C version - CG Benchmark
 Size:       7000
 Iterations:    15
   iteration           ||r||                 zeta
        1       2.82189803610046e-07                 inf
        2       4.46610242592292e-09 1.0345727574008e+01
        3       2.88512219940489e-09 1.0361788020180e+01
        4       9.58325769052803e-10 1.0362541630806e+01
        5       2.66668255373068e-10 1.0362590586112e+01
        6       6.59013588614265e-11 1.0362594646870e+01
        7       1.33211009657787e-11 1.0362595039865e+01
        8       2.43912702965337e-12 1.0362595081732e+01
        9       4.77849833097634e-13 1.0362595086483e+01
       10       9.29150767734622e-14 1.0362595087045e+01
       11       1.93634711959722e-14 1.0362595087114e+01
       12       4.82476147917498e-15 1.0362595087123e+01
       13       1.76447991156968e-15 1.0362595087124e+01
       14       1.34634107757319e-15 1.0362595087124e+01
       15       1.27071488277780e-15 1.0362595087124e+01
 Benchmark completed
 VERIFICATION SUCCESSFUL
 Zeta is      1.036259508712e+01
 Error is     3.552713678801e-15


 CG Benchmark Completed
 Class           =                        W
 Size            =                     7000
 Iterations      =                       15
 Threads         =                        1
 Time in seconds =                     0.33
 Mop/s total     =                  1286.33
 Operation type  =           floating point
 Verification    =               SUCCESSFUL
 Version         =                      2.3
 Compile date    =              29 Feb 2012

 Compile options:
    CC           = gcc
    CLINK        = gcc
    C_LIB        = -lm
    C_INC        = -I../common
    CFLAGS       = -O3 
    CLINKFLAGS   = (none)
    RAND         = randdp
/***********************/ 
/* Input Configuration */ 
/***********************/ 
====> GPU Block Size: 512 
/**********************/ 
/* Used Optimizations */ 
/**********************/ 
====> MallocPitch Opt is used.
====> MatrixTranspose Opt is used.
====> ParallelLoopSwap Opt is used.
====> LoopCollapse Opt is used.
====> Unrolling-on-reduction Opt is used.
====> Allocate GPU variables as global ones.
====> Optimize globally allocated GPU variables .
====> CPU-GPU Mem Transfer Opt Level: 3
====> Cuda Malloc Opt Level: 1
====> Assume that all loops have non-zero iterations.
====> Cache shared scalar variables onto GPU registers.
====> Cache shared array elements onto GPU registers.
====> Cache private array variables onto GPU shared memory.
====> local array reduction variable configuration = 1


 NAS Parallel Benchmarks 2.3 OpenMP C version - CG Benchmark
 Size:       7000
 Iterations:    15
   iteration           ||r||                 zeta
        1       2.82189803610046e-07                 inf
        2       4.46610242592292e-09 1.0345727574008e+01
        3       2.88512219940489e-09 1.0361788020180e+01
        4       9.58325769052803e-10 1.0362541630806e+01
        5       2.66668255373068e-10 1.0362590586112e+01
        6       6.59013588614265e-11 1.0362594646870e+01
        7       1.33211009657787e-11 1.0362595039865e+01
        8       2.43912702965337e-12 1.0362595081732e+01
        9       4.77849833097634e-13 1.0362595086483e+01
       10       9.29150767734622e-14 1.0362595087045e+01
       11       1.93634711959722e-14 1.0362595087114e+01
       12       4.82476147917498e-15 1.0362595087123e+01
       13       1.76447991156968e-15 1.0362595087124e+01
       14       1.34634107757319e-15 1.0362595087124e+01
       15       1.27071488277780e-15 1.0362595087124e+01
 Benchmark completed
 VERIFICATION SUCCESSFUL
 Zeta is      1.036259508712e+01
 Error is     3.552713678801e-15


 CG Benchmark Completed
 Class           =                        W
 Size            =                     7000
 Iterations      =                       15
 Threads         =                        1
 Time in seconds =                     0.42
 Mop/s total     =                  1001.91
 Operation type  =           floating point
 Verification    =               SUCCESSFUL
 Version         =                      2.3
 Compile date    =              29 Feb 2012

 Compile options:
    CC           = gcc
    CLINK        = gcc
    C_LIB        = -lm
    C_INC        = -I../common
    CFLAGS       = -O3 
    CLINKFLAGS   = (none)
    RAND         = randdp
/***********************/ 
/* Input Configuration */ 
/***********************/ 
====> GPU Block Size: 512 
/**********************/ 
/* Used Optimizations */ 
/**********************/ 
====> MallocPitch Opt is used.
====> MatrixTranspose Opt is used.
====> ParallelLoopSwap Opt is used.
====> LoopCollapse Opt is used.
====> Unrolling-on-reduction Opt is used.
====> Allocate GPU variables as global ones.
====> Optimize globally allocated GPU variables .
====> CPU-GPU Mem Transfer Opt Level: 3
====> Cuda Malloc Opt Level: 1
====> Assume that all loops have non-zero iterations.
====> Cache shared scalar variables onto GPU registers.
====> Cache shared array elements onto GPU registers.
====> Cache private array variables onto GPU shared memory.
====> local array reduction variable configuration = 1


 NAS Parallel Benchmarks 2.3 OpenMP C version - CG Benchmark
 Size:       7000
 Iterations:    15
   iteration           ||r||                 zeta
        1       2.82189803610046e-07                 inf
        2       4.46610242592292e-09 1.0345727574008e+01
        3       2.88512219940489e-09 1.0361788020180e+01
        4       9.58325769052803e-10 1.0362541630806e+01
        5       2.66668255373068e-10 1.0362590586112e+01
        6       6.59013588614265e-11 1.0362594646870e+01
        7       1.33211009657787e-11 1.0362595039865e+01
        8       2.43912702965337e-12 1.0362595081732e+01
        9       4.77849833097634e-13 1.0362595086483e+01
       10       9.29150767734622e-14 1.0362595087045e+01
       11       1.93634711959722e-14 1.0362595087114e+01
       12       4.82476147917498e-15 1.0362595087123e+01
       13       1.76447991156968e-15 1.0362595087124e+01
       14       1.34634107757319e-15 1.0362595087124e+01
       15       1.27071488277780e-15 1.0362595087124e+01
 Benchmark completed
 VERIFICATION SUCCESSFUL
 Zeta is      1.036259508712e+01
 Error is     3.552713678801e-15


 CG Benchmark Completed
 Class           =                        W
 Size            =                     7000
 Iterations      =                       15
 Threads         =                        1
 Time in seconds =                     0.34
 Mop/s total     =                  1253.18
 Operation type  =           floating point
 Verification    =               SUCCESSFUL
 Version         =                      2.3
 Compile date    =              29 Feb 2012

 Compile options:
    CC           = gcc
    CLINK        = gcc
    C_LIB        = -lm
    C_INC        = -I../common
    CFLAGS       = -O3 
    CLINKFLAGS   = (none)
    RAND         = randdp
/***********************/ 
/* Input Configuration */ 
/***********************/ 
====> GPU Block Size: 512 
/**********************/ 
/* Used Optimizations */ 
/**********************/ 
====> MallocPitch Opt is used.
====> MatrixTranspose Opt is used.
====> ParallelLoopSwap Opt is used.
====> LoopCollapse Opt is used.
====> Unrolling-on-reduction Opt is used.
====> Allocate GPU variables as global ones.
====> Optimize globally allocated GPU variables .
====> CPU-GPU Mem Transfer Opt Level: 3
====> Cuda Malloc Opt Level: 1
====> Assume that all loops have non-zero iterations.
====> Cache shared scalar variables onto GPU registers.
====> Cache shared array elements onto GPU registers.
====> Cache private array variables onto GPU shared memory.
====> local array reduction variable configuration = 1


 NAS Parallel Benchmarks 2.3 OpenMP C version - CG Benchmark
 Size:       7000
 Iterations:    15
   iteration           ||r||                 zeta
        1       2.82189803610046e-07                 inf
        2       4.46610242592292e-09 1.0345727574008e+01
        3       2.88512219940489e-09 1.0361788020180e+01
        4       9.58325769052803e-10 1.0362541630806e+01
        5       2.66668255373068e-10 1.0362590586112e+01
        6       6.59013588614265e-11 1.0362594646870e+01
        7       1.33211009657787e-11 1.0362595039865e+01
        8       2.43912702965337e-12 1.0362595081732e+01
        9       4.77849833097634e-13 1.0362595086483e+01
       10       9.29150767734622e-14 1.0362595087045e+01
       11       1.93634711959722e-14 1.0362595087114e+01
       12       4.82476147917498e-15 1.0362595087123e+01
       13       1.76447991156968e-15 1.0362595087124e+01
       14       1.34634107757319e-15 1.0362595087124e+01
       15       1.27071488277780e-15 1.0362595087124e+01
 Benchmark completed
 VERIFICATION SUCCESSFUL
 Zeta is      1.036259508712e+01
 Error is     3.552713678801e-15


 CG Benchmark Completed
 Class           =                        W
 Size            =                     7000
 Iterations      =                       15
 Threads         =                        1
 Time in seconds =                     0.33
 Mop/s total     =                  1289.55
 Operation type  =           floating point
 Verification    =               SUCCESSFUL
 Version         =                      2.3
 Compile date    =              29 Feb 2012

 Compile options:
    CC           = gcc
    CLINK        = gcc
    C_LIB        = -lm
    C_INC        = -I../common
    CFLAGS       = -O3 
    CLINKFLAGS   = (none)
    RAND         = randdp
/***********************/ 
/* Input Configuration */ 
/***********************/ 
====> GPU Block Size: 512 
/**********************/ 
/* Used Optimizations */ 
/**********************/ 
====> MallocPitch Opt is used.
====> MatrixTranspose Opt is used.
====> ParallelLoopSwap Opt is used.
====> LoopCollapse Opt is used.
====> Unrolling-on-reduction Opt is used.
====> Allocate GPU variables as global ones.
====> Optimize globally allocated GPU variables .
====> CPU-GPU Mem Transfer Opt Level: 3
====> Cuda Malloc Opt Level: 1
====> Assume that all loops have non-zero iterations.
====> Cache shared scalar variables onto GPU registers.
====> Cache shared array elements onto GPU registers.
====> Cache private array variables onto GPU shared memory.
====> local array reduction variable configuration = 1


 NAS Parallel Benchmarks 2.3 OpenMP C version - CG Benchmark
 Size:       7000
 Iterations:    15
   iteration           ||r||                 zeta
        1       2.82189803610046e-07                 inf
        2       4.46610242592292e-09 1.0345727574008e+01
        3       2.88512219940489e-09 1.0361788020180e+01
        4       9.58325769052803e-10 1.0362541630806e+01
        5       2.66668255373068e-10 1.0362590586112e+01
        6       6.59013588614265e-11 1.0362594646870e+01
        7       1.33211009657787e-11 1.0362595039865e+01
        8       2.43912702965337e-12 1.0362595081732e+01
        9       4.77849833097634e-13 1.0362595086483e+01
       10       9.29150767734622e-14 1.0362595087045e+01
       11       1.93634711959722e-14 1.0362595087114e+01
       12       4.82476147917498e-15 1.0362595087123e+01
       13       1.76447991156968e-15 1.0362595087124e+01
       14       1.34634107757319e-15 1.0362595087124e+01
       15       1.27071488277780e-15 1.0362595087124e+01
 Benchmark completed
 VERIFICATION SUCCESSFUL
 Zeta is      1.036259508712e+01
 Error is     3.552713678801e-15


 CG Benchmark Completed
 Class           =                        W
 Size            =                     7000
 Iterations      =                       15
 Threads         =                        1
 Time in seconds =                     0.33
 Mop/s total     =                  1284.18
 Operation type  =           floating point
 Verification    =               SUCCESSFUL
 Version         =                      2.3
 Compile date    =              29 Feb 2012

 Compile options:
    CC           = gcc
    CLINK        = gcc
    C_LIB        = -lm
    C_INC        = -I../common
    CFLAGS       = -O3 
    CLINKFLAGS   = (none)
    RAND         = randdp
/***********************/ 
/* Input Configuration */ 
/***********************/ 
====> GPU Block Size: 512 
/**********************/ 
/* Used Optimizations */ 
/**********************/ 
====> MallocPitch Opt is used.
====> MatrixTranspose Opt is used.
====> ParallelLoopSwap Opt is used.
====> LoopCollapse Opt is used.
====> Unrolling-on-reduction Opt is used.
====> Allocate GPU variables as global ones.
====> Optimize globally allocated GPU variables .
====> CPU-GPU Mem Transfer Opt Level: 3
====> Cuda Malloc Opt Level: 1
====> Assume that all loops have non-zero iterations.
====> Cache shared scalar variables onto GPU registers.
====> Cache shared array elements onto GPU registers.
====> Cache private array variables onto GPU shared memory.
====> local array reduction variable configuration = 1


 NAS Parallel Benchmarks 2.3 OpenMP C version - CG Benchmark
 Size:       7000
 Iterations:    15
   iteration           ||r||                 zeta
        1       2.82189803610046e-07                 inf
        2       4.46610242592292e-09 1.0345727574008e+01
        3       2.88512219940489e-09 1.0361788020180e+01
        4       9.58325769052803e-10 1.0362541630806e+01
        5       2.66668255373068e-10 1.0362590586112e+01
        6       6.59013588614265e-11 1.0362594646870e+01
        7       1.33211009657787e-11 1.0362595039865e+01
        8       2.43912702965337e-12 1.0362595081732e+01
        9       4.77849833097634e-13 1.0362595086483e+01
       10       9.29150767734622e-14 1.0362595087045e+01
       11       1.93634711959722e-14 1.0362595087114e+01
       12       4.82476147917498e-15 1.0362595087123e+01
       13       1.76447991156968e-15 1.0362595087124e+01
       14       1.34634107757319e-15 1.0362595087124e+01
       15       1.27071488277780e-15 1.0362595087124e+01
 Benchmark completed
 VERIFICATION SUCCESSFUL
 Zeta is      1.036259508712e+01
 Error is     3.552713678801e-15


 CG Benchmark Completed
 Class           =                        W
 Size            =                     7000
 Iterations      =                       15
 Threads         =                        1
 Time in seconds =                     0.32
 Mop/s total     =                  1302.28
 Operation type  =           floating point
 Verification    =               SUCCESSFUL
 Version         =                      2.3
 Compile date    =              29 Feb 2012

 Compile options:
    CC           = gcc
    CLINK        = gcc
    C_LIB        = -lm
    C_INC        = -I../common
    CFLAGS       = -O3 
    CLINKFLAGS   = (none)
    RAND         = randdp
/***********************/ 
/* Input Configuration */ 
/***********************/ 
====> GPU Block Size: 512 
/**********************/ 
/* Used Optimizations */ 
/**********************/ 
====> MallocPitch Opt is used.
====> MatrixTranspose Opt is used.
====> ParallelLoopSwap Opt is used.
====> LoopCollapse Opt is used.
====> Unrolling-on-reduction Opt is used.
====> Allocate GPU variables as global ones.
====> Optimize globally allocated GPU variables .
====> CPU-GPU Mem Transfer Opt Level: 3
====> Cuda Malloc Opt Level: 1
====> Assume that all loops have non-zero iterations.
====> Cache shared scalar variables onto GPU registers.
====> Cache shared array elements onto GPU registers.
====> Cache private array variables onto GPU shared memory.
====> local array reduction variable configuration = 1


 NAS Parallel Benchmarks 2.3 OpenMP C version - CG Benchmark
 Size:       7000
 Iterations:    15
   iteration           ||r||                 zeta
        1       2.82189803610046e-07                 inf
        2       4.46610242592292e-09 1.0345727574008e+01
        3       2.88512219940489e-09 1.0361788020180e+01
        4       9.58325769052803e-10 1.0362541630806e+01
        5       2.66668255373068e-10 1.0362590586112e+01
        6       6.59013588614265e-11 1.0362594646870e+01
        7       1.33211009657787e-11 1.0362595039865e+01
        8       2.43912702965337e-12 1.0362595081732e+01
        9       4.77849833097634e-13 1.0362595086483e+01
       10       9.29150767734622e-14 1.0362595087045e+01
       11       1.93634711959722e-14 1.0362595087114e+01
       12       4.82476147917498e-15 1.0362595087123e+01
       13       1.76447991156968e-15 1.0362595087124e+01
       14       1.34634107757319e-15 1.0362595087124e+01
       15       1.27071488277780e-15 1.0362595087124e+01
 Benchmark completed
 VERIFICATION SUCCESSFUL
 Zeta is      1.036259508712e+01
 Error is     3.552713678801e-15


 CG Benchmark Completed
 Class           =                        W
 Size            =                     7000
 Iterations      =                       15
 Threads         =                        1
 Time in seconds =                     0.33
 Mop/s total     =                  1288.04
 Operation type  =           floating point
 Verification    =               SUCCESSFUL
 Version         =                      2.3
 Compile date    =              29 Feb 2012

 Compile options:
    CC           = gcc
    CLINK        = gcc
    C_LIB        = -lm
    C_INC        = -I../common
    CFLAGS       = -O3 
    CLINKFLAGS   = (none)
    RAND         = randdp
/***********************/ 
/* Input Configuration */ 
/***********************/ 
====> GPU Block Size: 512 
/**********************/ 
/* Used Optimizations */ 
/**********************/ 
====> MallocPitch Opt is used.
====> MatrixTranspose Opt is used.
====> ParallelLoopSwap Opt is used.
====> LoopCollapse Opt is used.
====> Unrolling-on-reduction Opt is used.
====> Allocate GPU variables as global ones.
====> Optimize globally allocated GPU variables .
====> CPU-GPU Mem Transfer Opt Level: 3
====> Cuda Malloc Opt Level: 1
====> Assume that all loops have non-zero iterations.
====> Cache shared scalar variables onto GPU registers.
====> Cache shared array elements onto GPU registers.
====> Cache private array variables onto GPU shared memory.
====> local array reduction variable configuration = 1


 NAS Parallel Benchmarks 2.3 OpenMP C version - CG Benchmark
 Size:       7000
 Iterations:    15
   iteration           ||r||                 zeta
        1       2.82189803610046e-07                 inf
        2       4.46610242592292e-09 1.0345727574008e+01
        3       2.88512219940489e-09 1.0361788020180e+01
        4       9.58325769052803e-10 1.0362541630806e+01
        5       2.66668255373068e-10 1.0362590586112e+01
        6       6.59013588614265e-11 1.0362594646870e+01
        7       1.33211009657787e-11 1.0362595039865e+01
        8       2.43912702965337e-12 1.0362595081732e+01
        9       4.77849833097634e-13 1.0362595086483e+01
       10       9.29150767734622e-14 1.0362595087045e+01
       11       1.93634711959722e-14 1.0362595087114e+01
       12       4.82476147917498e-15 1.0362595087123e+01
       13       1.76447991156968e-15 1.0362595087124e+01
       14       1.34634107757319e-15 1.0362595087124e+01
       15       1.27071488277780e-15 1.0362595087124e+01
 Benchmark completed
 VERIFICATION SUCCESSFUL
 Zeta is      1.036259508712e+01
 Error is     3.552713678801e-15


 CG Benchmark Completed
 Class           =                        W
 Size            =                     7000
 Iterations      =                       15
 Threads         =                        1
 Time in seconds =                     0.33
 Mop/s total     =                  1272.62
 Operation type  =           floating point
 Verification    =               SUCCESSFUL
 Version         =                      2.3
 Compile date    =              29 Feb 2012

 Compile options:
    CC           = gcc
    CLINK        = gcc
    C_LIB        = -lm
    C_INC        = -I../common
    CFLAGS       = -O3 
    CLINKFLAGS   = (none)
    RAND         = randdp
/***********************/ 
/* Input Configuration */ 
/***********************/ 
====> GPU Block Size: 512 
/**********************/ 
/* Used Optimizations */ 
/**********************/ 
====> MallocPitch Opt is used.
====> MatrixTranspose Opt is used.
====> ParallelLoopSwap Opt is used.
====> LoopCollapse Opt is used.
====> Unrolling-on-reduction Opt is used.
====> Allocate GPU variables as global ones.
====> Optimize globally allocated GPU variables .
====> CPU-GPU Mem Transfer Opt Level: 3
====> Cuda Malloc Opt Level: 1
====> Assume that all loops have non-zero iterations.
====> Cache shared scalar variables onto GPU registers.
====> Cache shared array elements onto GPU registers.
====> Cache private array variables onto GPU shared memory.
====> local array reduction variable configuration = 1


 NAS Parallel Benchmarks 2.3 OpenMP C version - CG Benchmark
 Size:       7000
 Iterations:    15
   iteration           ||r||                 zeta
        1       2.82189803610046e-07                 inf
        2       4.46610242592292e-09 1.0345727574008e+01
        3       2.88512219940489e-09 1.0361788020180e+01
        4       9.58325769052803e-10 1.0362541630806e+01
        5       2.66668255373068e-10 1.0362590586112e+01
        6       6.59013588614265e-11 1.0362594646870e+01
        7       1.33211009657787e-11 1.0362595039865e+01
        8       2.43912702965337e-12 1.0362595081732e+01
        9       4.77849833097634e-13 1.0362595086483e+01
       10       9.29150767734622e-14 1.0362595087045e+01
       11       1.93634711959722e-14 1.0362595087114e+01
       12       4.82476147917498e-15 1.0362595087123e+01
       13       1.76447991156968e-15 1.0362595087124e+01
       14       1.34634107757319e-15 1.0362595087124e+01
       15       1.27071488277780e-15 1.0362595087124e+01
 Benchmark completed
 VERIFICATION SUCCESSFUL
 Zeta is      1.036259508712e+01
 Error is     3.552713678801e-15


 CG Benchmark Completed
 Class           =                        W
 Size            =                     7000
 Iterations      =                       15
 Threads         =                        1
 Time in seconds =                     0.32
 Mop/s total     =                  1305.55
 Operation type  =           floating point
 Verification    =               SUCCESSFUL
 Version         =                      2.3
 Compile date    =              29 Feb 2012

 Compile options:
    CC           = gcc
    CLINK        = gcc
    C_LIB        = -lm
    C_INC        = -I../common
    CFLAGS       = -O3 
    CLINKFLAGS   = (none)
    RAND         = randdp
/***********************/ 
/* Input Configuration */ 
/***********************/ 
====> GPU Block Size: 512 
/**********************/ 
/* Used Optimizations */ 
/**********************/ 
====> MallocPitch Opt is used.
====> MatrixTranspose Opt is used.
====> ParallelLoopSwap Opt is used.
====> LoopCollapse Opt is used.
====> Unrolling-on-reduction Opt is used.
====> Allocate GPU variables as global ones.
====> Optimize globally allocated GPU variables .
====> CPU-GPU Mem Transfer Opt Level: 3
====> Cuda Malloc Opt Level: 1
====> Assume that all loops have non-zero iterations.
====> Cache shared scalar variables onto GPU registers.
====> Cache shared array elements onto GPU registers.
====> Cache private array variables onto GPU shared memory.
====> local array reduction variable configuration = 1


 NAS Parallel Benchmarks 2.3 OpenMP C version - CG Benchmark
 Size:       7000
 Iterations:    15
   iteration           ||r||                 zeta
        1       2.82189803610046e-07                 inf
        2       4.46610242592292e-09 1.0345727574008e+01
        3       2.88512219940489e-09 1.0361788020180e+01
        4       9.58325769052803e-10 1.0362541630806e+01
        5       2.66668255373068e-10 1.0362590586112e+01
        6       6.59013588614265e-11 1.0362594646870e+01
        7       1.33211009657787e-11 1.0362595039865e+01
        8       2.43912702965337e-12 1.0362595081732e+01
        9       4.77849833097634e-13 1.0362595086483e+01
       10       9.29150767734622e-14 1.0362595087045e+01
       11       1.93634711959722e-14 1.0362595087114e+01
       12       4.82476147917498e-15 1.0362595087123e+01
       13       1.76447991156968e-15 1.0362595087124e+01
       14       1.34634107757319e-15 1.0362595087124e+01
       15       1.27071488277780e-15 1.0362595087124e+01
 Benchmark completed
 VERIFICATION SUCCESSFUL
 Zeta is      1.036259508712e+01
 Error is     3.552713678801e-15


 CG Benchmark Completed
 Class           =                        W
 Size            =                     7000
 Iterations      =                       15
 Threads         =                        1
 Time in seconds =                     0.33
 Mop/s total     =                  1283.36
 Operation type  =           floating point
 Verification    =               SUCCESSFUL
 Version         =                      2.3
 Compile date    =              29 Feb 2012

 Compile options:
    CC           = gcc
    CLINK        = gcc
    C_LIB        = -lm
    C_INC        = -I../common
    CFLAGS       = -O3 
    CLINKFLAGS   = (none)
    RAND         = randdp
/***********************/ 
/* Input Configuration */ 
/***********************/ 
====> GPU Block Size: 512 
/**********************/ 
/* Used Optimizations */ 
/**********************/ 
====> MallocPitch Opt is used.
====> MatrixTranspose Opt is used.
====> ParallelLoopSwap Opt is used.
====> LoopCollapse Opt is used.
====> Unrolling-on-reduction Opt is used.
====> Allocate GPU variables as global ones.
====> Optimize globally allocated GPU variables .
====> CPU-GPU Mem Transfer Opt Level: 3
====> Cuda Malloc Opt Level: 1
====> Assume that all loops have non-zero iterations.
====> Cache shared scalar variables onto GPU registers.
====> Cache shared array elements onto GPU registers.
====> Cache private array variables onto GPU shared memory.
====> local array reduction variable configuration = 1
