

 NAS Parallel Benchmarks 2.3 OpenMP C version - EP Benchmark
 Number of random numbers generated:     536870912
EP Benchmark Results: 
CPU Time =     0.2690
N = 2^   28
No. Gaussian Pairs =               0
Sums =    -3.304417371749878e+00     0.000000000000000e+00
Counts:
  0               0
  1               0
  2               0
  3               0
  4               0
  5               0
  6               0
  7               0


 EP Benchmark Completed
 Class           =                        A
 Size            =                       29
 Iterations      =                        0
 Threads         =                        1
 Time in seconds =                     0.27
 Mop/s total     =                  1996.00
 Operation type  = Random numbers generated
 Verification    =             UNSUCCESSFUL
 Version         =                      2.3
 Compile date    =              23 Aug 2012

 Compile options:
    CC           = gcc
    CLINK        = gcc
    C_LIB        = -lm
    C_INC        = -I../common
    CFLAGS       = -O3 
    CLINKFLAGS   = (none)
    RAND         = randdp
/***********************/ 
/* Input Configuration */ 
/***********************/ 
====> GPU Block Size: 1024 
/**********************/ 
/* Used Optimizations */ 
/**********************/ 
====> MatrixTranspose Opt is used.
====> ParallelLoopSwap Opt is used.
====> LoopCollapse Opt is used.
====> Unrolling-on-reduction Opt is used.
====> Allocate GPU variables as global ones.
====> CPU-GPU Mem Transfer Opt Level: 4
====> Cuda Malloc Opt Level: 1
====> Assume that all loops have non-zero iterations.
====> Cache shared array elements onto GPU registers.
====> local array reduction variable configuration = 1


 NAS Parallel Benchmarks 2.3 OpenMP C version - EP Benchmark
 Number of random numbers generated:     536870912
EP Benchmark Results: 
CPU Time =     0.2819
N = 2^   28
No. Gaussian Pairs =               0
Sums =    -3.304417371749878e+00     0.000000000000000e+00
Counts:
  0               0
  1               0
  2               0
  3               0
  4               0
  5               0
  6               0
  7               0


 EP Benchmark Completed
 Class           =                        A
 Size            =                       29
 Iterations      =                        0
 Threads         =                        1
 Time in seconds =                     0.28
 Mop/s total     =                  1904.63
 Operation type  = Random numbers generated
 Verification    =             UNSUCCESSFUL
 Version         =                      2.3
 Compile date    =              23 Aug 2012

 Compile options:
    CC           = gcc
    CLINK        = gcc
    C_LIB        = -lm
    C_INC        = -I../common
    CFLAGS       = -O3 
    CLINKFLAGS   = (none)
    RAND         = randdp
/***********************/ 
/* Input Configuration */ 
/***********************/ 
====> GPU Block Size: 1024 
/**********************/ 
/* Used Optimizations */ 
/**********************/ 
====> MatrixTranspose Opt is used.
====> ParallelLoopSwap Opt is used.
====> LoopCollapse Opt is used.
====> Unrolling-on-reduction Opt is used.
====> Allocate GPU variables as global ones.
====> CPU-GPU Mem Transfer Opt Level: 4
====> Cuda Malloc Opt Level: 1
====> Assume that all loops have non-zero iterations.
====> Cache shared array elements onto GPU registers.
====> local array reduction variable configuration = 1


 NAS Parallel Benchmarks 2.3 OpenMP C version - EP Benchmark
 Number of random numbers generated:     536870912
EP Benchmark Results: 
CPU Time =     0.2687
N = 2^   28
No. Gaussian Pairs =               0
Sums =    -3.304417371749878e+00     0.000000000000000e+00
Counts:
  0               0
  1               0
  2               0
  3               0
  4               0
  5               0
  6               0
  7               0


 EP Benchmark Completed
 Class           =                        A
 Size            =                       29
 Iterations      =                        0
 Threads         =                        1
 Time in seconds =                     0.27
 Mop/s total     =                  1997.67
 Operation type  = Random numbers generated
 Verification    =             UNSUCCESSFUL
 Version         =                      2.3
 Compile date    =              23 Aug 2012

 Compile options:
    CC           = gcc
    CLINK        = gcc
    C_LIB        = -lm
    C_INC        = -I../common
    CFLAGS       = -O3 
    CLINKFLAGS   = (none)
    RAND         = randdp
/***********************/ 
/* Input Configuration */ 
/***********************/ 
====> GPU Block Size: 1024 
/**********************/ 
/* Used Optimizations */ 
/**********************/ 
====> MatrixTranspose Opt is used.
====> ParallelLoopSwap Opt is used.
====> LoopCollapse Opt is used.
====> Unrolling-on-reduction Opt is used.
====> Allocate GPU variables as global ones.
====> CPU-GPU Mem Transfer Opt Level: 4
====> Cuda Malloc Opt Level: 1
====> Assume that all loops have non-zero iterations.
====> Cache shared array elements onto GPU registers.
====> local array reduction variable configuration = 1


 NAS Parallel Benchmarks 2.3 OpenMP C version - EP Benchmark
 Number of random numbers generated:     536870912
EP Benchmark Results: 
CPU Time =     0.2690
N = 2^   28
No. Gaussian Pairs =               0
Sums =    -3.304417371749878e+00     0.000000000000000e+00
Counts:
  0               0
  1               0
  2               0
  3               0
  4               0
  5               0
  6               0
  7               0


 EP Benchmark Completed
 Class           =                        A
 Size            =                       29
 Iterations      =                        0
 Threads         =                        1
 Time in seconds =                     0.27
 Mop/s total     =                  1995.60
 Operation type  = Random numbers generated
 Verification    =             UNSUCCESSFUL
 Version         =                      2.3
 Compile date    =              23 Aug 2012

 Compile options:
    CC           = gcc
    CLINK        = gcc
    C_LIB        = -lm
    C_INC        = -I../common
    CFLAGS       = -O3 
    CLINKFLAGS   = (none)
    RAND         = randdp
/***********************/ 
/* Input Configuration */ 
/***********************/ 
====> GPU Block Size: 1024 
/**********************/ 
/* Used Optimizations */ 
/**********************/ 
====> MatrixTranspose Opt is used.
====> ParallelLoopSwap Opt is used.
====> LoopCollapse Opt is used.
====> Unrolling-on-reduction Opt is used.
====> Allocate GPU variables as global ones.
====> CPU-GPU Mem Transfer Opt Level: 4
====> Cuda Malloc Opt Level: 1
====> Assume that all loops have non-zero iterations.
====> Cache shared array elements onto GPU registers.
====> local array reduction variable configuration = 1


 NAS Parallel Benchmarks 2.3 OpenMP C version - EP Benchmark
 Number of random numbers generated:     536870912
EP Benchmark Results: 
CPU Time =     0.2808
N = 2^   28
No. Gaussian Pairs =               0
Sums =    -3.304417371749878e+00     0.000000000000000e+00
Counts:
  0               0
  1               0
  2               0
  3               0
  4               0
  5               0
  6               0
  7               0


 EP Benchmark Completed
 Class           =                        A
 Size            =                       29
 Iterations      =                        0
 Threads         =                        1
 Time in seconds =                     0.28
 Mop/s total     =                  1912.10
 Operation type  = Random numbers generated
 Verification    =             UNSUCCESSFUL
 Version         =                      2.3
 Compile date    =              23 Aug 2012

 Compile options:
    CC           = gcc
    CLINK        = gcc
    C_LIB        = -lm
    C_INC        = -I../common
    CFLAGS       = -O3 
    CLINKFLAGS   = (none)
    RAND         = randdp
/***********************/ 
/* Input Configuration */ 
/***********************/ 
====> GPU Block Size: 1024 
/**********************/ 
/* Used Optimizations */ 
/**********************/ 
====> MatrixTranspose Opt is used.
====> ParallelLoopSwap Opt is used.
====> LoopCollapse Opt is used.
====> Unrolling-on-reduction Opt is used.
====> Allocate GPU variables as global ones.
====> CPU-GPU Mem Transfer Opt Level: 4
====> Cuda Malloc Opt Level: 1
====> Assume that all loops have non-zero iterations.
====> Cache shared array elements onto GPU registers.
====> local array reduction variable configuration = 1


 NAS Parallel Benchmarks 2.3 OpenMP C version - EP Benchmark
 Number of random numbers generated:     536870912
EP Benchmark Results: 
CPU Time =     0.2703
N = 2^   28
No. Gaussian Pairs =               0
Sums =    -3.304417371749878e+00     0.000000000000000e+00
Counts:
  0               0
  1               0
  2               0
  3               0
  4               0
  5               0
  6               0
  7               0


 EP Benchmark Completed
 Class           =                        A
 Size            =                       29
 Iterations      =                        0
 Threads         =                        1
 Time in seconds =                     0.27
 Mop/s total     =                  1985.92
 Operation type  = Random numbers generated
 Verification    =             UNSUCCESSFUL
 Version         =                      2.3
 Compile date    =              23 Aug 2012

 Compile options:
    CC           = gcc
    CLINK        = gcc
    C_LIB        = -lm
    C_INC        = -I../common
    CFLAGS       = -O3 
    CLINKFLAGS   = (none)
    RAND         = randdp
/***********************/ 
/* Input Configuration */ 
/***********************/ 
====> GPU Block Size: 1024 
/**********************/ 
/* Used Optimizations */ 
/**********************/ 
====> MatrixTranspose Opt is used.
====> ParallelLoopSwap Opt is used.
====> LoopCollapse Opt is used.
====> Unrolling-on-reduction Opt is used.
====> Allocate GPU variables as global ones.
====> CPU-GPU Mem Transfer Opt Level: 4
====> Cuda Malloc Opt Level: 1
====> Assume that all loops have non-zero iterations.
====> Cache shared array elements onto GPU registers.
====> local array reduction variable configuration = 1


 NAS Parallel Benchmarks 2.3 OpenMP C version - EP Benchmark
 Number of random numbers generated:     536870912
EP Benchmark Results: 
CPU Time =     0.2625
N = 2^   28
No. Gaussian Pairs =               0
Sums =    -3.304417371749878e+00     0.000000000000000e+00
Counts:
  0               0
  1               0
  2               0
  3               0
  4               0
  5               0
  6               0
  7               0


 EP Benchmark Completed
 Class           =                        A
 Size            =                       29
 Iterations      =                        0
 Threads         =                        1
 Time in seconds =                     0.26
 Mop/s total     =                  2045.61
 Operation type  = Random numbers generated
 Verification    =             UNSUCCESSFUL
 Version         =                      2.3
 Compile date    =              23 Aug 2012

 Compile options:
    CC           = gcc
    CLINK        = gcc
    C_LIB        = -lm
    C_INC        = -I../common
    CFLAGS       = -O3 
    CLINKFLAGS   = (none)
    RAND         = randdp
/***********************/ 
/* Input Configuration */ 
/***********************/ 
====> GPU Block Size: 1024 
/**********************/ 
/* Used Optimizations */ 
/**********************/ 
====> MatrixTranspose Opt is used.
====> ParallelLoopSwap Opt is used.
====> LoopCollapse Opt is used.
====> Unrolling-on-reduction Opt is used.
====> Allocate GPU variables as global ones.
====> CPU-GPU Mem Transfer Opt Level: 4
====> Cuda Malloc Opt Level: 1
====> Assume that all loops have non-zero iterations.
====> Cache shared array elements onto GPU registers.
====> local array reduction variable configuration = 1


 NAS Parallel Benchmarks 2.3 OpenMP C version - EP Benchmark
 Number of random numbers generated:     536870912
EP Benchmark Results: 
CPU Time =     0.2689
N = 2^   28
No. Gaussian Pairs =               0
Sums =    -3.304417371749878e+00     0.000000000000000e+00
Counts:
  0               0
  1               0
  2               0
  3               0
  4               0
  5               0
  6               0
  7               0


 EP Benchmark Completed
 Class           =                        A
 Size            =                       29
 Iterations      =                        0
 Threads         =                        1
 Time in seconds =                     0.27
 Mop/s total     =                  1996.48
 Operation type  = Random numbers generated
 Verification    =             UNSUCCESSFUL
 Version         =                      2.3
 Compile date    =              23 Aug 2012

 Compile options:
    CC           = gcc
    CLINK        = gcc
    C_LIB        = -lm
    C_INC        = -I../common
    CFLAGS       = -O3 
    CLINKFLAGS   = (none)
    RAND         = randdp
/***********************/ 
/* Input Configuration */ 
/***********************/ 
====> GPU Block Size: 1024 
/**********************/ 
/* Used Optimizations */ 
/**********************/ 
====> MatrixTranspose Opt is used.
====> ParallelLoopSwap Opt is used.
====> LoopCollapse Opt is used.
====> Unrolling-on-reduction Opt is used.
====> Allocate GPU variables as global ones.
====> CPU-GPU Mem Transfer Opt Level: 4
====> Cuda Malloc Opt Level: 1
====> Assume that all loops have non-zero iterations.
====> Cache shared array elements onto GPU registers.
====> local array reduction variable configuration = 1


 NAS Parallel Benchmarks 2.3 OpenMP C version - EP Benchmark
 Number of random numbers generated:     536870912
EP Benchmark Results: 
CPU Time =     0.2663
N = 2^   28
No. Gaussian Pairs =               0
Sums =    -3.304417371749878e+00     0.000000000000000e+00
Counts:
  0               0
  1               0
  2               0
  3               0
  4               0
  5               0
  6               0
  7               0


 EP Benchmark Completed
 Class           =                        A
 Size            =                       29
 Iterations      =                        0
 Threads         =                        1
 Time in seconds =                     0.27
 Mop/s total     =                  2015.69
 Operation type  = Random numbers generated
 Verification    =             UNSUCCESSFUL
 Version         =                      2.3
 Compile date    =              23 Aug 2012

 Compile options:
    CC           = gcc
    CLINK        = gcc
    C_LIB        = -lm
    C_INC        = -I../common
    CFLAGS       = -O3 
    CLINKFLAGS   = (none)
    RAND         = randdp
/***********************/ 
/* Input Configuration */ 
/***********************/ 
====> GPU Block Size: 1024 
/**********************/ 
/* Used Optimizations */ 
/**********************/ 
====> MatrixTranspose Opt is used.
====> ParallelLoopSwap Opt is used.
====> LoopCollapse Opt is used.
====> Unrolling-on-reduction Opt is used.
====> Allocate GPU variables as global ones.
====> CPU-GPU Mem Transfer Opt Level: 4
====> Cuda Malloc Opt Level: 1
====> Assume that all loops have non-zero iterations.
====> Cache shared array elements onto GPU registers.
====> local array reduction variable configuration = 1


 NAS Parallel Benchmarks 2.3 OpenMP C version - EP Benchmark
 Number of random numbers generated:     536870912
EP Benchmark Results: 
CPU Time =     0.2712
N = 2^   28
No. Gaussian Pairs =               0
Sums =    -3.304417371749878e+00     0.000000000000000e+00
Counts:
  0               0
  1               0
  2               0
  3               0
  4               0
  5               0
  6               0
  7               0


 EP Benchmark Completed
 Class           =                        A
 Size            =                       29
 Iterations      =                        0
 Threads         =                        1
 Time in seconds =                     0.27
 Mop/s total     =                  1979.71
 Operation type  = Random numbers generated
 Verification    =             UNSUCCESSFUL
 Version         =                      2.3
 Compile date    =              23 Aug 2012

 Compile options:
    CC           = gcc
    CLINK        = gcc
    C_LIB        = -lm
    C_INC        = -I../common
    CFLAGS       = -O3 
    CLINKFLAGS   = (none)
    RAND         = randdp
/***********************/ 
/* Input Configuration */ 
/***********************/ 
====> GPU Block Size: 1024 
/**********************/ 
/* Used Optimizations */ 
/**********************/ 
====> MatrixTranspose Opt is used.
====> ParallelLoopSwap Opt is used.
====> LoopCollapse Opt is used.
====> Unrolling-on-reduction Opt is used.
====> Allocate GPU variables as global ones.
====> CPU-GPU Mem Transfer Opt Level: 4
====> Cuda Malloc Opt Level: 1
====> Assume that all loops have non-zero iterations.
====> Cache shared array elements onto GPU registers.
====> local array reduction variable configuration = 1
