

 NAS Parallel Benchmarks 2.3 OpenMP C version - EP Benchmark
 Number of random numbers generated:    2147483648
EP Benchmark Results: 
CPU Time =     1.0291
N = 2^   30
No. Gaussian Pairs =               0
Sums =    -3.304417371749878e+00     0.000000000000000e+00
Counts:
  0               0
  1               0
  2               0
  3               0
  4               0
  5               0
  6               0
  7               0


 EP Benchmark Completed
 Class           =                        B
 Size            =                       31
 Iterations      =                        0
 Threads         =                        1
 Time in seconds =                     1.03
 Mop/s total     =                  2086.69
 Operation type  = Random numbers generated
 Verification    =             UNSUCCESSFUL
 Version         =                      2.3
 Compile date    =              23 Aug 2012

 Compile options:
    CC           = gcc
    CLINK        = gcc
    C_LIB        = -lm
    C_INC        = -I../common
    CFLAGS       = -O3 
    CLINKFLAGS   = (none)
    RAND         = randdp
/***********************/ 
/* Input Configuration */ 
/***********************/ 
====> GPU Block Size: 1024 
/**********************/ 
/* Used Optimizations */ 
/**********************/ 
====> MatrixTranspose Opt is used.
====> ParallelLoopSwap Opt is used.
====> LoopCollapse Opt is used.
====> Unrolling-on-reduction Opt is used.
====> Allocate GPU variables as global ones.
====> CPU-GPU Mem Transfer Opt Level: 4
====> Cuda Malloc Opt Level: 1
====> Assume that all loops have non-zero iterations.
====> Cache shared array elements onto GPU registers.
====> local array reduction variable configuration = 1


 NAS Parallel Benchmarks 2.3 OpenMP C version - EP Benchmark
 Number of random numbers generated:    2147483648
EP Benchmark Results: 
CPU Time =     1.0658
N = 2^   30
No. Gaussian Pairs =               0
Sums =    -3.304417371749878e+00     0.000000000000000e+00
Counts:
  0               0
  1               0
  2               0
  3               0
  4               0
  5               0
  6               0
  7               0


 EP Benchmark Completed
 Class           =                        B
 Size            =                       31
 Iterations      =                        0
 Threads         =                        1
 Time in seconds =                     1.07
 Mop/s total     =                  2014.95
 Operation type  = Random numbers generated
 Verification    =             UNSUCCESSFUL
 Version         =                      2.3
 Compile date    =              23 Aug 2012

 Compile options:
    CC           = gcc
    CLINK        = gcc
    C_LIB        = -lm
    C_INC        = -I../common
    CFLAGS       = -O3 
    CLINKFLAGS   = (none)
    RAND         = randdp
/***********************/ 
/* Input Configuration */ 
/***********************/ 
====> GPU Block Size: 1024 
/**********************/ 
/* Used Optimizations */ 
/**********************/ 
====> MatrixTranspose Opt is used.
====> ParallelLoopSwap Opt is used.
====> LoopCollapse Opt is used.
====> Unrolling-on-reduction Opt is used.
====> Allocate GPU variables as global ones.
====> CPU-GPU Mem Transfer Opt Level: 4
====> Cuda Malloc Opt Level: 1
====> Assume that all loops have non-zero iterations.
====> Cache shared array elements onto GPU registers.
====> local array reduction variable configuration = 1


 NAS Parallel Benchmarks 2.3 OpenMP C version - EP Benchmark
 Number of random numbers generated:    2147483648
EP Benchmark Results: 
CPU Time =     1.0732
N = 2^   30
No. Gaussian Pairs =               0
Sums =    -3.304417371749878e+00     0.000000000000000e+00
Counts:
  0               0
  1               0
  2               0
  3               0
  4               0
  5               0
  6               0
  7               0


 EP Benchmark Completed
 Class           =                        B
 Size            =                       31
 Iterations      =                        0
 Threads         =                        1
 Time in seconds =                     1.07
 Mop/s total     =                  2001.02
 Operation type  = Random numbers generated
 Verification    =             UNSUCCESSFUL
 Version         =                      2.3
 Compile date    =              23 Aug 2012

 Compile options:
    CC           = gcc
    CLINK        = gcc
    C_LIB        = -lm
    C_INC        = -I../common
    CFLAGS       = -O3 
    CLINKFLAGS   = (none)
    RAND         = randdp
/***********************/ 
/* Input Configuration */ 
/***********************/ 
====> GPU Block Size: 1024 
/**********************/ 
/* Used Optimizations */ 
/**********************/ 
====> MatrixTranspose Opt is used.
====> ParallelLoopSwap Opt is used.
====> LoopCollapse Opt is used.
====> Unrolling-on-reduction Opt is used.
====> Allocate GPU variables as global ones.
====> CPU-GPU Mem Transfer Opt Level: 4
====> Cuda Malloc Opt Level: 1
====> Assume that all loops have non-zero iterations.
====> Cache shared array elements onto GPU registers.
====> local array reduction variable configuration = 1


 NAS Parallel Benchmarks 2.3 OpenMP C version - EP Benchmark
 Number of random numbers generated:    2147483648
EP Benchmark Results: 
CPU Time =     1.0350
N = 2^   30
No. Gaussian Pairs =               0
Sums =    -3.304417371749878e+00     0.000000000000000e+00
Counts:
  0               0
  1               0
  2               0
  3               0
  4               0
  5               0
  6               0
  7               0


 EP Benchmark Completed
 Class           =                        B
 Size            =                       31
 Iterations      =                        0
 Threads         =                        1
 Time in seconds =                     1.03
 Mop/s total     =                  2074.89
 Operation type  = Random numbers generated
 Verification    =             UNSUCCESSFUL
 Version         =                      2.3
 Compile date    =              23 Aug 2012

 Compile options:
    CC           = gcc
    CLINK        = gcc
    C_LIB        = -lm
    C_INC        = -I../common
    CFLAGS       = -O3 
    CLINKFLAGS   = (none)
    RAND         = randdp
/***********************/ 
/* Input Configuration */ 
/***********************/ 
====> GPU Block Size: 1024 
/**********************/ 
/* Used Optimizations */ 
/**********************/ 
====> MatrixTranspose Opt is used.
====> ParallelLoopSwap Opt is used.
====> LoopCollapse Opt is used.
====> Unrolling-on-reduction Opt is used.
====> Allocate GPU variables as global ones.
====> CPU-GPU Mem Transfer Opt Level: 4
====> Cuda Malloc Opt Level: 1
====> Assume that all loops have non-zero iterations.
====> Cache shared array elements onto GPU registers.
====> local array reduction variable configuration = 1


 NAS Parallel Benchmarks 2.3 OpenMP C version - EP Benchmark
 Number of random numbers generated:    2147483648
EP Benchmark Results: 
CPU Time =     1.0581
N = 2^   30
No. Gaussian Pairs =               0
Sums =    -3.304417371749878e+00     0.000000000000000e+00
Counts:
  0               0
  1               0
  2               0
  3               0
  4               0
  5               0
  6               0
  7               0


 EP Benchmark Completed
 Class           =                        B
 Size            =                       31
 Iterations      =                        0
 Threads         =                        1
 Time in seconds =                     1.06
 Mop/s total     =                  2029.57
 Operation type  = Random numbers generated
 Verification    =             UNSUCCESSFUL
 Version         =                      2.3
 Compile date    =              23 Aug 2012

 Compile options:
    CC           = gcc
    CLINK        = gcc
    C_LIB        = -lm
    C_INC        = -I../common
    CFLAGS       = -O3 
    CLINKFLAGS   = (none)
    RAND         = randdp
/***********************/ 
/* Input Configuration */ 
/***********************/ 
====> GPU Block Size: 1024 
/**********************/ 
/* Used Optimizations */ 
/**********************/ 
====> MatrixTranspose Opt is used.
====> ParallelLoopSwap Opt is used.
====> LoopCollapse Opt is used.
====> Unrolling-on-reduction Opt is used.
====> Allocate GPU variables as global ones.
====> CPU-GPU Mem Transfer Opt Level: 4
====> Cuda Malloc Opt Level: 1
====> Assume that all loops have non-zero iterations.
====> Cache shared array elements onto GPU registers.
====> local array reduction variable configuration = 1


 NAS Parallel Benchmarks 2.3 OpenMP C version - EP Benchmark
 Number of random numbers generated:    2147483648
EP Benchmark Results: 
CPU Time =     1.0432
N = 2^   30
No. Gaussian Pairs =               0
Sums =    -3.304417371749878e+00     0.000000000000000e+00
Counts:
  0               0
  1               0
  2               0
  3               0
  4               0
  5               0
  6               0
  7               0


 EP Benchmark Completed
 Class           =                        B
 Size            =                       31
 Iterations      =                        0
 Threads         =                        1
 Time in seconds =                     1.04
 Mop/s total     =                  2058.63
 Operation type  = Random numbers generated
 Verification    =             UNSUCCESSFUL
 Version         =                      2.3
 Compile date    =              23 Aug 2012

 Compile options:
    CC           = gcc
    CLINK        = gcc
    C_LIB        = -lm
    C_INC        = -I../common
    CFLAGS       = -O3 
    CLINKFLAGS   = (none)
    RAND         = randdp
/***********************/ 
/* Input Configuration */ 
/***********************/ 
====> GPU Block Size: 1024 
/**********************/ 
/* Used Optimizations */ 
/**********************/ 
====> MatrixTranspose Opt is used.
====> ParallelLoopSwap Opt is used.
====> LoopCollapse Opt is used.
====> Unrolling-on-reduction Opt is used.
====> Allocate GPU variables as global ones.
====> CPU-GPU Mem Transfer Opt Level: 4
====> Cuda Malloc Opt Level: 1
====> Assume that all loops have non-zero iterations.
====> Cache shared array elements onto GPU registers.
====> local array reduction variable configuration = 1


 NAS Parallel Benchmarks 2.3 OpenMP C version - EP Benchmark
 Number of random numbers generated:    2147483648
EP Benchmark Results: 
CPU Time =     1.0294
N = 2^   30
No. Gaussian Pairs =               0
Sums =    -3.304417371749878e+00     0.000000000000000e+00
Counts:
  0               0
  1               0
  2               0
  3               0
  4               0
  5               0
  6               0
  7               0


 EP Benchmark Completed
 Class           =                        B
 Size            =                       31
 Iterations      =                        0
 Threads         =                        1
 Time in seconds =                     1.03
 Mop/s total     =                  2086.08
 Operation type  = Random numbers generated
 Verification    =             UNSUCCESSFUL
 Version         =                      2.3
 Compile date    =              23 Aug 2012

 Compile options:
    CC           = gcc
    CLINK        = gcc
    C_LIB        = -lm
    C_INC        = -I../common
    CFLAGS       = -O3 
    CLINKFLAGS   = (none)
    RAND         = randdp
/***********************/ 
/* Input Configuration */ 
/***********************/ 
====> GPU Block Size: 1024 
/**********************/ 
/* Used Optimizations */ 
/**********************/ 
====> MatrixTranspose Opt is used.
====> ParallelLoopSwap Opt is used.
====> LoopCollapse Opt is used.
====> Unrolling-on-reduction Opt is used.
====> Allocate GPU variables as global ones.
====> CPU-GPU Mem Transfer Opt Level: 4
====> Cuda Malloc Opt Level: 1
====> Assume that all loops have non-zero iterations.
====> Cache shared array elements onto GPU registers.
====> local array reduction variable configuration = 1


 NAS Parallel Benchmarks 2.3 OpenMP C version - EP Benchmark
 Number of random numbers generated:    2147483648
EP Benchmark Results: 
CPU Time =     1.0572
N = 2^   30
No. Gaussian Pairs =               0
Sums =    -3.304417371749878e+00     0.000000000000000e+00
Counts:
  0               0
  1               0
  2               0
  3               0
  4               0
  5               0
  6               0
  7               0


 EP Benchmark Completed
 Class           =                        B
 Size            =                       31
 Iterations      =                        0
 Threads         =                        1
 Time in seconds =                     1.06
 Mop/s total     =                  2031.39
 Operation type  = Random numbers generated
 Verification    =             UNSUCCESSFUL
 Version         =                      2.3
 Compile date    =              23 Aug 2012

 Compile options:
    CC           = gcc
    CLINK        = gcc
    C_LIB        = -lm
    C_INC        = -I../common
    CFLAGS       = -O3 
    CLINKFLAGS   = (none)
    RAND         = randdp
/***********************/ 
/* Input Configuration */ 
/***********************/ 
====> GPU Block Size: 1024 
/**********************/ 
/* Used Optimizations */ 
/**********************/ 
====> MatrixTranspose Opt is used.
====> ParallelLoopSwap Opt is used.
====> LoopCollapse Opt is used.
====> Unrolling-on-reduction Opt is used.
====> Allocate GPU variables as global ones.
====> CPU-GPU Mem Transfer Opt Level: 4
====> Cuda Malloc Opt Level: 1
====> Assume that all loops have non-zero iterations.
====> Cache shared array elements onto GPU registers.
====> local array reduction variable configuration = 1


 NAS Parallel Benchmarks 2.3 OpenMP C version - EP Benchmark
 Number of random numbers generated:    2147483648
EP Benchmark Results: 
CPU Time =     1.0470
N = 2^   30
No. Gaussian Pairs =               0
Sums =    -3.304417371749878e+00     0.000000000000000e+00
Counts:
  0               0
  1               0
  2               0
  3               0
  4               0
  5               0
  6               0
  7               0


 EP Benchmark Completed
 Class           =                        B
 Size            =                       31
 Iterations      =                        0
 Threads         =                        1
 Time in seconds =                     1.05
 Mop/s total     =                  2051.06
 Operation type  = Random numbers generated
 Verification    =             UNSUCCESSFUL
 Version         =                      2.3
 Compile date    =              23 Aug 2012

 Compile options:
    CC           = gcc
    CLINK        = gcc
    C_LIB        = -lm
    C_INC        = -I../common
    CFLAGS       = -O3 
    CLINKFLAGS   = (none)
    RAND         = randdp
/***********************/ 
/* Input Configuration */ 
/***********************/ 
====> GPU Block Size: 1024 
/**********************/ 
/* Used Optimizations */ 
/**********************/ 
====> MatrixTranspose Opt is used.
====> ParallelLoopSwap Opt is used.
====> LoopCollapse Opt is used.
====> Unrolling-on-reduction Opt is used.
====> Allocate GPU variables as global ones.
====> CPU-GPU Mem Transfer Opt Level: 4
====> Cuda Malloc Opt Level: 1
====> Assume that all loops have non-zero iterations.
====> Cache shared array elements onto GPU registers.
====> local array reduction variable configuration = 1


 NAS Parallel Benchmarks 2.3 OpenMP C version - EP Benchmark
 Number of random numbers generated:    2147483648
EP Benchmark Results: 
CPU Time =     1.0369
N = 2^   30
No. Gaussian Pairs =               0
Sums =    -3.304417371749878e+00     0.000000000000000e+00
Counts:
  0               0
  1               0
  2               0
  3               0
  4               0
  5               0
  6               0
  7               0


 EP Benchmark Completed
 Class           =                        B
 Size            =                       31
 Iterations      =                        0
 Threads         =                        1
 Time in seconds =                     1.04
 Mop/s total     =                  2070.98
 Operation type  = Random numbers generated
 Verification    =             UNSUCCESSFUL
 Version         =                      2.3
 Compile date    =              23 Aug 2012

 Compile options:
    CC           = gcc
    CLINK        = gcc
    C_LIB        = -lm
    C_INC        = -I../common
    CFLAGS       = -O3 
    CLINKFLAGS   = (none)
    RAND         = randdp
/***********************/ 
/* Input Configuration */ 
/***********************/ 
====> GPU Block Size: 1024 
/**********************/ 
/* Used Optimizations */ 
/**********************/ 
====> MatrixTranspose Opt is used.
====> ParallelLoopSwap Opt is used.
====> LoopCollapse Opt is used.
====> Unrolling-on-reduction Opt is used.
====> Allocate GPU variables as global ones.
====> CPU-GPU Mem Transfer Opt Level: 4
====> Cuda Malloc Opt Level: 1
====> Assume that all loops have non-zero iterations.
====> Cache shared array elements onto GPU registers.
====> local array reduction variable configuration = 1
