

 NAS Parallel Benchmarks 2.3 OpenMP C version - SP Benchmark

 No input file inputsp.data. Using compiled defaults Size:  12x 12x 12
 Iterations: 100   dt:   0.015000
 Time step    1
 Time step   20
 Time step   40
 Time step   60
 Time step   80
 Time step  100
 Verification being performed for cclass S
 accuracy setting for epsilon =  1.0000000000000e-08
 Comparison of RMS-norms of residual
           0                -nan 2.7470315451339e-02                 nan
           1                -nan 1.0360746705285e-02                 nan
           2                -nan 1.6235745065096e-02                 nan
           3                -nan 1.5840557224456e-02                 nan
           4                -nan 3.4849040609362e-02                 nan
 Comparison of RMS-norms of solution error
           0                -nan 2.7289258557377e-05                 nan
           1                -nan 1.0364446640837e-05                 nan
           2                -nan 1.6154798287166e-05                 nan
           3                -nan 1.5750704994480e-05                 nan
           4                -nan 3.4177666183391e-05                 nan
 Verification Successful


 SP Benchmark Completed
 Class           =                        S
 Size            =               12x 12x 12
 Iterations      =                      100
 Threads         =                        1
 Time in seconds =                     1.12
 Mop/s total     =                    86.16
 Operation type  =           floating point
 Verification    =               SUCCESSFUL
 Version         =                      2.3
 Compile date    =              17 Feb 2012

 Compile options:
    CC           = gcc
    CLINK        = gcc
    C_LIB        = -lm
    C_INC        = -I../common
    CFLAGS       = -O3 
    CLINKFLAGS   = (none)
    RAND         = (none)
/***********************/ 
/* Input Configuration */ 
/***********************/ 
====> GPU Block Size: 1024 
/**********************/ 
/* Used Optimizations */ 
/**********************/ 
====> MatrixTranspose Opt is used.
====> ParallelLoopSwap Opt is used.
====> LoopCollapse Opt is used.
====> Unrolling-on-reduction Opt is used.
====> Allocate GPU variables as global ones.
====> Optimize globally allocated GPU variables .
====> CPU-GPU Mem Transfer Opt Level: 4
====> Cuda Malloc Opt Level: 1
====> Assume that all loops have non-zero iterations.
====> Cache shared scalar variables onto GPU registers.
====> Cache shared array elements onto GPU registers.
====> Cache private array variables onto GPU shared memory.
====> local array reduction variable configuration = 1


 NAS Parallel Benchmarks 2.3 OpenMP C version - SP Benchmark

 No input file inputsp.data. Using compiled defaults Size:  12x 12x 12
 Iterations: 100   dt:   0.015000
 Time step    1
 Time step   20
 Time step   40
 Time step   60
 Time step   80
 Time step  100
 Verification being performed for cclass S
 accuracy setting for epsilon =  1.0000000000000e-08
 Comparison of RMS-norms of residual
           0                -nan 2.7470315451339e-02                 nan
           1                -nan 1.0360746705285e-02                 nan
           2                -nan 1.6235745065096e-02                 nan
           3                -nan 1.5840557224456e-02                 nan
           4                -nan 3.4849040609362e-02                 nan
 Comparison of RMS-norms of solution error
           0                -nan 2.7289258557377e-05                 nan
           1                -nan 1.0364446640837e-05                 nan
           2                -nan 1.6154798287166e-05                 nan
           3                -nan 1.5750704994480e-05                 nan
           4                -nan 3.4177666183391e-05                 nan
 Verification Successful


 SP Benchmark Completed
 Class           =                        S
 Size            =               12x 12x 12
 Iterations      =                      100
 Threads         =                        1
 Time in seconds =                     1.12
 Mop/s total     =                    86.03
 Operation type  =           floating point
 Verification    =               SUCCESSFUL
 Version         =                      2.3
 Compile date    =              17 Feb 2012

 Compile options:
    CC           = gcc
    CLINK        = gcc
    C_LIB        = -lm
    C_INC        = -I../common
    CFLAGS       = -O3 
    CLINKFLAGS   = (none)
    RAND         = (none)
/***********************/ 
/* Input Configuration */ 
/***********************/ 
====> GPU Block Size: 1024 
/**********************/ 
/* Used Optimizations */ 
/**********************/ 
====> MatrixTranspose Opt is used.
====> ParallelLoopSwap Opt is used.
====> LoopCollapse Opt is used.
====> Unrolling-on-reduction Opt is used.
====> Allocate GPU variables as global ones.
====> Optimize globally allocated GPU variables .
====> CPU-GPU Mem Transfer Opt Level: 4
====> Cuda Malloc Opt Level: 1
====> Assume that all loops have non-zero iterations.
====> Cache shared scalar variables onto GPU registers.
====> Cache shared array elements onto GPU registers.
====> Cache private array variables onto GPU shared memory.
====> local array reduction variable configuration = 1


 NAS Parallel Benchmarks 2.3 OpenMP C version - SP Benchmark

 No input file inputsp.data. Using compiled defaults Size:  12x 12x 12
 Iterations: 100   dt:   0.015000
 Time step    1
 Time step   20
 Time step   40
 Time step   60
 Time step   80
 Time step  100
 Verification being performed for cclass S
 accuracy setting for epsilon =  1.0000000000000e-08
 Comparison of RMS-norms of residual
           0                -nan 2.7470315451339e-02                 nan
           1                -nan 1.0360746705285e-02                 nan
           2                -nan 1.6235745065096e-02                 nan
           3                -nan 1.5840557224456e-02                 nan
           4                -nan 3.4849040609362e-02                 nan
 Comparison of RMS-norms of solution error
           0                -nan 2.7289258557377e-05                 nan
           1                -nan 1.0364446640837e-05                 nan
           2                -nan 1.6154798287166e-05                 nan
           3                -nan 1.5750704994480e-05                 nan
           4                -nan 3.4177666183391e-05                 nan
 Verification Successful


 SP Benchmark Completed
 Class           =                        S
 Size            =               12x 12x 12
 Iterations      =                      100
 Threads         =                        1
 Time in seconds =                     1.12
 Mop/s total     =                    86.06
 Operation type  =           floating point
 Verification    =               SUCCESSFUL
 Version         =                      2.3
 Compile date    =              17 Feb 2012

 Compile options:
    CC           = gcc
    CLINK        = gcc
    C_LIB        = -lm
    C_INC        = -I../common
    CFLAGS       = -O3 
    CLINKFLAGS   = (none)
    RAND         = (none)
/***********************/ 
/* Input Configuration */ 
/***********************/ 
====> GPU Block Size: 1024 
/**********************/ 
/* Used Optimizations */ 
/**********************/ 
====> MatrixTranspose Opt is used.
====> ParallelLoopSwap Opt is used.
====> LoopCollapse Opt is used.
====> Unrolling-on-reduction Opt is used.
====> Allocate GPU variables as global ones.
====> Optimize globally allocated GPU variables .
====> CPU-GPU Mem Transfer Opt Level: 4
====> Cuda Malloc Opt Level: 1
====> Assume that all loops have non-zero iterations.
====> Cache shared scalar variables onto GPU registers.
====> Cache shared array elements onto GPU registers.
====> Cache private array variables onto GPU shared memory.
====> local array reduction variable configuration = 1


 NAS Parallel Benchmarks 2.3 OpenMP C version - SP Benchmark

 No input file inputsp.data. Using compiled defaults Size:  12x 12x 12
 Iterations: 100   dt:   0.015000
 Time step    1
 Time step   20
 Time step   40
 Time step   60
 Time step   80
 Time step  100
 Verification being performed for cclass S
 accuracy setting for epsilon =  1.0000000000000e-08
 Comparison of RMS-norms of residual
           0                -nan 2.7470315451339e-02                 nan
           1                -nan 1.0360746705285e-02                 nan
           2                -nan 1.6235745065096e-02                 nan
           3                -nan 1.5840557224456e-02                 nan
           4                -nan 3.4849040609362e-02                 nan
 Comparison of RMS-norms of solution error
           0                -nan 2.7289258557377e-05                 nan
           1                -nan 1.0364446640837e-05                 nan
           2                -nan 1.6154798287166e-05                 nan
           3                -nan 1.5750704994480e-05                 nan
           4                -nan 3.4177666183391e-05                 nan
 Verification Successful


 SP Benchmark Completed
 Class           =                        S
 Size            =               12x 12x 12
 Iterations      =                      100
 Threads         =                        1
 Time in seconds =                     1.12
 Mop/s total     =                    86.31
 Operation type  =           floating point
 Verification    =               SUCCESSFUL
 Version         =                      2.3
 Compile date    =              17 Feb 2012

 Compile options:
    CC           = gcc
    CLINK        = gcc
    C_LIB        = -lm
    C_INC        = -I../common
    CFLAGS       = -O3 
    CLINKFLAGS   = (none)
    RAND         = (none)
/***********************/ 
/* Input Configuration */ 
/***********************/ 
====> GPU Block Size: 1024 
/**********************/ 
/* Used Optimizations */ 
/**********************/ 
====> MatrixTranspose Opt is used.
====> ParallelLoopSwap Opt is used.
====> LoopCollapse Opt is used.
====> Unrolling-on-reduction Opt is used.
====> Allocate GPU variables as global ones.
====> Optimize globally allocated GPU variables .
====> CPU-GPU Mem Transfer Opt Level: 4
====> Cuda Malloc Opt Level: 1
====> Assume that all loops have non-zero iterations.
====> Cache shared scalar variables onto GPU registers.
====> Cache shared array elements onto GPU registers.
====> Cache private array variables onto GPU shared memory.
====> local array reduction variable configuration = 1


 NAS Parallel Benchmarks 2.3 OpenMP C version - SP Benchmark

 No input file inputsp.data. Using compiled defaults Size:  12x 12x 12
 Iterations: 100   dt:   0.015000
 Time step    1
 Time step   20
 Time step   40
 Time step   60
 Time step   80
 Time step  100
 Verification being performed for cclass S
 accuracy setting for epsilon =  1.0000000000000e-08
 Comparison of RMS-norms of residual
           0                -nan 2.7470315451339e-02                 nan
           1                -nan 1.0360746705285e-02                 nan
           2                -nan 1.6235745065096e-02                 nan
           3                -nan 1.5840557224456e-02                 nan
           4                -nan 3.4849040609362e-02                 nan
 Comparison of RMS-norms of solution error
           0                -nan 2.7289258557377e-05                 nan
           1                -nan 1.0364446640837e-05                 nan
           2                -nan 1.6154798287166e-05                 nan
           3                -nan 1.5750704994480e-05                 nan
           4                -nan 3.4177666183391e-05                 nan
 Verification Successful


 SP Benchmark Completed
 Class           =                        S
 Size            =               12x 12x 12
 Iterations      =                      100
 Threads         =                        1
 Time in seconds =                     1.12
 Mop/s total     =                    86.35
 Operation type  =           floating point
 Verification    =               SUCCESSFUL
 Version         =                      2.3
 Compile date    =              17 Feb 2012

 Compile options:
    CC           = gcc
    CLINK        = gcc
    C_LIB        = -lm
    C_INC        = -I../common
    CFLAGS       = -O3 
    CLINKFLAGS   = (none)
    RAND         = (none)
/***********************/ 
/* Input Configuration */ 
/***********************/ 
====> GPU Block Size: 1024 
/**********************/ 
/* Used Optimizations */ 
/**********************/ 
====> MatrixTranspose Opt is used.
====> ParallelLoopSwap Opt is used.
====> LoopCollapse Opt is used.
====> Unrolling-on-reduction Opt is used.
====> Allocate GPU variables as global ones.
====> Optimize globally allocated GPU variables .
====> CPU-GPU Mem Transfer Opt Level: 4
====> Cuda Malloc Opt Level: 1
====> Assume that all loops have non-zero iterations.
====> Cache shared scalar variables onto GPU registers.
====> Cache shared array elements onto GPU registers.
====> Cache private array variables onto GPU shared memory.
====> local array reduction variable configuration = 1


 NAS Parallel Benchmarks 2.3 OpenMP C version - SP Benchmark

 No input file inputsp.data. Using compiled defaults Size:  12x 12x 12
 Iterations: 100   dt:   0.015000
 Time step    1
 Time step   20
 Time step   40
 Time step   60
 Time step   80
 Time step  100
 Verification being performed for cclass S
 accuracy setting for epsilon =  1.0000000000000e-08
 Comparison of RMS-norms of residual
           0                -nan 2.7470315451339e-02                 nan
           1                -nan 1.0360746705285e-02                 nan
           2                -nan 1.6235745065096e-02                 nan
           3                -nan 1.5840557224456e-02                 nan
           4                -nan 3.4849040609362e-02                 nan
 Comparison of RMS-norms of solution error
           0                -nan 2.7289258557377e-05                 nan
           1                -nan 1.0364446640837e-05                 nan
           2                -nan 1.6154798287166e-05                 nan
           3                -nan 1.5750704994480e-05                 nan
           4                -nan 3.4177666183391e-05                 nan
 Verification Successful


 SP Benchmark Completed
 Class           =                        S
 Size            =               12x 12x 12
 Iterations      =                      100
 Threads         =                        1
 Time in seconds =                     1.12
 Mop/s total     =                    86.11
 Operation type  =           floating point
 Verification    =               SUCCESSFUL
 Version         =                      2.3
 Compile date    =              17 Feb 2012

 Compile options:
    CC           = gcc
    CLINK        = gcc
    C_LIB        = -lm
    C_INC        = -I../common
    CFLAGS       = -O3 
    CLINKFLAGS   = (none)
    RAND         = (none)
/***********************/ 
/* Input Configuration */ 
/***********************/ 
====> GPU Block Size: 1024 
/**********************/ 
/* Used Optimizations */ 
/**********************/ 
====> MatrixTranspose Opt is used.
====> ParallelLoopSwap Opt is used.
====> LoopCollapse Opt is used.
====> Unrolling-on-reduction Opt is used.
====> Allocate GPU variables as global ones.
====> Optimize globally allocated GPU variables .
====> CPU-GPU Mem Transfer Opt Level: 4
====> Cuda Malloc Opt Level: 1
====> Assume that all loops have non-zero iterations.
====> Cache shared scalar variables onto GPU registers.
====> Cache shared array elements onto GPU registers.
====> Cache private array variables onto GPU shared memory.
====> local array reduction variable configuration = 1


 NAS Parallel Benchmarks 2.3 OpenMP C version - SP Benchmark

 No input file inputsp.data. Using compiled defaults Size:  12x 12x 12
 Iterations: 100   dt:   0.015000
 Time step    1
 Time step   20
 Time step   40
 Time step   60
 Time step   80
 Time step  100
 Verification being performed for cclass S
 accuracy setting for epsilon =  1.0000000000000e-08
 Comparison of RMS-norms of residual
           0                -nan 2.7470315451339e-02                 nan
           1                -nan 1.0360746705285e-02                 nan
           2                -nan 1.6235745065096e-02                 nan
           3                -nan 1.5840557224456e-02                 nan
           4                -nan 3.4849040609362e-02                 nan
 Comparison of RMS-norms of solution error
           0                -nan 2.7289258557377e-05                 nan
           1                -nan 1.0364446640837e-05                 nan
           2                -nan 1.6154798287166e-05                 nan
           3                -nan 1.5750704994480e-05                 nan
           4                -nan 3.4177666183391e-05                 nan
 Verification Successful


 SP Benchmark Completed
 Class           =                        S
 Size            =               12x 12x 12
 Iterations      =                      100
 Threads         =                        1
 Time in seconds =                     1.12
 Mop/s total     =                    86.26
 Operation type  =           floating point
 Verification    =               SUCCESSFUL
 Version         =                      2.3
 Compile date    =              17 Feb 2012

 Compile options:
    CC           = gcc
    CLINK        = gcc
    C_LIB        = -lm
    C_INC        = -I../common
    CFLAGS       = -O3 
    CLINKFLAGS   = (none)
    RAND         = (none)
/***********************/ 
/* Input Configuration */ 
/***********************/ 
====> GPU Block Size: 1024 
/**********************/ 
/* Used Optimizations */ 
/**********************/ 
====> MatrixTranspose Opt is used.
====> ParallelLoopSwap Opt is used.
====> LoopCollapse Opt is used.
====> Unrolling-on-reduction Opt is used.
====> Allocate GPU variables as global ones.
====> Optimize globally allocated GPU variables .
====> CPU-GPU Mem Transfer Opt Level: 4
====> Cuda Malloc Opt Level: 1
====> Assume that all loops have non-zero iterations.
====> Cache shared scalar variables onto GPU registers.
====> Cache shared array elements onto GPU registers.
====> Cache private array variables onto GPU shared memory.
====> local array reduction variable configuration = 1


 NAS Parallel Benchmarks 2.3 OpenMP C version - SP Benchmark

 No input file inputsp.data. Using compiled defaults Size:  12x 12x 12
 Iterations: 100   dt:   0.015000
 Time step    1
 Time step   20
 Time step   40
 Time step   60
 Time step   80
 Time step  100
 Verification being performed for cclass S
 accuracy setting for epsilon =  1.0000000000000e-08
 Comparison of RMS-norms of residual
           0                -nan 2.7470315451339e-02                 nan
           1                -nan 1.0360746705285e-02                 nan
           2                -nan 1.6235745065096e-02                 nan
           3                -nan 1.5840557224456e-02                 nan
           4                -nan 3.4849040609362e-02                 nan
 Comparison of RMS-norms of solution error
           0                -nan 2.7289258557377e-05                 nan
           1                -nan 1.0364446640837e-05                 nan
           2                -nan 1.6154798287166e-05                 nan
           3                -nan 1.5750704994480e-05                 nan
           4                -nan 3.4177666183391e-05                 nan
 Verification Successful


 SP Benchmark Completed
 Class           =                        S
 Size            =               12x 12x 12
 Iterations      =                      100
 Threads         =                        1
 Time in seconds =                     1.12
 Mop/s total     =                    86.22
 Operation type  =           floating point
 Verification    =               SUCCESSFUL
 Version         =                      2.3
 Compile date    =              17 Feb 2012

 Compile options:
    CC           = gcc
    CLINK        = gcc
    C_LIB        = -lm
    C_INC        = -I../common
    CFLAGS       = -O3 
    CLINKFLAGS   = (none)
    RAND         = (none)
/***********************/ 
/* Input Configuration */ 
/***********************/ 
====> GPU Block Size: 1024 
/**********************/ 
/* Used Optimizations */ 
/**********************/ 
====> MatrixTranspose Opt is used.
====> ParallelLoopSwap Opt is used.
====> LoopCollapse Opt is used.
====> Unrolling-on-reduction Opt is used.
====> Allocate GPU variables as global ones.
====> Optimize globally allocated GPU variables .
====> CPU-GPU Mem Transfer Opt Level: 4
====> Cuda Malloc Opt Level: 1
====> Assume that all loops have non-zero iterations.
====> Cache shared scalar variables onto GPU registers.
====> Cache shared array elements onto GPU registers.
====> Cache private array variables onto GPU shared memory.
====> local array reduction variable configuration = 1


 NAS Parallel Benchmarks 2.3 OpenMP C version - SP Benchmark

 No input file inputsp.data. Using compiled defaults Size:  12x 12x 12
 Iterations: 100   dt:   0.015000
 Time step    1
 Time step   20
 Time step   40
 Time step   60
 Time step   80
 Time step  100
 Verification being performed for cclass S
 accuracy setting for epsilon =  1.0000000000000e-08
 Comparison of RMS-norms of residual
           0                -nan 2.7470315451339e-02                 nan
           1                -nan 1.0360746705285e-02                 nan
           2                -nan 1.6235745065096e-02                 nan
           3                -nan 1.5840557224456e-02                 nan
           4                -nan 3.4849040609362e-02                 nan
 Comparison of RMS-norms of solution error
           0                -nan 2.7289258557377e-05                 nan
           1                -nan 1.0364446640837e-05                 nan
           2                -nan 1.6154798287166e-05                 nan
           3                -nan 1.5750704994480e-05                 nan
           4                -nan 3.4177666183391e-05                 nan
 Verification Successful


 SP Benchmark Completed
 Class           =                        S
 Size            =               12x 12x 12
 Iterations      =                      100
 Threads         =                        1
 Time in seconds =                     1.12
 Mop/s total     =                    86.13
 Operation type  =           floating point
 Verification    =               SUCCESSFUL
 Version         =                      2.3
 Compile date    =              17 Feb 2012

 Compile options:
    CC           = gcc
    CLINK        = gcc
    C_LIB        = -lm
    C_INC        = -I../common
    CFLAGS       = -O3 
    CLINKFLAGS   = (none)
    RAND         = (none)
/***********************/ 
/* Input Configuration */ 
/***********************/ 
====> GPU Block Size: 1024 
/**********************/ 
/* Used Optimizations */ 
/**********************/ 
====> MatrixTranspose Opt is used.
====> ParallelLoopSwap Opt is used.
====> LoopCollapse Opt is used.
====> Unrolling-on-reduction Opt is used.
====> Allocate GPU variables as global ones.
====> Optimize globally allocated GPU variables .
====> CPU-GPU Mem Transfer Opt Level: 4
====> Cuda Malloc Opt Level: 1
====> Assume that all loops have non-zero iterations.
====> Cache shared scalar variables onto GPU registers.
====> Cache shared array elements onto GPU registers.
====> Cache private array variables onto GPU shared memory.
====> local array reduction variable configuration = 1


 NAS Parallel Benchmarks 2.3 OpenMP C version - SP Benchmark

 No input file inputsp.data. Using compiled defaults Size:  12x 12x 12
 Iterations: 100   dt:   0.015000
 Time step    1
 Time step   20
 Time step   40
 Time step   60
 Time step   80
 Time step  100
 Verification being performed for cclass S
 accuracy setting for epsilon =  1.0000000000000e-08
 Comparison of RMS-norms of residual
           0                -nan 2.7470315451339e-02                 nan
           1                -nan 1.0360746705285e-02                 nan
           2                -nan 1.6235745065096e-02                 nan
           3                -nan 1.5840557224456e-02                 nan
           4                -nan 3.4849040609362e-02                 nan
 Comparison of RMS-norms of solution error
           0                -nan 2.7289258557377e-05                 nan
           1                -nan 1.0364446640837e-05                 nan
           2                -nan 1.6154798287166e-05                 nan
           3                -nan 1.5750704994480e-05                 nan
           4                -nan 3.4177666183391e-05                 nan
 Verification Successful


 SP Benchmark Completed
 Class           =                        S
 Size            =               12x 12x 12
 Iterations      =                      100
 Threads         =                        1
 Time in seconds =                     1.16
 Mop/s total     =                    83.01
 Operation type  =           floating point
 Verification    =               SUCCESSFUL
 Version         =                      2.3
 Compile date    =              17 Feb 2012

 Compile options:
    CC           = gcc
    CLINK        = gcc
    C_LIB        = -lm
    C_INC        = -I../common
    CFLAGS       = -O3 
    CLINKFLAGS   = (none)
    RAND         = (none)
/***********************/ 
/* Input Configuration */ 
/***********************/ 
====> GPU Block Size: 1024 
/**********************/ 
/* Used Optimizations */ 
/**********************/ 
====> MatrixTranspose Opt is used.
====> ParallelLoopSwap Opt is used.
====> LoopCollapse Opt is used.
====> Unrolling-on-reduction Opt is used.
====> Allocate GPU variables as global ones.
====> Optimize globally allocated GPU variables .
====> CPU-GPU Mem Transfer Opt Level: 4
====> Cuda Malloc Opt Level: 1
====> Assume that all loops have non-zero iterations.
====> Cache shared scalar variables onto GPU registers.
====> Cache shared array elements onto GPU registers.
====> Cache private array variables onto GPU shared memory.
====> local array reduction variable configuration = 1
