2012-08-06 14:36:45

ep-global.A: 3 failures in 10 runs
ep-global.B: 3 failures in 10 runs
ep-global.C: 3 failures in 10 runs

----------------------------------------
2012-08-08 16:24:01

2012-08-08 23:06:24

ft-soa.B: 3 failures in 5 runs

----------------------------------------
2012-08-09 09:47:20

2012-08-09 09:58:28


----------------------------------------
2012-08-09 11:24:14

ft-soa.B: 3 failures in 5 runs

----------------------------------------
2012-08-09 11:29:46


----------------------------------------
2012-08-13 09:14:46


----------------------------------------
2012-08-13 09:14:52


----------------------------------------
2012-08-13 09:15:06


----------------------------------------
2012-08-13 10:17:22

mg-global.C: 3 failures in 5 runs

----------------------------------------
2012-08-13 10:30:09

mg-global.C: 1 failures in 5 runs

----------------------------------------
2012-08-13 10:33:51

mg-global.C: 1 failures in 5 runs

----------------------------------------
2012-08-13 10:51:09

ep-global.C: 1 failures in 5 runs

----------------------------------------
2012-08-13 10:51:23

ep-global.B: 1 failures in 5 runs
ep-global.C: 1 failures in 5 runs

----------------------------------------
2012-08-13 10:52:03


----------------------------------------
